<?xml version="1.0" encoding="UTF-8"?>
<coverage generated="1698271994546" clover="3.2.0">
  <project timestamp="1698271994546" name="All files">
    <metrics statements="879" coveredstatements="471" conditionals="493" coveredconditionals="155" methods="253" coveredmethods="88" elements="1625" coveredelements="714" complexity="0" loc="879" ncloc="879" packages="9" files="43" classes="43"/>
    <package name="src.language-server">
      <metrics statements="418" coveredstatements="230" conditionals="302" coveredconditionals="76" methods="141" coveredmethods="58"/>
      <file name="cross-model-client-logger.ts" path="C:\git\GitHub\crossmodel\extensions\crossmodel-lang\src\language-server\cross-model-client-logger.ts">
        <metrics statements="10" coveredstatements="2" conditionals="20" coveredconditionals="0" methods="5" coveredmethods="1"/>
        <line num="10" count="6" type="stmt"/>
        <line num="11" count="5" type="stmt"/>
        <line num="19" count="0" type="cond" truecount="0" falsecount="1"/>
        <line num="20" count="0" type="cond" truecount="0" falsecount="4"/>
        <line num="30" count="0" type="cond" truecount="0" falsecount="1"/>
        <line num="31" count="0" type="cond" truecount="0" falsecount="4"/>
        <line num="41" count="0" type="cond" truecount="0" falsecount="1"/>
        <line num="42" count="0" type="cond" truecount="0" falsecount="4"/>
        <line num="52" count="0" type="cond" truecount="0" falsecount="1"/>
        <line num="53" count="0" type="cond" truecount="0" falsecount="4"/>
      </file>
      <file name="cross-model-completion-provider.ts" path="C:\git\GitHub\crossmodel\extensions\crossmodel-lang\src\language-server\cross-model-completion-provider.ts">
        <metrics statements="10" coveredstatements="3" conditionals="3" coveredconditionals="0" methods="3" coveredmethods="0"/>
        <line num="4" count="6" type="stmt"/>
        <line num="7" count="6" type="stmt"/>
        <line num="12" count="6" type="stmt"/>
        <line num="15" count="0" type="cond" truecount="0" falsecount="1"/>
        <line num="16" count="0" type="stmt"/>
        <line num="24" count="0" type="stmt"/>
        <line num="25" count="0" type="stmt"/>
        <line num="26" count="0" type="stmt"/>
        <line num="28" count="0" type="stmt"/>
        <line num="35" count="0" type="cond" truecount="0" falsecount="2"/>
      </file>
      <file name="cross-model-document-builder.ts" path="C:\git\GitHub\crossmodel\extensions\crossmodel-lang\src\language-server\cross-model-document-builder.ts">
        <metrics statements="23" coveredstatements="8" conditionals="5" coveredconditionals="0" methods="11" coveredmethods="2"/>
        <line num="4" count="6" type="stmt"/>
        <line num="6" count="6" type="stmt"/>
        <line num="7" count="6" type="stmt"/>
        <line num="8" count="6" type="stmt"/>
        <line num="13" count="6" type="stmt"/>
        <line num="14" count="5" type="stmt"/>
        <line num="17" count="5" type="stmt"/>
        <line num="18" count="5" type="stmt"/>
        <line num="22" count="0" type="stmt"/>
        <line num="23" count="0" type="stmt"/>
        <line num="24" count="0" type="stmt"/>
        <line num="30" count="0" type="stmt"/>
        <line num="31" count="0" type="stmt"/>
        <line num="33" count="0" type="stmt"/>
        <line num="38" count="0" type="cond" truecount="0" falsecount="2"/>
        <line num="42" count="0" type="stmt"/>
        <line num="43" count="0" type="cond" truecount="0" falsecount="1"/>
        <line num="44" count="0" type="stmt"/>
        <line num="47" count="0" type="stmt"/>
        <line num="48" count="0" type="stmt"/>
        <line num="49" count="0" type="stmt"/>
        <line num="50" count="0" type="stmt"/>
        <line num="52" count="0" type="cond" truecount="0" falsecount="2"/>
      </file>
      <file name="cross-model-formatter.ts" path="C:\git\GitHub\crossmodel\extensions\crossmodel-lang\src\language-server\cross-model-formatter.ts">
        <metrics statements="3" coveredstatements="2" conditionals="0" coveredconditionals="0" methods="1" coveredmethods="0"/>
        <line num="4" count="6" type="stmt"/>
        <line num="6" count="6" type="stmt"/>
        <line num="8" count="0" type="stmt"/>
      </file>
      <file name="cross-model-langium-documents.ts" path="C:\git\GitHub\crossmodel\extensions\crossmodel-lang\src\language-server\cross-model-langium-documents.ts">
        <metrics statements="6" coveredstatements="4" conditionals="4" coveredconditionals="0" methods="1" coveredmethods="0"/>
        <line num="4" count="6" type="stmt"/>
        <line num="6" count="6" type="stmt"/>
        <line num="7" count="6" type="stmt"/>
        <line num="9" count="6" type="stmt"/>
        <line num="12" count="0" type="cond" truecount="0" falsecount="2"/>
        <line num="13" count="0" type="cond" truecount="0" falsecount="2"/>
      </file>
      <file name="cross-model-language-server.ts" path="C:\git\GitHub\crossmodel\extensions\crossmodel-lang\src\language-server\cross-model-language-server.ts">
        <metrics statements="6" coveredstatements="3" conditionals="0" coveredconditionals="0" methods="1" coveredmethods="0"/>
        <line num="4" count="6" type="stmt"/>
        <line num="5" count="6" type="stmt"/>
        <line num="7" count="6" type="stmt"/>
        <line num="9" count="0" type="stmt"/>
        <line num="10" count="0" type="stmt"/>
        <line num="11" count="0" type="stmt"/>
      </file>
      <file name="cross-model-module.ts" path="C:\git\GitHub\crossmodel\extensions\crossmodel-lang\src\language-server\cross-model-module.ts">
        <metrics statements="55" coveredstatements="48" conditionals="0" coveredconditionals="0" methods="24" coveredmethods="17"/>
        <line num="4" count="6" type="stmt"/>
        <line num="19" count="6" type="stmt"/>
        <line num="22" count="6" type="stmt"/>
        <line num="23" count="6" type="stmt"/>
        <line num="24" count="6" type="stmt"/>
        <line num="26" count="6" type="stmt"/>
        <line num="27" count="6" type="stmt"/>
        <line num="28" count="6" type="stmt"/>
        <line num="29" count="6" type="stmt"/>
        <line num="30" count="6" type="stmt"/>
        <line num="31" count="6" type="stmt"/>
        <line num="32" count="6" type="stmt"/>
        <line num="33" count="6" type="stmt"/>
        <line num="34" count="6" type="stmt"/>
        <line num="35" count="6" type="stmt"/>
        <line num="36" count="6" type="stmt"/>
        <line num="37" count="6" type="stmt"/>
        <line num="38" count="6" type="stmt"/>
        <line num="39" count="6" type="stmt"/>
        <line num="40" count="6" type="stmt"/>
        <line num="41" count="6" type="stmt"/>
        <line num="53" count="6" type="stmt"/>
        <line num="55" count="6" type="stmt"/>
        <line num="59" count="80" type="stmt"/>
        <line num="84" count="6" type="stmt"/>
        <line num="89" count="6" type="stmt"/>
        <line num="93" count="6" type="stmt"/>
        <line num="95" count="0" type="stmt"/>
        <line num="96" count="5" type="stmt"/>
        <line num="97" count="5" type="stmt"/>
        <line num="98" count="5" type="stmt"/>
        <line num="99" count="0" type="stmt"/>
        <line num="100" count="5" type="stmt"/>
        <line num="103" count="5" type="stmt"/>
        <line num="106" count="0" type="stmt"/>
        <line num="109" count="0" type="stmt"/>
        <line num="142" count="6" type="stmt"/>
        <line num="149" count="6" type="stmt"/>
        <line num="152" count="6" type="stmt"/>
        <line num="154" count="4" type="stmt"/>
        <line num="155" count="4" type="stmt"/>
        <line num="156" count="5" type="stmt"/>
        <line num="159" count="6" type="stmt"/>
        <line num="162" count="0" type="stmt"/>
        <line num="163" count="0" type="stmt"/>
        <line num="166" count="0" type="stmt"/>
        <line num="169" count="5" type="stmt"/>
        <line num="170" count="4" type="stmt"/>
        <line num="172" count="6" type="stmt"/>
        <line num="191" count="6" type="stmt"/>
        <line num="195" count="6" type="stmt"/>
        <line num="196" count="6" type="stmt"/>
        <line num="197" count="6" type="stmt"/>
        <line num="198" count="6" type="stmt"/>
        <line num="199" count="6" type="stmt"/>
      </file>
      <file name="cross-model-naming.ts" path="C:\git\GitHub\crossmodel\extensions\crossmodel-lang\src\language-server\cross-model-naming.ts">
        <metrics statements="20" coveredstatements="17" conditionals="23" coveredconditionals="10" methods="8" coveredmethods="6"/>
        <line num="5" count="6" type="stmt"/>
        <line num="7" count="6" type="stmt"/>
        <line num="15" count="6" type="stmt"/>
        <line num="16" count="5" type="cond" truecount="1" falsecount="0"/>
        <line num="25" count="89" type="cond" truecount="4" falsecount="0"/>
        <line num="36" count="48" type="cond" truecount="0" falsecount="1"/>
        <line num="37" count="0" type="stmt"/>
        <line num="39" count="48" type="stmt"/>
        <line num="40" count="48" type="stmt"/>
        <line num="41" count="48" type="cond" truecount="2" falsecount="0"/>
        <line num="42" count="24" type="stmt"/>
        <line num="43" count="24" type="stmt"/>
        <line num="45" count="48" type="stmt"/>
        <line num="57" count="24" type="cond" truecount="0" falsecount="9"/>
        <line num="59" count="24" type="stmt"/>
        <line num="60" count="24" type="stmt"/>
        <line num="64" count="0" type="cond" truecount="0" falsecount="2"/>
        <line num="68" count="0" type="stmt"/>
        <line num="73" count="48" type="cond" truecount="2" falsecount="0"/>
        <line num="74" count="24" type="cond" truecount="1" falsecount="1"/>
      </file>
      <file name="cross-model-package-manager.ts" path="C:\git\GitHub\crossmodel\extensions\crossmodel-lang\src\language-server\cross-model-package-manager.ts">
        <metrics statements="125" coveredstatements="30" conditionals="102" coveredconditionals="13" methods="39" coveredmethods="4"/>
        <line num="5" count="6" type="stmt"/>
        <line num="9" count="6" type="stmt"/>
        <line num="11" count="6" type="stmt"/>
        <line num="14" count="6" type="stmt"/>
        <line num="17" count="6" type="stmt"/>
        <line num="19" count="6" type="stmt"/>
        <line num="20" count="0" type="stmt"/>
        <line num="23" count="6" type="stmt"/>
        <line num="24" count="0" type="stmt"/>
        <line num="34" count="6" type="cond" truecount="0" falsecount="1"/>
        <line num="35" count="0" type="cond" truecount="0" falsecount="2"/>
        <line num="45" count="6" type="stmt"/>
        <line num="48" count="0" type="cond" truecount="0" falsecount="11"/>
        <line num="50" count="0" type="stmt"/>
        <line num="53" count="6" type="stmt"/>
        <line num="54" count="0" type="stmt"/>
        <line num="60" count="6" type="stmt"/>
        <line num="63" count="0" type="stmt"/>
        <line num="65" count="0" type="stmt"/>
        <line num="67" count="0" type="cond" truecount="0" falsecount="1"/>
        <line num="69" count="0" type="cond" truecount="0" falsecount="9"/>
        <line num="71" count="0" type="cond" truecount="0" falsecount="1"/>
        <line num="73" count="0" type="cond" truecount="0" falsecount="7"/>
        <line num="75" count="0" type="cond" truecount="0" falsecount="1"/>
        <line num="84" count="6" type="stmt"/>
        <line num="85" count="5" type="stmt"/>
        <line num="86" count="5" type="stmt"/>
        <line num="89" count="5" type="stmt"/>
        <line num="90" count="5" type="cond" truecount="1" falsecount="0"/>
        <line num="91" count="5" type="cond" truecount="1" falsecount="0"/>
        <line num="92" count="5" type="cond" truecount="1" falsecount="0"/>
        <line num="93" count="5" type="cond" truecount="1" falsecount="0"/>
        <line num="94" count="5" type="cond" truecount="1" falsecount="0"/>
        <line num="96" count="5" type="stmt"/>
        <line num="97" count="5" type="stmt"/>
        <line num="105" count="0" type="stmt"/>
        <line num="106" count="0" type="stmt"/>
        <line num="107" count="0" type="stmt"/>
        <line num="109" count="0" type="stmt"/>
        <line num="113" count="0" type="stmt"/>
        <line num="114" count="0" type="stmt"/>
        <line num="116" count="0" type="cond" truecount="0" falsecount="2"/>
        <line num="117" count="0" type="stmt"/>
        <line num="118" count="0" type="cond" truecount="0" falsecount="3"/>
        <line num="119" count="0" type="stmt"/>
        <line num="120" count="0" type="stmt"/>
        <line num="127" count="8" type="cond" truecount="5" falsecount="1"/>
        <line num="131" count="0" type="cond" truecount="0" falsecount="6"/>
        <line num="136" count="24" type="stmt"/>
        <line num="137" count="24" type="cond" truecount="3" falsecount="1"/>
        <line num="141" count="32" type="cond" truecount="0" falsecount="1"/>
        <line num="142" count="0" type="stmt"/>
        <line num="146" count="32" type="stmt"/>
        <line num="147" count="32" type="cond" truecount="0" falsecount="1"/>
        <line num="148" count="0" type="stmt"/>
        <line num="153" count="32" type="stmt"/>
        <line num="154" count="0" type="stmt"/>
        <line num="155" count="0" type="stmt"/>
        <line num="157" count="32" type="stmt"/>
        <line num="162" count="0" type="cond" truecount="0" falsecount="2"/>
        <line num="166" count="0" type="stmt"/>
        <line num="171" count="0" type="cond" truecount="0" falsecount="1"/>
        <line num="172" count="0" type="stmt"/>
        <line num="174" count="0" type="stmt"/>
        <line num="175" count="0" type="cond" truecount="0" falsecount="2"/>
        <line num="176" count="0" type="stmt"/>
        <line num="177" count="0" type="stmt"/>
        <line num="185" count="0" type="stmt"/>
        <line num="186" count="0" type="stmt"/>
        <line num="187" count="0" type="stmt"/>
        <line num="188" count="0" type="stmt"/>
        <line num="190" count="0" type="stmt"/>
        <line num="191" count="0" type="stmt"/>
        <line num="192" count="0" type="stmt"/>
        <line num="195" count="0" type="cond" truecount="0" falsecount="1"/>
        <line num="197" count="0" type="stmt"/>
        <line num="199" count="0" type="stmt"/>
        <line num="200" count="0" type="stmt"/>
        <line num="202" count="0" type="stmt"/>
        <line num="203" count="0" type="stmt"/>
        <line num="205" count="0" type="stmt"/>
        <line num="206" count="0" type="stmt"/>
        <line num="212" count="0" type="stmt"/>
        <line num="213" count="0" type="cond" truecount="0" falsecount="1"/>
        <line num="214" count="0" type="stmt"/>
        <line num="217" count="0" type="stmt"/>
        <line num="218" count="0" type="cond" truecount="0" falsecount="1"/>
        <line num="219" count="0" type="stmt"/>
        <line num="223" count="0" type="stmt"/>
        <line num="224" count="0" type="cond" truecount="0" falsecount="1"/>
        <line num="225" count="0" type="stmt"/>
        <line num="227" count="0" type="stmt"/>
        <line num="228" count="0" type="stmt"/>
        <line num="230" count="0" type="stmt"/>
        <line num="234" count="0" type="stmt"/>
        <line num="235" count="0" type="cond" truecount="0" falsecount="7"/>
        <line num="236" count="0" type="stmt"/>
        <line num="237" count="0" type="stmt"/>
        <line num="238" count="0" type="stmt"/>
        <line num="240" count="0" type="stmt"/>
        <line num="243" count="0" type="cond" truecount="0" falsecount="5"/>
        <line num="244" count="0" type="cond" truecount="0" falsecount="2"/>
        <line num="245" count="0" type="cond" truecount="0" falsecount="1"/>
        <line num="246" count="0" type="stmt"/>
        <line num="249" count="0" type="stmt"/>
        <line num="250" count="0" type="stmt"/>
        <line num="251" count="0" type="stmt"/>
        <line num="252" count="0" type="cond" truecount="0" falsecount="7"/>
        <line num="253" count="0" type="stmt"/>
        <line num="255" count="0" type="stmt"/>
        <line num="256" count="0" type="stmt"/>
        <line num="261" count="0" type="stmt"/>
        <line num="262" count="0" type="cond" truecount="0" falsecount="4"/>
        <line num="268" count="0" type="stmt"/>
        <line num="269" count="0" type="stmt"/>
        <line num="270" count="0" type="cond" truecount="0" falsecount="2"/>
        <line num="271" count="0" type="stmt"/>
        <line num="272" count="0" type="cond" truecount="0" falsecount="1"/>
        <line num="273" count="0" type="stmt"/>
        <line num="276" count="0" type="stmt"/>
        <line num="280" count="0" type="cond" truecount="0" falsecount="1"/>
        <line num="281" count="0" type="stmt"/>
        <line num="283" count="0" type="stmt"/>
        <line num="284" count="0" type="stmt"/>
        <line num="286" count="0" type="stmt"/>
      </file>
      <file name="cross-model-scope-provider.ts" path="C:\git\GitHub\crossmodel\extensions\crossmodel-lang\src\language-server\cross-model-scope-provider.ts">
        <metrics statements="15" coveredstatements="12" conditionals="5" coveredconditionals="1" methods="5" coveredmethods="2"/>
        <line num="4" count="6" type="stmt"/>
        <line num="6" count="6" type="stmt"/>
        <line num="12" count="6" type="stmt"/>
        <line num="13" count="4" type="cond" truecount="1" falsecount="0"/>
        <line num="14" count="4" type="stmt"/>
        <line num="24" count="0" type="cond" truecount="0" falsecount="2"/>
        <line num="31" count="8" type="stmt"/>
        <line num="34" count="8" type="stmt"/>
        <line num="35" count="8" type="stmt"/>
        <line num="38" count="8" type="stmt"/>
        <line num="43" count="0" type="cond" truecount="0" falsecount="2"/>
        <line num="50" count="8" type="stmt"/>
        <line num="51" count="0" type="stmt"/>
        <line num="55" count="8" type="stmt"/>
        <line num="59" count="6" type="stmt"/>
      </file>
      <file name="cross-model-scope.ts" path="C:\git\GitHub\crossmodel\extensions\crossmodel-lang\src\language-server\cross-model-scope.ts">
        <metrics statements="43" coveredstatements="42" conditionals="36" coveredconditionals="28" methods="8" coveredmethods="7"/>
        <line num="5" count="6" type="stmt"/>
        <line num="6" count="6" type="stmt"/>
        <line num="9" count="6" type="stmt"/>
        <line num="10" count="6" type="stmt"/>
        <line num="15" count="6" type="stmt"/>
        <line num="17" count="42" type="stmt"/>
        <line num="18" count="42" type="stmt"/>
        <line num="19" count="42" type="stmt"/>
        <line num="20" count="42" type="cond" truecount="1" falsecount="0"/>
        <line num="21" count="42" type="cond" truecount="1" falsecount="0"/>
        <line num="22" count="42" type="cond" truecount="1" falsecount="0"/>
        <line num="23" count="42" type="cond" truecount="1" falsecount="0"/>
        <line num="24" count="42" type="cond" truecount="1" falsecount="0"/>
        <line num="25" count="42" type="cond" truecount="1" falsecount="0"/>
        <line num="32" count="6" type="stmt"/>
        <line num="34" count="18" type="stmt"/>
        <line num="41" count="6" type="stmt"/>
        <line num="43" count="24" type="stmt"/>
        <line num="47" count="6" type="stmt"/>
        <line num="48" count="0" type="cond" truecount="0" falsecount="3"/>
        <line num="57" count="6" type="stmt"/>
        <line num="62" count="4" type="stmt"/>
        <line num="63" count="4" type="stmt"/>
        <line num="64" count="4" type="stmt"/>
        <line num="74" count="16" type="stmt"/>
        <line num="75" count="16" type="cond" truecount="3" falsecount="0"/>
        <line num="77" count="10" type="stmt"/>
        <line num="79" count="6" type="stmt"/>
        <line num="83" count="24" type="stmt"/>
        <line num="84" count="24" type="cond" truecount="6" falsecount="2"/>
        <line num="85" count="24" type="cond" truecount="6" falsecount="2"/>
        <line num="86" count="24" type="stmt"/>
        <line num="93" count="24" type="cond" truecount="1" falsecount="0"/>
        <line num="94" count="24" type="stmt"/>
        <line num="95" count="24" type="stmt"/>
        <line num="97" count="24" type="stmt"/>
        <line num="98" count="24" type="cond" truecount="3" falsecount="0"/>
        <line num="99" count="18" type="stmt"/>
        <line num="104" count="41" type="stmt"/>
        <line num="105" count="41" type="cond" truecount="1" falsecount="0"/>
        <line num="106" count="41" type="stmt"/>
        <line num="107" count="41" type="cond" truecount="1" falsecount="0"/>
        <line num="108" count="36" type="stmt"/>
      </file>
      <file name="cross-model-serializer.ts" path="C:\git\GitHub\crossmodel\extensions\crossmodel-lang\src\language-server\cross-model-serializer.ts">
        <metrics statements="50" coveredstatements="49" conditionals="25" coveredconditionals="24" methods="18" coveredmethods="18"/>
        <line num="5" count="6" type="stmt"/>
        <line num="10" count="6" type="stmt"/>
        <line num="37" count="6" type="stmt"/>
        <line num="39" count="6" type="stmt"/>
        <line num="41" count="6" type="stmt"/>
        <line num="43" count="6" type="stmt"/>
        <line num="45" count="6" type="stmt"/>
        <line num="47" count="1" type="cond" truecount="1" falsecount="0"/>
        <line num="50" count="5" type="stmt"/>
        <line num="51" count="5" type="stmt"/>
        <line num="55" count="63" type="cond" truecount="2" falsecount="0"/>
        <line num="56" count="4" type="stmt"/>
        <line num="57" count="59" type="cond" truecount="4" falsecount="0"/>
        <line num="58" count="17" type="stmt"/>
        <line num="60" count="42" type="stmt"/>
        <line num="65" count="17" type="stmt"/>
        <line num="67" count="17" type="stmt"/>
        <line num="68" count="67" type="stmt"/>
        <line num="70" count="52" type="cond" truecount="3" falsecount="0"/>
        <line num="71" count="1" type="stmt"/>
        <line num="74" count="51" type="stmt"/>
        <line num="77" count="51" type="cond" truecount="2" falsecount="0"/>
        <line num="78" count="7" type="stmt"/>
        <line num="79" count="44" type="cond" truecount="1" falsecount="0"/>
        <line num="80" count="12" type="stmt"/>
        <line num="83" count="51" type="cond" truecount="2" falsecount="0"/>
        <line num="84" count="9" type="stmt"/>
        <line num="86" count="42" type="stmt"/>
        <line num="89" count="52" type="stmt"/>
        <line num="91" count="17" type="stmt"/>
        <line num="95" count="4" type="stmt"/>
        <line num="96" count="7" type="stmt"/>
        <line num="97" count="7" type="stmt"/>
        <line num="99" count="4" type="stmt"/>
        <line num="103" count="7" type="cond" truecount="2" falsecount="1"/>
        <line num="104" count="0" type="stmt"/>
        <line num="107" count="7" type="stmt"/>
        <line num="108" count="7" type="stmt"/>
        <line num="119" count="17" type="stmt"/>
        <line num="120" count="81" type="stmt"/>
        <line num="121" count="52" type="stmt"/>
        <line num="125" count="59" type="cond" truecount="2" falsecount="0"/>
        <line num="126" count="7" type="stmt"/>
        <line num="127" count="54" type="cond" truecount="2" falsecount="0"/>
        <line num="128" count="12" type="stmt"/>
        <line num="130" count="42" type="stmt"/>
        <line num="135" count="54" type="cond" truecount="2" falsecount="0"/>
        <line num="139" count="42" type="cond" truecount="1" falsecount="0"/>
        <line num="140" count="5" type="stmt"/>
        <line num="142" count="37" type="stmt"/>
      </file>
      <file name="cross-model-validator.ts" path="C:\git\GitHub\crossmodel\extensions\crossmodel-lang\src\language-server\cross-model-validator.ts">
        <metrics statements="18" coveredstatements="6" conditionals="70" coveredconditionals="0" methods="6" coveredmethods="1"/>
        <line num="11" count="6" type="stmt"/>
        <line num="12" count="6" type="stmt"/>
        <line num="13" count="6" type="stmt"/>
        <line num="15" count="6" type="stmt"/>
        <line num="22" count="6" type="stmt"/>
        <line num="28" count="6" type="stmt"/>
        <line num="30" count="0" type="cond" truecount="0" falsecount="1"/>
        <line num="31" count="0" type="stmt"/>
        <line num="36" count="0" type="cond" truecount="0" falsecount="1"/>
        <line num="37" count="0" type="stmt"/>
        <line num="42" count="0" type="cond" truecount="0" falsecount="1"/>
        <line num="43" count="0" type="stmt"/>
        <line num="48" count="0" type="cond" truecount="0" falsecount="1"/>
        <line num="49" count="0" type="stmt"/>
        <line num="54" count="0" type="cond" truecount="0" falsecount="33"/>
        <line num="55" count="0" type="stmt"/>
        <line num="57" count="0" type="cond" truecount="0" falsecount="33"/>
        <line num="58" count="0" type="stmt"/>
      </file>
      <file name="cross-model-workspace-manager.ts" path="C:\git\GitHub\crossmodel\extensions\crossmodel-lang\src\language-server\cross-model-workspace-manager.ts">
        <metrics statements="34" coveredstatements="4" conditionals="9" coveredconditionals="0" methods="11" coveredmethods="0"/>
        <line num="4" count="6" type="stmt"/>
        <line num="5" count="6" type="stmt"/>
        <line num="6" count="6" type="stmt"/>
        <line num="15" count="6" type="stmt"/>
        <line num="16" count="0" type="stmt"/>
        <line num="18" count="0" type="cond" truecount="0" falsecount="1"/>
        <line num="19" count="0" type="stmt"/>
        <line num="20" count="0" type="stmt"/>
        <line num="21" count="0" type="stmt"/>
        <line num="22" count="0" type="stmt"/>
        <line num="23" count="0" type="cond" truecount="0" falsecount="2"/>
        <line num="28" count="0" type="stmt"/>
        <line num="35" count="0" type="stmt"/>
        <line num="36" count="0" type="stmt"/>
        <line num="37" count="0" type="stmt"/>
        <line num="38" count="0" type="stmt"/>
        <line num="39" count="0" type="cond" truecount="0" falsecount="1"/>
        <line num="40" count="0" type="stmt"/>
        <line num="46" count="0" type="stmt"/>
        <line num="47" count="0" type="stmt"/>
        <line num="49" count="0" type="stmt"/>
        <line num="50" count="0" type="stmt"/>
        <line num="54" count="0" type="stmt"/>
        <line num="57" count="0" type="stmt"/>
        <line num="65" count="0" type="stmt"/>
        <line num="70" count="0" type="stmt"/>
        <line num="71" count="0" type="cond" truecount="0" falsecount="1"/>
        <line num="72" count="0" type="stmt"/>
        <line num="74" count="0" type="cond" truecount="0" falsecount="2"/>
        <line num="76" count="0" type="stmt"/>
        <line num="77" count="0" type="cond" truecount="0" falsecount="1"/>
        <line num="78" count="0" type="stmt"/>
        <line num="79" count="0" type="stmt"/>
        <line num="81" count="0" type="stmt"/>
      </file>
    </package>
    <package name="src.language-server.generated">
      <metrics statements="50" coveredstatements="41" conditionals="15" coveredconditionals="11" methods="16" coveredmethods="9"/>
      <file name="ast.ts" path="C:\git\GitHub\crossmodel\extensions\crossmodel-lang\src\language-server\generated\ast.ts">
        <metrics statements="40" coveredstatements="31" conditionals="11" coveredconditionals="8" methods="12" coveredmethods="5"/>
        <line num="8" count="6" type="stmt"/>
        <line num="10" count="6" type="stmt"/>
        <line num="22" count="6" type="stmt"/>
        <line num="23" count="0" type="stmt"/>
        <line num="33" count="6" type="stmt"/>
        <line num="35" count="6" type="stmt"/>
        <line num="36" count="16" type="stmt"/>
        <line num="48" count="6" type="stmt"/>
        <line num="50" count="6" type="stmt"/>
        <line num="51" count="0" type="stmt"/>
        <line num="67" count="6" type="stmt"/>
        <line num="69" count="6" type="stmt"/>
        <line num="70" count="0" type="stmt"/>
        <line num="82" count="6" type="stmt"/>
        <line num="84" count="6" type="stmt"/>
        <line num="85" count="0" type="stmt"/>
        <line num="97" count="6" type="stmt"/>
        <line num="99" count="6" type="stmt"/>
        <line num="100" count="0" type="stmt"/>
        <line num="114" count="6" type="stmt"/>
        <line num="116" count="6" type="stmt"/>
        <line num="117" count="0" type="stmt"/>
        <line num="130" count="6" type="stmt"/>
        <line num="132" count="6" type="stmt"/>
        <line num="133" count="0" type="stmt"/>
        <line num="146" count="6" type="stmt"/>
        <line num="149" count="30" type="stmt"/>
        <line num="153" count="180" type="cond" truecount="1" falsecount="0"/>
        <line num="155" count="180" type="stmt"/>
        <line num="161" count="16" type="stmt"/>
        <line num="162" count="16" type="cond" truecount="4" falsecount="3"/>
        <line num="164" count="6" type="stmt"/>
        <line num="168" count="0" type="stmt"/>
        <line num="173" count="10" type="stmt"/>
        <line num="176" count="0" type="stmt"/>
        <line num="182" count="174" type="cond" truecount="3" falsecount="0"/>
        <line num="184" count="20" type="stmt"/>
        <line num="192" count="37" type="stmt"/>
        <line num="201" count="117" type="stmt"/>
        <line num="210" count="6" type="stmt"/>
      </file>
      <file name="grammar.ts" path="C:\git\GitHub\crossmodel\extensions\crossmodel-lang\src\language-server\generated\grammar.ts">
        <metrics statements="2" coveredstatements="2" conditionals="4" coveredconditionals="3" methods="1" coveredmethods="1"/>
        <line num="7" count="7" type="stmt"/>
        <line num="10" count="7" type="cond" truecount="3" falsecount="1"/>
      </file>
      <file name="module.ts" path="C:\git\GitHub\crossmodel\extensions\crossmodel-lang\src\language-server\generated\module.ts">
        <metrics statements="8" coveredstatements="8" conditionals="0" coveredconditionals="0" methods="3" coveredmethods="3"/>
        <line num="7" count="6" type="stmt"/>
        <line num="8" count="6" type="stmt"/>
        <line num="10" count="6" type="stmt"/>
        <line num="16" count="6" type="stmt"/>
        <line num="17" count="6" type="stmt"/>
        <line num="20" count="6" type="stmt"/>
        <line num="21" count="5" type="stmt"/>
        <line num="22" count="6" type="stmt"/>
      </file>
    </package>
    <package name="src.language-server.lexer">
      <metrics statements="128" coveredstatements="120" conditionals="77" coveredconditionals="65" methods="15" coveredmethods="14"/>
      <file name="cross-model-indent-stack.ts" path="C:\git\GitHub\crossmodel\extensions\crossmodel-lang\src\language-server\lexer\cross-model-indent-stack.ts">
        <metrics statements="14" coveredstatements="14" conditionals="1" coveredconditionals="1" methods="8" coveredmethods="8"/>
        <line num="4" count="9" type="stmt"/>
        <line num="5" count="9" type="stmt"/>
        <line num="15" count="9" type="stmt"/>
        <line num="22" count="8" type="stmt"/>
        <line num="30" count="74" type="stmt"/>
        <line num="37" count="59" type="stmt"/>
        <line num="45" count="64" type="stmt"/>
        <line num="53" count="14" type="stmt"/>
        <line num="62" count="614" type="stmt"/>
        <line num="64" count="614" type="cond" truecount="1" falsecount="0"/>
        <line num="65" count="1" type="stmt"/>
        <line num="68" count="613" type="stmt"/>
        <line num="77" count="14" type="stmt"/>
        <line num="81" count="9" type="stmt"/>
      </file>
      <file name="cross-model-indentation-tokens.ts" path="C:\git\GitHub\crossmodel\extensions\crossmodel-lang\src\language-server\lexer\cross-model-indentation-tokens.ts">
        <metrics statements="48" coveredstatements="47" conditionals="33" coveredconditionals="31" methods="1" coveredmethods="1"/>
        <line num="6" count="8" type="stmt"/>
        <line num="7" count="8" type="stmt"/>
        <line num="8" count="8" type="stmt"/>
        <line num="9" count="8" type="stmt"/>
        <line num="11" count="8" type="stmt"/>
        <line num="18" count="8" type="stmt"/>
        <line num="26" count="8" type="stmt"/>
        <line num="32" count="8" type="stmt"/>
        <line num="39" count="8" type="stmt"/>
        <line num="58" count="1796" type="stmt"/>
        <line num="59" count="1796" type="stmt"/>
        <line num="60" count="1796" type="stmt"/>
        <line num="61" count="1796" type="cond" truecount="2" falsecount="0"/>
        <line num="62" count="1796" type="stmt"/>
        <line num="65" count="1796" type="cond" truecount="4" falsecount="0"/>
        <line num="66" count="1796" type="cond" truecount="1" falsecount="1"/>
        <line num="70" count="1796" type="cond" truecount="6" falsecount="0"/>
        <line num="75" count="1796" type="cond" truecount="4" falsecount="0"/>
        <line num="76" count="598" type="stmt"/>
        <line num="77" count="598" type="stmt"/>
        <line num="79" count="598" type="stmt"/>
        <line num="80" count="598" type="stmt"/>
        <line num="81" count="598" type="stmt"/>
        <line num="84" count="598" type="cond" truecount="2" falsecount="0"/>
        <line num="85" count="320" type="stmt"/>
        <line num="88" count="320" type="stmt"/>
        <line num="89" count="320" type="stmt"/>
        <line num="90" count="320" type="stmt"/>
        <line num="91" count="320" type="cond" truecount="1" falsecount="0"/>
        <line num="92" count="70" type="stmt"/>
        <line num="97" count="278" type="stmt"/>
        <line num="101" count="598" type="cond" truecount="4" falsecount="0"/>
        <line num="102" count="56" type="stmt"/>
        <line num="103" count="56" type="stmt"/>
        <line num="106" count="542" type="cond" truecount="4" falsecount="0"/>
        <line num="107" count="12" type="stmt"/>
        <line num="110" count="12" type="cond" truecount="0" falsecount="1"/>
        <line num="111" count="0" type="stmt"/>
        <line num="114" count="12" type="stmt"/>
        <line num="121" count="12" type="cond" truecount="2" falsecount="0"/>
        <line num="122" count="12" type="stmt"/>
        <line num="123" count="2" type="stmt"/>
        <line num="124" count="2" type="stmt"/>
        <line num="128" count="12" type="cond" truecount="1" falsecount="0"/>
        <line num="129" count="10" type="stmt"/>
        <line num="131" count="12" type="stmt"/>
        <line num="134" count="530" type="stmt"/>
        <line num="138" count="1198" type="stmt"/>
      </file>
      <file name="cross-model-lexer-error.ts" path="C:\git\GitHub\crossmodel\extensions\crossmodel-lang\src\language-server\lexer\cross-model-lexer-error.ts">
        <metrics statements="4" coveredstatements="3" conditionals="0" coveredconditionals="0" methods="2" coveredmethods="1"/>
        <line num="4" count="9" type="stmt"/>
        <line num="6" count="0" type="stmt"/>
        <line num="10" count="9" type="stmt"/>
        <line num="12" count="1" type="stmt"/>
      </file>
      <file name="cross-model-lexer.ts" path="C:\git\GitHub\crossmodel\extensions\crossmodel-lang\src\language-server\lexer\cross-model-lexer.ts">
        <metrics statements="28" coveredstatements="22" conditionals="22" coveredconditionals="12" methods="2" coveredmethods="2"/>
        <line num="5" count="6" type="stmt"/>
        <line num="6" count="6" type="stmt"/>
        <line num="7" count="6" type="stmt"/>
        <line num="8" count="6" type="stmt"/>
        <line num="9" count="6" type="stmt"/>
        <line num="14" count="6" type="stmt"/>
        <line num="22" count="22" type="stmt"/>
        <line num="26" count="22" type="stmt"/>
        <line num="27" count="22" type="stmt"/>
        <line num="29" count="0" type="stmt"/>
        <line num="35" count="0" type="cond" truecount="0" falsecount="2"/>
        <line num="36" count="0" type="stmt"/>
        <line num="44" count="0" type="stmt"/>
        <line num="52" count="0" type="stmt"/>
        <line num="55" count="0" type="stmt"/>
        <line num="60" count="22" type="stmt"/>
        <line num="62" count="22" type="stmt"/>
        <line num="73" count="22" type="stmt"/>
        <line num="74" count="22" type="stmt"/>
        <line num="77" count="22" type="stmt"/>
        <line num="80" count="26" type="cond" truecount="1" falsecount="1"/>
        <line num="81" count="26" type="cond" truecount="1" falsecount="1"/>
        <line num="82" count="26" type="cond" truecount="1" falsecount="1"/>
        <line num="83" count="26" type="cond" truecount="1" falsecount="1"/>
        <line num="84" count="26" type="cond" truecount="4" falsecount="2"/>
        <line num="85" count="26" type="cond" truecount="4" falsecount="2"/>
        <line num="86" count="26" type="stmt"/>
        <line num="87" count="26" type="stmt"/>
      </file>
      <file name="cross-model-token-generator.ts" path="C:\git\GitHub\crossmodel\extensions\crossmodel-lang\src\language-server\lexer\cross-model-token-generator.ts">
        <metrics statements="34" coveredstatements="34" conditionals="21" coveredconditionals="21" methods="2" coveredmethods="2"/>
        <line num="5" count="7" type="stmt"/>
        <line num="8" count="7" type="stmt"/>
        <line num="14" count="7" type="stmt"/>
        <line num="27" count="10" type="stmt"/>
        <line num="29" count="10" type="stmt"/>
        <line num="30" count="10" type="stmt"/>
        <line num="31" count="10" type="stmt"/>
        <line num="32" count="10" type="stmt"/>
        <line num="33" count="10" type="stmt"/>
        <line num="35" count="10" type="stmt"/>
        <line num="36" count="286" type="cond" truecount="2" falsecount="0"/>
        <line num="37" count="9" type="stmt"/>
        <line num="38" count="277" type="cond" truecount="2" falsecount="0"/>
        <line num="39" count="9" type="stmt"/>
        <line num="40" count="268" type="cond" truecount="2" falsecount="0"/>
        <line num="41" count="9" type="stmt"/>
        <line num="42" count="259" type="cond" truecount="2" falsecount="0"/>
        <line num="43" count="9" type="stmt"/>
        <line num="45" count="250" type="stmt"/>
        <line num="49" count="10" type="cond" truecount="5" falsecount="0"/>
        <line num="50" count="1" type="stmt"/>
        <line num="53" count="9" type="stmt"/>
        <line num="54" count="9" type="stmt"/>
        <line num="56" count="9" type="stmt"/>
        <line num="70" count="66" type="cond" truecount="2" falsecount="0"/>
        <line num="71" count="9" type="stmt"/>
        <line num="72" count="57" type="cond" truecount="2" falsecount="0"/>
        <line num="73" count="9" type="stmt"/>
        <line num="74" count="48" type="cond" truecount="2" falsecount="0"/>
        <line num="75" count="9" type="stmt"/>
        <line num="76" count="39" type="cond" truecount="2" falsecount="0"/>
        <line num="77" count="9" type="stmt"/>
        <line num="79" count="30" type="stmt"/>
        <line num="82" count="66" type="stmt"/>
      </file>
    </package>
    <package name="src.language-server.util">
      <metrics statements="52" coveredstatements="21" conditionals="20" coveredconditionals="3" methods="15" coveredmethods="3"/>
      <file name="name-util.ts" path="C:\git\GitHub\crossmodel\extensions\crossmodel-lang\src\language-server\util\name-util.ts">
        <metrics statements="6" coveredstatements="6" conditionals="0" coveredconditionals="0" methods="2" coveredmethods="2"/>
        <line num="7" count="1" type="stmt"/>
        <line num="8" count="4" type="stmt"/>
        <line num="9" count="4" type="stmt"/>
        <line num="10" count="17" type="stmt"/>
        <line num="11" count="6" type="stmt"/>
        <line num="13" count="4" type="stmt"/>
      </file>
      <file name="uri-util.ts" path="C:\git\GitHub\crossmodel\extensions\crossmodel-lang\src\language-server\util\uri-util.ts">
        <metrics statements="46" coveredstatements="15" conditionals="20" coveredconditionals="3" methods="13" coveredmethods="1"/>
        <line num="4" count="6" type="stmt"/>
        <line num="5" count="6" type="stmt"/>
        <line num="6" count="6" type="stmt"/>
        <line num="8" count="6" type="cond" truecount="1" falsecount="1"/>
        <line num="10" count="6" type="cond" truecount="2" falsecount="0"/>
        <line num="16" count="6" type="stmt"/>
        <line num="17" count="0" type="stmt"/>
        <line num="18" count="0" type="cond" truecount="0" falsecount="3"/>
        <line num="29" count="6" type="stmt"/>
        <line num="30" count="0" type="cond" truecount="0" falsecount="1"/>
        <line num="31" count="0" type="stmt"/>
        <line num="33" count="0" type="stmt"/>
        <line num="34" count="0" type="stmt"/>
        <line num="35" count="0" type="cond" truecount="0" falsecount="8"/>
        <line num="45" count="6" type="stmt"/>
        <line num="46" count="0" type="cond" truecount="0" falsecount="1"/>
        <line num="47" count="0" type="stmt"/>
        <line num="49" count="0" type="stmt"/>
        <line num="50" count="0" type="stmt"/>
        <line num="51" count="0" type="stmt"/>
        <line num="52" count="0" type="stmt"/>
        <line num="53" count="0" type="stmt"/>
        <line num="54" count="0" type="stmt"/>
        <line num="55" count="0" type="stmt"/>
        <line num="56" count="0" type="stmt"/>
        <line num="58" count="0" type="stmt"/>
        <line num="67" count="6" type="stmt"/>
        <line num="68" count="0" type="stmt"/>
        <line num="77" count="6" type="stmt"/>
        <line num="78" count="0" type="stmt"/>
        <line num="87" count="6" type="stmt"/>
        <line num="88" count="0" type="stmt"/>
        <line num="89" count="0" type="stmt"/>
        <line num="91" count="0" type="stmt"/>
        <line num="101" count="6" type="stmt"/>
        <line num="102" count="0" type="stmt"/>
        <line num="103" count="0" type="stmt"/>
        <line num="105" count="0" type="stmt"/>
        <line num="115" count="6" type="stmt"/>
        <line num="116" count="0" type="stmt"/>
        <line num="126" count="6" type="stmt"/>
        <line num="127" count="0" type="cond" truecount="0" falsecount="1"/>
        <line num="128" count="0" type="stmt"/>
        <line num="130" count="0" type="cond" truecount="0" falsecount="2"/>
        <line num="139" count="6" type="stmt"/>
        <line num="140" count="0" type="stmt"/>
      </file>
    </package>
    <package name="src.model-server">
      <metrics statements="191" coveredstatements="20" conditionals="78" coveredconditionals="0" methods="63" coveredmethods="1"/>
      <file name="model-service.ts" path="C:\git\GitHub\crossmodel\extensions\crossmodel-lang\src\model-server\model-service.ts">
        <metrics statements="43" coveredstatements="5" conditionals="22" coveredconditionals="0" methods="11" coveredmethods="0"/>
        <line num="6" count="6" type="stmt"/>
        <line num="7" count="6" type="stmt"/>
        <line num="8" count="6" type="stmt"/>
        <line num="10" count="6" type="stmt"/>
        <line num="16" count="6" type="stmt"/>
        <line num="18" count="0" type="stmt"/>
        <line num="19" count="0" type="cond" truecount="0" falsecount="1"/>
        <line num="20" count="0" type="cond" truecount="0" falsecount="1"/>
        <line num="21" count="0" type="cond" truecount="0" falsecount="1"/>
        <line num="24" count="0" type="stmt"/>
        <line num="25" count="0" type="stmt"/>
        <line num="26" count="0" type="stmt"/>
        <line num="27" count="0" type="cond" truecount="0" falsecount="1"/>
        <line num="28" count="0" type="stmt"/>
        <line num="30" count="0" type="stmt"/>
        <line num="31" count="0" type="cond" truecount="0" falsecount="1"/>
        <line num="34" count="0" type="cond" truecount="0" falsecount="4"/>
        <line num="55" count="0" type="stmt"/>
        <line num="59" count="0" type="stmt"/>
        <line num="68" count="0" type="stmt"/>
        <line num="87" count="0" type="stmt"/>
        <line num="88" count="0" type="stmt"/>
        <line num="89" count="0" type="cond" truecount="0" falsecount="4"/>
        <line num="90" count="0" type="cond" truecount="0" falsecount="2"/>
        <line num="103" count="0" type="stmt"/>
        <line num="104" count="0" type="stmt"/>
        <line num="105" count="0" type="stmt"/>
        <line num="106" count="0" type="cond" truecount="0" falsecount="1"/>
        <line num="107" count="0" type="stmt"/>
        <line num="109" count="0" type="stmt"/>
        <line num="110" count="0" type="cond" truecount="0" falsecount="2"/>
        <line num="111" count="0" type="cond" truecount="0" falsecount="1"/>
        <line num="112" count="0" type="stmt"/>
        <line num="114" count="0" type="stmt"/>
        <line num="115" count="0" type="stmt"/>
        <line num="119" count="0" type="stmt"/>
        <line num="123" count="0" type="stmt"/>
        <line num="134" count="0" type="cond" truecount="0" falsecount="1"/>
        <line num="135" count="0" type="stmt"/>
        <line num="138" count="0" type="cond" truecount="0" falsecount="2"/>
        <line num="139" count="0" type="stmt"/>
        <line num="149" count="0" type="stmt"/>
        <line num="150" count="0" type="stmt"/>
      </file>
      <file name="open-text-document-manager.ts" path="C:\git\GitHub\crossmodel\extensions\crossmodel-lang\src\model-server\open-text-document-manager.ts">
        <metrics statements="47" coveredstatements="6" conditionals="14" coveredconditionals="0" methods="20" coveredmethods="0"/>
        <line num="6" count="6" type="stmt"/>
        <line num="7" count="6" type="stmt"/>
        <line num="17" count="6" type="stmt"/>
        <line num="19" count="6" type="stmt"/>
        <line num="20" count="6" type="stmt"/>
        <line num="29" count="6" type="stmt"/>
        <line num="36" count="0" type="stmt"/>
        <line num="37" count="0" type="stmt"/>
        <line num="38" count="0" type="stmt"/>
        <line num="39" count="0" type="stmt"/>
        <line num="41" count="0" type="stmt"/>
        <line num="42" count="0" type="stmt"/>
        <line num="44" count="0" type="stmt"/>
        <line num="56" count="0" type="stmt"/>
        <line num="57" count="0" type="stmt"/>
        <line num="60" count="0" type="cond" truecount="0" falsecount="4"/>
        <line num="61" count="0" type="stmt"/>
        <line num="62" count="0" type="stmt"/>
        <line num="63" count="0" type="stmt"/>
        <line num="66" count="0" type="stmt"/>
        <line num="71" count="0" type="stmt"/>
        <line num="72" count="0" type="stmt"/>
        <line num="73" count="0" type="cond" truecount="0" falsecount="1"/>
        <line num="74" count="0" type="stmt"/>
        <line num="75" count="0" type="stmt"/>
        <line num="85" count="0" type="stmt"/>
        <line num="86" count="0" type="cond" truecount="0" falsecount="1"/>
        <line num="87" count="0" type="stmt"/>
        <line num="89" count="0" type="stmt"/>
        <line num="91" count="0" type="stmt"/>
        <line num="92" count="0" type="stmt"/>
        <line num="98" count="0" type="cond" truecount="0" falsecount="2"/>
        <line num="101" count="0" type="stmt"/>
        <line num="105" count="0" type="stmt"/>
        <line num="109" count="0" type="cond" truecount="0" falsecount="1"/>
        <line num="110" count="0" type="stmt"/>
        <line num="112" count="0" type="stmt"/>
        <line num="122" count="0" type="stmt"/>
        <line num="123" count="0" type="stmt"/>
        <line num="124" count="0" type="stmt"/>
        <line num="128" count="0" type="cond" truecount="0" falsecount="2"/>
        <line num="132" count="0" type="stmt"/>
        <line num="136" count="0" type="stmt"/>
        <line num="143" count="0" type="stmt"/>
        <line num="144" count="0" type="stmt"/>
        <line num="145" count="0" type="stmt"/>
        <line num="149" count="0" type="stmt"/>
      </file>
      <file name="openable-text-documents.ts" path="C:\git\GitHub\crossmodel\extensions\crossmodel-lang\src\model-server\openable-text-documents.ts">
        <metrics statements="101" coveredstatements="9" conditionals="42" coveredconditionals="0" methods="32" coveredmethods="1"/>
        <line num="6" count="6" type="stmt"/>
        <line num="7" count="6" type="stmt"/>
        <line num="27" count="6" type="stmt"/>
        <line num="30" count="6" type="stmt"/>
        <line num="39" count="6" type="stmt"/>
        <line num="40" count="5" type="stmt"/>
        <line num="41" count="5" type="stmt"/>
        <line num="43" count="5" type="stmt"/>
        <line num="44" count="5" type="stmt"/>
        <line num="48" count="0" type="stmt"/>
        <line num="52" count="0" type="stmt"/>
        <line num="56" count="0" type="stmt"/>
        <line num="60" count="0" type="stmt"/>
        <line num="64" count="0" type="stmt"/>
        <line num="68" count="0" type="stmt"/>
        <line num="72" count="0" type="stmt"/>
        <line num="76" count="0" type="stmt"/>
        <line num="80" count="0" type="stmt"/>
        <line num="84" count="0" type="stmt"/>
        <line num="88" count="0" type="stmt"/>
        <line num="92" count="0" type="stmt"/>
        <line num="93" count="0" type="stmt"/>
        <line num="94" count="0" type="stmt"/>
        <line num="96" count="0" type="stmt"/>
        <line num="99" count="0" type="stmt"/>
        <line num="101" count="0" type="stmt"/>
        <line num="104" count="0" type="stmt"/>
        <line num="106" count="0" type="stmt"/>
        <line num="109" count="0" type="stmt"/>
        <line num="111" count="0" type="stmt"/>
        <line num="114" count="0" type="stmt"/>
        <line num="116" count="0" type="stmt"/>
        <line num="119" count="0" type="stmt"/>
        <line num="121" count="0" type="stmt"/>
        <line num="124" count="0" type="stmt"/>
        <line num="125" count="0" type="stmt"/>
        <line num="130" count="0" type="stmt"/>
        <line num="131" count="0" type="stmt"/>
        <line num="132" count="0" type="cond" truecount="0" falsecount="1"/>
        <line num="133" count="0" type="stmt"/>
        <line num="136" count="0" type="stmt"/>
        <line num="138" count="0" type="cond" truecount="0" falsecount="3"/>
        <line num="139" count="0" type="stmt"/>
        <line num="142" count="0" type="stmt"/>
        <line num="143" count="0" type="cond" truecount="0" falsecount="1"/>
        <line num="144" count="0" type="cond" truecount="0" falsecount="1"/>
        <line num="145" count="0" type="stmt"/>
        <line num="146" count="0" type="stmt"/>
        <line num="148" count="0" type="stmt"/>
        <line num="149" count="0" type="stmt"/>
        <line num="150" count="0" type="cond" truecount="0" falsecount="2"/>
        <line num="151" count="0" type="stmt"/>
        <line num="152" count="0" type="stmt"/>
        <line num="153" count="0" type="stmt"/>
        <line num="154" count="0" type="stmt"/>
        <line num="159" count="0" type="cond" truecount="0" falsecount="1"/>
        <line num="160" count="0" type="stmt"/>
        <line num="162" count="0" type="cond" truecount="0" falsecount="4"/>
        <line num="163" count="0" type="stmt"/>
        <line num="164" count="0" type="cond" truecount="0" falsecount="1"/>
        <line num="165" count="0" type="stmt"/>
        <line num="166" count="0" type="stmt"/>
        <line num="168" count="0" type="cond" truecount="0" falsecount="5"/>
        <line num="170" count="0" type="stmt"/>
        <line num="171" count="0" type="stmt"/>
        <line num="172" count="0" type="stmt"/>
        <line num="178" count="0" type="stmt"/>
        <line num="179" count="0" type="cond" truecount="0" falsecount="1"/>
        <line num="180" count="0" type="stmt"/>
        <line num="188" count="0" type="stmt"/>
        <line num="189" count="0" type="cond" truecount="0" falsecount="4"/>
        <line num="190" count="0" type="stmt"/>
        <line num="192" count="0" type="stmt"/>
        <line num="197" count="0" type="stmt"/>
        <line num="198" count="0" type="cond" truecount="0" falsecount="1"/>
        <line num="199" count="0" type="stmt"/>
        <line num="200" count="0" type="stmt"/>
        <line num="205" count="0" type="cond" truecount="0" falsecount="1"/>
        <line num="206" count="0" type="stmt"/>
        <line num="208" count="0" type="stmt"/>
        <line num="209" count="0" type="stmt"/>
        <line num="210" count="0" type="cond" truecount="0" falsecount="2"/>
        <line num="211" count="0" type="stmt"/>
        <line num="212" count="0" type="stmt"/>
        <line num="213" count="0" type="cond" truecount="0" falsecount="2"/>
        <line num="215" count="0" type="stmt"/>
        <line num="216" count="0" type="stmt"/>
        <line num="217" count="0" type="stmt"/>
        <line num="218" count="0" type="stmt"/>
        <line num="219" count="0" type="stmt"/>
        <line num="220" count="0" type="stmt"/>
        <line num="221" count="0" type="stmt"/>
        <line num="224" count="0" type="stmt"/>
        <line num="225" count="0" type="stmt"/>
        <line num="226" count="0" type="stmt"/>
        <line num="231" count="0" type="cond" truecount="0" falsecount="4"/>
        <line num="235" count="0" type="stmt"/>
        <line num="239" count="0" type="cond" truecount="0" falsecount="4"/>
        <line num="243" count="0" type="stmt"/>
        <line num="247" count="0" type="stmt"/>
        <line num="248" count="0" type="stmt"/>
      </file>
    </package>
    <package name="test.language-server.test-utils">
      <metrics statements="16" coveredstatements="15" conditionals="1" coveredconditionals="0" methods="3" coveredmethods="3"/>
      <file name="utils.ts" path="C:\git\GitHub\crossmodel\extensions\crossmodel-lang\test\language-server\test-utils\utils.ts">
        <metrics statements="16" coveredstatements="15" conditionals="1" coveredconditionals="0" methods="3" coveredmethods="3"/>
        <line num="5" count="4" type="stmt"/>
        <line num="7" count="4" type="stmt"/>
        <line num="8" count="16" type="stmt"/>
        <line num="9" count="16" type="cond" truecount="0" falsecount="1"/>
        <line num="10" count="0" type="stmt"/>
        <line num="12" count="16" type="stmt"/>
        <line num="15" count="4" type="stmt"/>
        <line num="16" count="16" type="stmt"/>
        <line num="17" count="16" type="stmt"/>
        <line num="18" count="16" type="stmt"/>
        <line num="19" count="16" type="stmt"/>
        <line num="20" count="16" type="stmt"/>
        <line num="21" count="16" type="stmt"/>
        <line num="22" count="16" type="stmt"/>
        <line num="23" count="16" type="stmt"/>
        <line num="24" count="16" type="stmt"/>
      </file>
    </package>
    <package name="test.language-server.test-utils.test-documents.diagram">
      <metrics statements="12" coveredstatements="12" conditionals="0" coveredconditionals="0" methods="0" coveredmethods="0"/>
      <file name="diagram1.ts" path="C:\git\GitHub\crossmodel\extensions\crossmodel-lang\test\language-server\test-utils\test-documents\diagram\diagram1.ts">
        <metrics statements="1" coveredstatements="1" conditionals="0" coveredconditionals="0" methods="0" coveredmethods="0"/>
        <line num="4" count="1" type="stmt"/>
      </file>
      <file name="diagram2.ts" path="C:\git\GitHub\crossmodel\extensions\crossmodel-lang\test\language-server\test-utils\test-documents\diagram\diagram2.ts">
        <metrics statements="1" coveredstatements="1" conditionals="0" coveredconditionals="0" methods="0" coveredmethods="0"/>
        <line num="4" count="1" type="stmt"/>
      </file>
      <file name="diagram3.ts" path="C:\git\GitHub\crossmodel\extensions\crossmodel-lang\test\language-server\test-utils\test-documents\diagram\diagram3.ts">
        <metrics statements="1" coveredstatements="1" conditionals="0" coveredconditionals="0" methods="0" coveredmethods="0"/>
        <line num="4" count="1" type="stmt"/>
      </file>
      <file name="diagram4.ts" path="C:\git\GitHub\crossmodel\extensions\crossmodel-lang\test\language-server\test-utils\test-documents\diagram\diagram4.ts">
        <metrics statements="1" coveredstatements="1" conditionals="0" coveredconditionals="0" methods="0" coveredmethods="0"/>
        <line num="4" count="1" type="stmt"/>
      </file>
      <file name="diagram5.ts" path="C:\git\GitHub\crossmodel\extensions\crossmodel-lang\test\language-server\test-utils\test-documents\diagram\diagram5.ts">
        <metrics statements="1" coveredstatements="1" conditionals="0" coveredconditionals="0" methods="0" coveredmethods="0"/>
        <line num="4" count="1" type="stmt"/>
      </file>
      <file name="diagram6.ts" path="C:\git\GitHub\crossmodel\extensions\crossmodel-lang\test\language-server\test-utils\test-documents\diagram\diagram6.ts">
        <metrics statements="1" coveredstatements="1" conditionals="0" coveredconditionals="0" methods="0" coveredmethods="0"/>
        <line num="4" count="1" type="stmt"/>
      </file>
      <file name="index.ts" path="C:\git\GitHub\crossmodel\extensions\crossmodel-lang\test\language-server\test-utils\test-documents\diagram\index.ts">
        <metrics statements="6" coveredstatements="6" conditionals="0" coveredconditionals="0" methods="0" coveredmethods="0"/>
        <line num="4" count="1" type="stmt"/>
        <line num="5" count="1" type="stmt"/>
        <line num="6" count="1" type="stmt"/>
        <line num="7" count="1" type="stmt"/>
        <line num="8" count="1" type="stmt"/>
        <line num="9" count="1" type="stmt"/>
      </file>
    </package>
    <package name="test.language-server.test-utils.test-documents.entity">
      <metrics statements="8" coveredstatements="8" conditionals="0" coveredconditionals="0" methods="0" coveredmethods="0"/>
      <file name="entity1.ts" path="C:\git\GitHub\crossmodel\extensions\crossmodel-lang\test\language-server\test-utils\test-documents\entity\entity1.ts">
        <metrics statements="1" coveredstatements="1" conditionals="0" coveredconditionals="0" methods="0" coveredmethods="0"/>
        <line num="4" count="1" type="stmt"/>
      </file>
      <file name="entity2.ts" path="C:\git\GitHub\crossmodel\extensions\crossmodel-lang\test\language-server\test-utils\test-documents\entity\entity2.ts">
        <metrics statements="1" coveredstatements="1" conditionals="0" coveredconditionals="0" methods="0" coveredmethods="0"/>
        <line num="4" count="1" type="stmt"/>
      </file>
      <file name="entity3.ts" path="C:\git\GitHub\crossmodel\extensions\crossmodel-lang\test\language-server\test-utils\test-documents\entity\entity3.ts">
        <metrics statements="1" coveredstatements="1" conditionals="0" coveredconditionals="0" methods="0" coveredmethods="0"/>
        <line num="4" count="1" type="stmt"/>
      </file>
      <file name="entity4.ts" path="C:\git\GitHub\crossmodel\extensions\crossmodel-lang\test\language-server\test-utils\test-documents\entity\entity4.ts">
        <metrics statements="1" coveredstatements="1" conditionals="0" coveredconditionals="0" methods="0" coveredmethods="0"/>
        <line num="4" count="1" type="stmt"/>
      </file>
      <file name="index.ts" path="C:\git\GitHub\crossmodel\extensions\crossmodel-lang\test\language-server\test-utils\test-documents\entity\index.ts">
        <metrics statements="4" coveredstatements="4" conditionals="0" coveredconditionals="0" methods="0" coveredmethods="0"/>
        <line num="4" count="1" type="stmt"/>
        <line num="5" count="1" type="stmt"/>
        <line num="6" count="1" type="stmt"/>
        <line num="7" count="1" type="stmt"/>
      </file>
    </package>
    <package name="test.language-server.test-utils.test-documents.relationship">
      <metrics statements="4" coveredstatements="4" conditionals="0" coveredconditionals="0" methods="0" coveredmethods="0"/>
      <file name="index.ts" path="C:\git\GitHub\crossmodel\extensions\crossmodel-lang\test\language-server\test-utils\test-documents\relationship\index.ts">
        <metrics statements="2" coveredstatements="2" conditionals="0" coveredconditionals="0" methods="0" coveredmethods="0"/>
        <line num="4" count="1" type="stmt"/>
        <line num="5" count="1" type="stmt"/>
      </file>
      <file name="relationship1.ts" path="C:\git\GitHub\crossmodel\extensions\crossmodel-lang\test\language-server\test-utils\test-documents\relationship\relationship1.ts">
        <metrics statements="1" coveredstatements="1" conditionals="0" coveredconditionals="0" methods="0" coveredmethods="0"/>
        <line num="4" count="1" type="stmt"/>
      </file>
      <file name="relationship2.ts" path="C:\git\GitHub\crossmodel\extensions\crossmodel-lang\test\language-server\test-utils\test-documents\relationship\relationship2.ts">
        <metrics statements="1" coveredstatements="1" conditionals="0" coveredconditionals="0" methods="0" coveredmethods="0"/>
        <line num="4" count="1" type="stmt"/>
      </file>
    </package>
  </project>
</coverage>
