{"C:\\git\\GitHub\\crossmodel\\extensions\\crossmodel-lang\\src\\language-server\\cross-model-client-logger.ts": {"path":"C:\\git\\GitHub\\crossmodel\\extensions\\crossmodel-lang\\src\\language-server\\cross-model-client-logger.ts","statementMap":{"0":{"start":{"line":11,"column":25},"end":{"line":11,"column":59}},"1":{"start":{"line":19,"column":6},"end":{"line":21,"column":null}},"2":{"start":{"line":20,"column":9},"end":{"line":20,"column":62}},"3":{"start":{"line":30,"column":6},"end":{"line":32,"column":null}},"4":{"start":{"line":31,"column":9},"end":{"line":31,"column":61}},"5":{"start":{"line":41,"column":6},"end":{"line":43,"column":null}},"6":{"start":{"line":42,"column":9},"end":{"line":42,"column":61}},"7":{"start":{"line":52,"column":6},"end":{"line":54,"column":null}},"8":{"start":{"line":53,"column":9},"end":{"line":53,"column":60}},"9":{"start":{"line":10,"column":0},"end":{"line":10,"column":13}}},"fnMap":{"0":{"name":"(anonymous_0)","decl":{"start":{"line":11,"column":3},"end":{"line":11,"column":25}},"loc":{"start":{"line":11,"column":59},"end":{"line":11,"column":63}}},"1":{"name":"(anonymous_1)","decl":{"start":{"line":18,"column":3},"end":{"line":18,"column":8}},"loc":{"start":{"line":18,"column":25},"end":{"line":22,"column":4}}},"2":{"name":"(anonymous_2)","decl":{"start":{"line":29,"column":3},"end":{"line":29,"column":7}},"loc":{"start":{"line":29,"column":24},"end":{"line":33,"column":4}}},"3":{"name":"(anonymous_3)","decl":{"start":{"line":40,"column":3},"end":{"line":40,"column":7}},"loc":{"start":{"line":40,"column":24},"end":{"line":44,"column":4}}},"4":{"name":"(anonymous_4)","decl":{"start":{"line":51,"column":3},"end":{"line":51,"column":6}},"loc":{"start":{"line":51,"column":23},"end":{"line":55,"column":4}}}},"branchMap":{"0":{"loc":{"start":{"line":19,"column":6},"end":{"line":21,"column":null}},"type":"if","locations":[{"start":{"line":19,"column":6},"end":{"line":21,"column":null}}]},"1":{"loc":{"start":{"line":20,"column":9},"end":{"line":20,"column":61}},"type":"cond-expr","locations":[{"start":{"line":20,"column":37},"end":{"line":20,"column":39}},{"start":{"line":20,"column":37},"end":{"line":20,"column":61}}]},"2":{"loc":{"start":{"line":20,"column":9},"end":{"line":20,"column":39}},"type":"binary-expr","locations":[{"start":{"line":20,"column":9},"end":{"line":20,"column":39}},{"start":{"line":20,"column":37},"end":{"line":20,"column":39}}]},"3":{"loc":{"start":{"line":30,"column":6},"end":{"line":32,"column":null}},"type":"if","locations":[{"start":{"line":30,"column":6},"end":{"line":32,"column":null}}]},"4":{"loc":{"start":{"line":31,"column":9},"end":{"line":31,"column":60}},"type":"cond-expr","locations":[{"start":{"line":31,"column":37},"end":{"line":31,"column":39}},{"start":{"line":31,"column":37},"end":{"line":31,"column":60}}]},"5":{"loc":{"start":{"line":31,"column":9},"end":{"line":31,"column":39}},"type":"binary-expr","locations":[{"start":{"line":31,"column":9},"end":{"line":31,"column":39}},{"start":{"line":31,"column":37},"end":{"line":31,"column":39}}]},"6":{"loc":{"start":{"line":41,"column":6},"end":{"line":43,"column":null}},"type":"if","locations":[{"start":{"line":41,"column":6},"end":{"line":43,"column":null}}]},"7":{"loc":{"start":{"line":42,"column":9},"end":{"line":42,"column":60}},"type":"cond-expr","locations":[{"start":{"line":42,"column":37},"end":{"line":42,"column":39}},{"start":{"line":42,"column":37},"end":{"line":42,"column":60}}]},"8":{"loc":{"start":{"line":42,"column":9},"end":{"line":42,"column":39}},"type":"binary-expr","locations":[{"start":{"line":42,"column":9},"end":{"line":42,"column":39}},{"start":{"line":42,"column":37},"end":{"line":42,"column":39}}]},"9":{"loc":{"start":{"line":52,"column":6},"end":{"line":54,"column":null}},"type":"if","locations":[{"start":{"line":52,"column":6},"end":{"line":54,"column":null}}]},"10":{"loc":{"start":{"line":53,"column":9},"end":{"line":53,"column":59}},"type":"cond-expr","locations":[{"start":{"line":53,"column":37},"end":{"line":53,"column":39}},{"start":{"line":53,"column":37},"end":{"line":53,"column":59}}]},"11":{"loc":{"start":{"line":53,"column":9},"end":{"line":53,"column":39}},"type":"binary-expr","locations":[{"start":{"line":53,"column":9},"end":{"line":53,"column":39}},{"start":{"line":53,"column":37},"end":{"line":53,"column":39}}]}},"s":{"0":5,"1":0,"2":0,"3":0,"4":0,"5":0,"6":0,"7":0,"8":0,"9":6},"f":{"0":5,"1":0,"2":0,"3":0,"4":0},"b":{"0":[0],"1":[0,0],"2":[0,0],"3":[0],"4":[0,0],"5":[0,0],"6":[0],"7":[0,0],"8":[0,0],"9":[0],"10":[0,0],"11":[0,0]}}
,"C:\\git\\GitHub\\crossmodel\\extensions\\crossmodel-lang\\src\\language-server\\cross-model-completion-provider.ts": {"path":"C:\\git\\GitHub\\crossmodel\\extensions\\crossmodel-lang\\src\\language-server\\cross-model-completion-provider.ts","statementMap":{"0":{"start":{"line":4,"column":0},"end":{"line":4,"column":138}},"1":{"start":{"line":7,"column":0},"end":{"line":7,"column":75}},"2":{"start":{"line":16,"column":6},"end":{"line":16,"column":22}},"3":{"start":{"line":15,"column":55},"end":{"line":15,"column":72}},"4":{"start":{"line":24,"column":6},"end":{"line":24,"column":84}},"5":{"start":{"line":25,"column":6},"end":{"line":29,"column":null}},"6":{"start":{"line":26,"column":9},"end":{"line":26,"column":72}},"7":{"start":{"line":28,"column":9},"end":{"line":28,"column":36}},"8":{"start":{"line":35,"column":6},"end":{"line":35,"column":123}},"9":{"start":{"line":12,"column":0},"end":{"line":12,"column":13}}},"fnMap":{"0":{"name":"(anonymous_0)","decl":{"start":{"line":15,"column":3},"end":{"line":15,"column":15}},"loc":{"start":{"line":15,"column":112},"end":{"line":17,"column":4}}},"1":{"name":"(anonymous_1)","decl":{"start":{"line":19,"column":22},"end":{"line":19,"column":49}},"loc":{"start":{"line":22,"column":34},"end":{"line":30,"column":4}}},"2":{"name":"(anonymous_2)","decl":{"start":{"line":32,"column":22},"end":{"line":32,"column":42}},"loc":{"start":{"line":32,"column":74},"end":{"line":36,"column":4}}}},"branchMap":{"0":{"loc":{"start":{"line":15,"column":55},"end":{"line":15,"column":112}},"type":"default-arg","locations":[{"start":{"line":15,"column":72},"end":{"line":15,"column":112}}]},"1":{"loc":{"start":{"line":35,"column":13},"end":{"line":35,"column":122}},"type":"binary-expr","locations":[{"start":{"line":35,"column":13},"end":{"line":35,"column":79}},{"start":{"line":35,"column":83},"end":{"line":35,"column":122}}]}},"s":{"0":6,"1":6,"2":0,"3":0,"4":0,"5":0,"6":0,"7":0,"8":0,"9":6},"f":{"0":0,"1":0,"2":0},"b":{"0":[0],"1":[0,0]}}
,"C:\\git\\GitHub\\crossmodel\\extensions\\crossmodel-lang\\src\\language-server\\cross-model-document-builder.ts": {"path":"C:\\git\\GitHub\\crossmodel\\extensions\\crossmodel-lang\\src\\language-server\\cross-model-document-builder.ts","statementMap":{"0":{"start":{"line":4,"column":0},"end":{"line":4,"column":72}},"1":{"start":{"line":6,"column":0},"end":{"line":6,"column":52}},"2":{"start":{"line":7,"column":0},"end":{"line":7,"column":61}},"3":{"start":{"line":8,"column":0},"end":{"line":8,"column":40}},"4":{"start":{"line":17,"column":8},"end":{"line":17,"column":24}},"5":{"start":{"line":14,"column":14},"end":{"line":14,"column":52}},"6":{"start":{"line":18,"column":8},"end":{"line":18,"column":123}},"7":{"start":{"line":18,"column":82},"end":{"line":18,"column":121}},"8":{"start":{"line":22,"column":8},"end":{"line":26,"column":10}},"9":{"start":{"line":23,"column":35},"end":{"line":23,"column":63}},"10":{"start":{"line":24,"column":35},"end":{"line":24,"column":63}},"11":{"start":{"line":30,"column":8},"end":{"line":34,"column":null}},"12":{"start":{"line":31,"column":12},"end":{"line":31,"column":110}},"13":{"start":{"line":31,"column":82},"end":{"line":31,"column":108}},"14":{"start":{"line":33,"column":12},"end":{"line":33,"column":25}},"15":{"start":{"line":38,"column":8},"end":{"line":38,"column":96}},"16":{"start":{"line":42,"column":20},"end":{"line":42,"column":41}},"17":{"start":{"line":43,"column":8},"end":{"line":45,"column":null}},"18":{"start":{"line":44,"column":12},"end":{"line":44,"column":25}},"19":{"start":{"line":47,"column":24},"end":{"line":47,"column":38}},"20":{"start":{"line":48,"column":33},"end":{"line":51,"column":22}},"21":{"start":{"line":49,"column":27},"end":{"line":49,"column":59}},"22":{"start":{"line":50,"column":24},"end":{"line":50,"column":31}},"23":{"start":{"line":52,"column":8},"end":{"line":52,"column":41}},"24":{"start":{"line":13,"column":0},"end":{"line":13,"column":13}}},"fnMap":{"0":{"name":"(anonymous_0)","decl":{"start":{"line":16,"column":4},"end":{"line":16,"column":16}},"loc":{"start":{"line":16,"column":47},"end":{"line":19,"column":5}}},"1":{"name":"(anonymous_1)","decl":{"start":{"line":18,"column":71},"end":{"line":18,"column":78}},"loc":{"start":{"line":18,"column":82},"end":{"line":18,"column":121}}},"2":{"name":"(anonymous_2)","decl":{"start":{"line":21,"column":13},"end":{"line":21,"column":19}},"loc":{"start":{"line":21,"column":95},"end":{"line":27,"column":5}}},"3":{"name":"(anonymous_3)","decl":{"start":{"line":23,"column":28},"end":{"line":23,"column":31}},"loc":{"start":{"line":23,"column":35},"end":{"line":23,"column":63}}},"4":{"name":"(anonymous_4)","decl":{"start":{"line":24,"column":28},"end":{"line":24,"column":31}},"loc":{"start":{"line":24,"column":35},"end":{"line":24,"column":63}}},"5":{"name":"(anonymous_5)","decl":{"start":{"line":29,"column":14},"end":{"line":29,"column":32}},"loc":{"start":{"line":29,"column":41},"end":{"line":35,"column":5}}},"6":{"name":"(anonymous_6)","decl":{"start":{"line":31,"column":73},"end":{"line":31,"column":78}},"loc":{"start":{"line":31,"column":82},"end":{"line":31,"column":108}}},"7":{"name":"(anonymous_7)","decl":{"start":{"line":37,"column":14},"end":{"line":37,"column":28}},"loc":{"start":{"line":37,"column":37},"end":{"line":39,"column":5}}},"8":{"name":"(anonymous_8)","decl":{"start":{"line":41,"column":14},"end":{"line":41,"column":32}},"loc":{"start":{"line":41,"column":41},"end":{"line":53,"column":5}}},"9":{"name":"(anonymous_9)","decl":{"start":{"line":49,"column":20},"end":{"line":49,"column":23}},"loc":{"start":{"line":49,"column":27},"end":{"line":49,"column":59}}},"10":{"name":"(anonymous_10)","decl":{"start":{"line":50,"column":17},"end":{"line":50,"column":20}},"loc":{"start":{"line":50,"column":24},"end":{"line":50,"column":31}}}},"branchMap":{"0":{"loc":{"start":{"line":38,"column":15},"end":{"line":38,"column":95}},"type":"binary-expr","locations":[{"start":{"line":38,"column":15},"end":{"line":38,"column":74}},{"start":{"line":38,"column":78},"end":{"line":38,"column":95}}]},"1":{"loc":{"start":{"line":43,"column":8},"end":{"line":45,"column":null}},"type":"if","locations":[{"start":{"line":43,"column":8},"end":{"line":45,"column":null}}]},"2":{"loc":{"start":{"line":52,"column":15},"end":{"line":52,"column":40}},"type":"binary-expr","locations":[{"start":{"line":52,"column":15},"end":{"line":52,"column":31}},{"start":{"line":52,"column":35},"end":{"line":52,"column":40}}]}},"s":{"0":6,"1":6,"2":6,"3":6,"4":5,"5":5,"6":5,"7":5,"8":0,"9":0,"10":0,"11":0,"12":0,"13":0,"14":0,"15":0,"16":0,"17":0,"18":0,"19":0,"20":0,"21":0,"22":0,"23":0,"24":6},"f":{"0":5,"1":5,"2":0,"3":0,"4":0,"5":0,"6":0,"7":0,"8":0,"9":0,"10":0},"b":{"0":[0,0],"1":[0],"2":[0,0]}}
,"C:\\git\\GitHub\\crossmodel\\extensions\\crossmodel-lang\\src\\language-server\\cross-model-formatter.ts": {"path":"C:\\git\\GitHub\\crossmodel\\extensions\\crossmodel-lang\\src\\language-server\\cross-model-formatter.ts","statementMap":{"0":{"start":{"line":4,"column":0},"end":{"line":4,"column":53}},"1":{"start":{"line":8,"column":8},"end":{"line":8,"column":15}},"2":{"start":{"line":6,"column":0},"end":{"line":6,"column":13}}},"fnMap":{"0":{"name":"(anonymous_0)","decl":{"start":{"line":7,"column":14},"end":{"line":7,"column":20}},"loc":{"start":{"line":7,"column":34},"end":{"line":9,"column":5}}}},"branchMap":{},"s":{"0":6,"1":0,"2":6},"f":{"0":0},"b":{}}
,"C:\\git\\GitHub\\crossmodel\\extensions\\crossmodel-lang\\src\\language-server\\cross-model-langium-documents.ts": {"path":"C:\\git\\GitHub\\crossmodel\\extensions\\crossmodel-lang\\src\\language-server\\cross-model-langium-documents.ts","statementMap":{"0":{"start":{"line":4,"column":0},"end":{"line":4,"column":50}},"1":{"start":{"line":6,"column":0},"end":{"line":6,"column":61}},"2":{"start":{"line":7,"column":0},"end":{"line":7,"column":40}},"3":{"start":{"line":12,"column":22},"end":{"line":12,"column":85}},"4":{"start":{"line":13,"column":6},"end":{"line":13,"column":70}},"5":{"start":{"line":9,"column":0},"end":{"line":9,"column":13}}},"fnMap":{"0":{"name":"(anonymous_0)","decl":{"start":{"line":10,"column":12},"end":{"line":10,"column":31}},"loc":{"start":{"line":10,"column":40},"end":{"line":14,"column":4}}}},"branchMap":{"0":{"loc":{"start":{"line":12,"column":22},"end":{"line":12,"column":85}},"type":"cond-expr","locations":[{"start":{"line":12,"column":42},"end":{"line":12,"column":51}},{"start":{"line":12,"column":54},"end":{"line":12,"column":85}}]},"1":{"loc":{"start":{"line":13,"column":13},"end":{"line":13,"column":69}},"type":"cond-expr","locations":[{"start":{"line":13,"column":23},"end":{"line":13,"column":57}},{"start":{"line":13,"column":60},"end":{"line":13,"column":69}}]}},"s":{"0":6,"1":6,"2":6,"3":0,"4":0,"5":6},"f":{"0":0},"b":{"0":[0,0],"1":[0,0]}}
,"C:\\git\\GitHub\\crossmodel\\extensions\\crossmodel-lang\\src\\language-server\\cross-model-language-server.ts": {"path":"C:\\git\\GitHub\\crossmodel\\extensions\\crossmodel-lang\\src\\language-server\\cross-model-language-server.ts","statementMap":{"0":{"start":{"line":4,"column":0},"end":{"line":4,"column":48}},"1":{"start":{"line":5,"column":0},"end":{"line":5,"column":116}},"2":{"start":{"line":9,"column":23},"end":{"line":9,"column":53}},"3":{"start":{"line":10,"column":8},"end":{"line":10,"column":73}},"4":{"start":{"line":11,"column":8},"end":{"line":11,"column":22}},"5":{"start":{"line":7,"column":0},"end":{"line":7,"column":13}}},"fnMap":{"0":{"name":"(anonymous_0)","decl":{"start":{"line":8,"column":13},"end":{"line":8,"column":18}},"loc":{"start":{"line":8,"column":54},"end":{"line":12,"column":5}}}},"branchMap":{},"s":{"0":6,"1":6,"2":0,"3":0,"4":0,"5":6},"f":{"0":0},"b":{}}
,"C:\\git\\GitHub\\crossmodel\\extensions\\crossmodel-lang\\src\\language-server\\cross-model-module.ts": {"path":"C:\\git\\GitHub\\crossmodel\\extensions\\crossmodel-lang\\src\\language-server\\cross-model-module.ts","statementMap":{"0":{"start":{"line":4,"column":0},"end":{"line":4,"column":null}},"1":{"start":{"line":19,"column":0},"end":{"line":19,"column":66}},"2":{"start":{"line":22,"column":0},"end":{"line":22,"column":61}},"3":{"start":{"line":23,"column":0},"end":{"line":23,"column":85}},"4":{"start":{"line":24,"column":0},"end":{"line":24,"column":80}},"5":{"start":{"line":26,"column":0},"end":{"line":26,"column":59}},"6":{"start":{"line":27,"column":0},"end":{"line":27,"column":81}},"7":{"start":{"line":28,"column":0},"end":{"line":28,"column":75}},"8":{"start":{"line":29,"column":0},"end":{"line":29,"column":67}},"9":{"start":{"line":30,"column":0},"end":{"line":30,"column":77}},"10":{"start":{"line":31,"column":0},"end":{"line":31,"column":73}},"11":{"start":{"line":32,"column":0},"end":{"line":32,"column":61}},"12":{"start":{"line":33,"column":0},"end":{"line":33,"column":73}},"13":{"start":{"line":34,"column":0},"end":{"line":34,"column":65}},"14":{"start":{"line":35,"column":0},"end":{"line":35,"column":71}},"15":{"start":{"line":36,"column":0},"end":{"line":36,"column":64}},"16":{"start":{"line":37,"column":0},"end":{"line":37,"column":88}},"17":{"start":{"line":38,"column":0},"end":{"line":38,"column":77}},"18":{"start":{"line":39,"column":0},"end":{"line":39,"column":96}},"19":{"start":{"line":40,"column":0},"end":{"line":40,"column":60}},"20":{"start":{"line":41,"column":0},"end":{"line":41,"column":77}},"21":{"start":{"line":55,"column":8},"end":{"line":55,"column":33}},"22":{"start":{"line":59,"column":8},"end":{"line":59,"column":65}},"23":{"start":{"line":53,"column":0},"end":{"line":53,"column":13}},"24":{"start":{"line":84,"column":13},"end":{"line":84,"column":75}},"25":{"start":{"line":89,"column":13},"end":{"line":111,"column":2}},"26":{"start":{"line":93,"column":27},"end":{"line":93,"column":56}},"27":{"start":{"line":95,"column":38},"end":{"line":95,"column":78}},"28":{"start":{"line":96,"column":36},"end":{"line":96,"column":74}},"29":{"start":{"line":97,"column":38},"end":{"line":97,"column":78}},"30":{"start":{"line":98,"column":35},"end":{"line":98,"column":104}},"31":{"start":{"line":99,"column":41},"end":{"line":99,"column":78}},"32":{"start":{"line":100,"column":37},"end":{"line":100,"column":76}},"33":{"start":{"line":103,"column":34},"end":{"line":103,"column":60}},"34":{"start":{"line":106,"column":36},"end":{"line":106,"column":74}},"35":{"start":{"line":109,"column":34},"end":{"line":109,"column":60}},"36":{"start":{"line":142,"column":13},"end":{"line":142,"column":63}},"37":{"start":{"line":152,"column":4},"end":{"line":173,"column":6}},"38":{"start":{"line":154,"column":42},"end":{"line":154,"column":82}},"39":{"start":{"line":155,"column":39},"end":{"line":155,"column":76}},"40":{"start":{"line":156,"column":47},"end":{"line":156,"column":82}},"41":{"start":{"line":159,"column":39},"end":{"line":159,"column":64}},"42":{"start":{"line":162,"column":44},"end":{"line":162,"column":86}},"43":{"start":{"line":163,"column":29},"end":{"line":163,"column":59}},"44":{"start":{"line":166,"column":36},"end":{"line":166,"column":70}},"45":{"start":{"line":169,"column":32},"end":{"line":169,"column":60}},"46":{"start":{"line":170,"column":31},"end":{"line":170,"column":60}},"47":{"start":{"line":172,"column":22},"end":{"line":172,"column":36}},"48":{"start":{"line":149,"column":0},"end":{"line":149,"column":16}},"49":{"start":{"line":195,"column":19},"end":{"line":195,"column":118}},"50":{"start":{"line":196,"column":23},"end":{"line":196,"column":125}},"51":{"start":{"line":197,"column":4},"end":{"line":197,"column":48}},"52":{"start":{"line":198,"column":4},"end":{"line":198,"column":41}},"53":{"start":{"line":199,"column":4},"end":{"line":199,"column":34}},"54":{"start":{"line":191,"column":0},"end":{"line":191,"column":16}}},"fnMap":{"0":{"name":"(anonymous_0)","decl":{"start":{"line":54,"column":13},"end":{"line":54,"column":21}},"loc":{"start":{"line":54,"column":55},"end":{"line":56,"column":5}}},"1":{"name":"(anonymous_1)","decl":{"start":{"line":58,"column":13},"end":{"line":58,"column":24}},"loc":{"start":{"line":58,"column":33},"end":{"line":60,"column":5}}},"2":{"name":"(anonymous_2)","decl":{"start":{"line":93,"column":21},"end":{"line":93,"column":24}},"loc":{"start":{"line":93,"column":27},"end":{"line":93,"column":56}}},"3":{"name":"(anonymous_3)","decl":{"start":{"line":95,"column":26},"end":{"line":95,"column":34}},"loc":{"start":{"line":95,"column":38},"end":{"line":95,"column":78}}},"4":{"name":"(anonymous_4)","decl":{"start":{"line":96,"column":24},"end":{"line":96,"column":32}},"loc":{"start":{"line":96,"column":36},"end":{"line":96,"column":74}}},"5":{"name":"(anonymous_5)","decl":{"start":{"line":97,"column":26},"end":{"line":97,"column":34}},"loc":{"start":{"line":97,"column":38},"end":{"line":97,"column":78}}},"6":{"name":"(anonymous_6)","decl":{"start":{"line":98,"column":23},"end":{"line":98,"column":31}},"loc":{"start":{"line":98,"column":35},"end":{"line":98,"column":104}}},"7":{"name":"(anonymous_7)","decl":{"start":{"line":99,"column":29},"end":{"line":99,"column":37}},"loc":{"start":{"line":99,"column":41},"end":{"line":99,"column":78}}},"8":{"name":"(anonymous_8)","decl":{"start":{"line":100,"column":25},"end":{"line":100,"column":33}},"loc":{"start":{"line":100,"column":37},"end":{"line":100,"column":76}}},"9":{"name":"(anonymous_9)","decl":{"start":{"line":103,"column":22},"end":{"line":103,"column":30}},"loc":{"start":{"line":103,"column":34},"end":{"line":103,"column":60}}},"10":{"name":"(anonymous_10)","decl":{"start":{"line":106,"column":24},"end":{"line":106,"column":32}},"loc":{"start":{"line":106,"column":36},"end":{"line":106,"column":74}}},"11":{"name":"(anonymous_11)","decl":{"start":{"line":109,"column":22},"end":{"line":109,"column":30}},"loc":{"start":{"line":109,"column":34},"end":{"line":109,"column":60}}},"12":{"name":"createCrossModelModule","decl":{"start":{"line":149,"column":16},"end":{"line":149,"column":38}},"loc":{"start":{"line":150,"column":36},"end":{"line":174,"column":1}}},"13":{"name":"(anonymous_13)","decl":{"start":{"line":154,"column":30},"end":{"line":154,"column":38}},"loc":{"start":{"line":154,"column":42},"end":{"line":154,"column":82}}},"14":{"name":"(anonymous_14)","decl":{"start":{"line":155,"column":27},"end":{"line":155,"column":35}},"loc":{"start":{"line":155,"column":39},"end":{"line":155,"column":76}}},"15":{"name":"(anonymous_15)","decl":{"start":{"line":156,"column":35},"end":{"line":156,"column":43}},"loc":{"start":{"line":156,"column":47},"end":{"line":156,"column":82}}},"16":{"name":"(anonymous_16)","decl":{"start":{"line":159,"column":33},"end":{"line":159,"column":36}},"loc":{"start":{"line":159,"column":39},"end":{"line":159,"column":64}}},"17":{"name":"(anonymous_17)","decl":{"start":{"line":162,"column":32},"end":{"line":162,"column":40}},"loc":{"start":{"line":162,"column":44},"end":{"line":162,"column":86}}},"18":{"name":"(anonymous_18)","decl":{"start":{"line":163,"column":23},"end":{"line":163,"column":26}},"loc":{"start":{"line":163,"column":29},"end":{"line":163,"column":59}}},"19":{"name":"(anonymous_19)","decl":{"start":{"line":166,"column":24},"end":{"line":166,"column":32}},"loc":{"start":{"line":166,"column":36},"end":{"line":166,"column":70}}},"20":{"name":"(anonymous_20)","decl":{"start":{"line":169,"column":26},"end":{"line":169,"column":29}},"loc":{"start":{"line":169,"column":32},"end":{"line":169,"column":60}}},"21":{"name":"(anonymous_21)","decl":{"start":{"line":170,"column":19},"end":{"line":170,"column":27}},"loc":{"start":{"line":170,"column":31},"end":{"line":170,"column":60}}},"22":{"name":"(anonymous_22)","decl":{"start":{"line":172,"column":16},"end":{"line":172,"column":19}},"loc":{"start":{"line":172,"column":22},"end":{"line":172,"column":36}}},"23":{"name":"createCrossModelServices","decl":{"start":{"line":191,"column":16},"end":{"line":191,"column":40}},"loc":{"start":{"line":191,"column":76},"end":{"line":200,"column":1}}}},"branchMap":{},"s":{"0":6,"1":6,"2":6,"3":6,"4":6,"5":6,"6":6,"7":6,"8":6,"9":6,"10":6,"11":6,"12":6,"13":6,"14":6,"15":6,"16":6,"17":6,"18":6,"19":6,"20":6,"21":6,"22":80,"23":6,"24":6,"25":6,"26":6,"27":0,"28":5,"29":5,"30":5,"31":0,"32":5,"33":5,"34":0,"35":0,"36":6,"37":6,"38":4,"39":4,"40":5,"41":6,"42":0,"43":0,"44":0,"45":5,"46":4,"47":6,"48":6,"49":6,"50":6,"51":6,"52":6,"53":6,"54":6},"f":{"0":6,"1":80,"2":6,"3":0,"4":5,"5":5,"6":5,"7":0,"8":5,"9":5,"10":0,"11":0,"12":6,"13":4,"14":4,"15":5,"16":6,"17":0,"18":0,"19":0,"20":5,"21":4,"22":6,"23":6},"b":{}}
,"C:\\git\\GitHub\\crossmodel\\extensions\\crossmodel-lang\\src\\language-server\\cross-model-naming.ts": {"path":"C:\\git\\GitHub\\crossmodel\\extensions\\crossmodel-lang\\src\\language-server\\cross-model-naming.ts","statementMap":{"0":{"start":{"line":5,"column":0},"end":{"line":5,"column":100}},"1":{"start":{"line":7,"column":0},"end":{"line":7,"column":74}},"2":{"start":{"line":16,"column":25},"end":{"line":16,"column":53}},"3":{"start":{"line":16,"column":65},"end":{"line":16,"column":82}},"4":{"start":{"line":25,"column":6},"end":{"line":25,"column":59}},"5":{"start":{"line":36,"column":6},"end":{"line":38,"column":null}},"6":{"start":{"line":37,"column":9},"end":{"line":37,"column":26}},"7":{"start":{"line":39,"column":17},"end":{"line":39,"column":40}},"8":{"start":{"line":40,"column":19},"end":{"line":40,"column":34}},"9":{"start":{"line":41,"column":6},"end":{"line":44,"column":null}},"10":{"start":{"line":42,"column":9},"end":{"line":42,"column":42}},"11":{"start":{"line":43,"column":9},"end":{"line":43,"column":36}},"12":{"start":{"line":45,"column":6},"end":{"line":45,"column":18}},"13":{"start":{"line":57,"column":6},"end":{"line":57,"column":null}},"14":{"start":{"line":59,"column":31},"end":{"line":59,"column":58}},"15":{"start":{"line":60,"column":6},"end":{"line":60,"column":50}},"16":{"start":{"line":64,"column":6},"end":{"line":64,"column":65}},"17":{"start":{"line":68,"column":6},"end":{"line":68,"column":56}},"18":{"start":{"line":15,"column":0},"end":{"line":15,"column":13}},"19":{"start":{"line":73,"column":16},"end":{"line":73,"column":73}},"20":{"start":{"line":73,"column":37},"end":{"line":73,"column":62}},"21":{"start":{"line":74,"column":3},"end":{"line":74,"column":47}}},"fnMap":{"0":{"name":"(anonymous_0)","decl":{"start":{"line":16,"column":3},"end":{"line":16,"column":25}},"loc":{"start":{"line":16,"column":122},"end":{"line":16,"column":126}}},"1":{"name":"(anonymous_1)","decl":{"start":{"line":24,"column":3},"end":{"line":24,"column":15}},"loc":{"start":{"line":24,"column":30},"end":{"line":26,"column":4}}},"2":{"name":"(anonymous_2)","decl":{"start":{"line":35,"column":3},"end":{"line":35,"column":19}},"loc":{"start":{"line":35,"column":34},"end":{"line":46,"column":4}}},"3":{"name":"(anonymous_3)","decl":{"start":{"line":55,"column":3},"end":{"line":55,"column":24}},"loc":{"start":{"line":57,"column":127},"end":{"line":61,"column":4}}},"4":{"name":"(anonymous_4)","decl":{"start":{"line":63,"column":3},"end":{"line":63,"column":10}},"loc":{"start":{"line":63,"column":25},"end":{"line":65,"column":4}}},"5":{"name":"(anonymous_5)","decl":{"start":{"line":67,"column":3},"end":{"line":67,"column":14}},"loc":{"start":{"line":67,"column":28},"end":{"line":69,"column":4}}},"6":{"name":"concat","decl":{"start":{"line":72,"column":9},"end":{"line":72,"column":15}},"loc":{"start":{"line":72,"column":48},"end":{"line":75,"column":1}}},"7":{"name":"(anonymous_7)","decl":{"start":{"line":73,"column":29},"end":{"line":73,"column":33}},"loc":{"start":{"line":73,"column":37},"end":{"line":73,"column":62}}}},"branchMap":{"0":{"loc":{"start":{"line":16,"column":65},"end":{"line":16,"column":122}},"type":"default-arg","locations":[{"start":{"line":16,"column":82},"end":{"line":16,"column":122}}]},"1":{"loc":{"start":{"line":25,"column":13},"end":{"line":25,"column":58}},"type":"cond-expr","locations":[{"start":{"line":25,"column":37},"end":{"line":25,"column":46}},{"start":{"line":25,"column":49},"end":{"line":25,"column":58}}]},"2":{"loc":{"start":{"line":25,"column":13},"end":{"line":25,"column":34}},"type":"binary-expr","locations":[{"start":{"line":25,"column":13},"end":{"line":25,"column":17}},{"start":{"line":25,"column":21},"end":{"line":25,"column":34}}]},"3":{"loc":{"start":{"line":36,"column":6},"end":{"line":38,"column":null}},"type":"if","locations":[{"start":{"line":36,"column":6},"end":{"line":38,"column":null}}]},"4":{"loc":{"start":{"line":41,"column":13},"end":{"line":41,"column":38}},"type":"binary-expr","locations":[{"start":{"line":41,"column":13},"end":{"line":41,"column":19}},{"start":{"line":41,"column":23},"end":{"line":41,"column":38}}]},"5":{"loc":{"start":{"line":57,"column":6},"end":{"line":57,"column":null}},"type":"if","locations":[{"start":{"line":57,"column":6},"end":{"line":57,"column":null}}]},"6":{"loc":{"start":{"line":57,"column":6},"end":{"line":57,"column":127}},"type":"cond-expr","locations":[{"start":{"line":57,"column":98},"end":{"line":57,"column":102}},{"start":{"line":57,"column":102},"end":{"line":57,"column":127}}]},"7":{"loc":{"start":{"line":57,"column":6},"end":{"line":57,"column":102}},"type":"binary-expr","locations":[{"start":{"line":57,"column":6},"end":{"line":57,"column":102}},{"start":{"line":57,"column":98},"end":{"line":57,"column":102}}]},"8":{"loc":{"start":{"line":57,"column":20},"end":{"line":57,"column":98}},"type":"cond-expr","locations":[{"start":{"line":57,"column":83},"end":{"line":57,"column":85}},{"start":{"line":57,"column":83},"end":{"line":57,"column":98}}]},"9":{"loc":{"start":{"line":57,"column":20},"end":{"line":57,"column":85}},"type":"binary-expr","locations":[{"start":{"line":57,"column":20},"end":{"line":57,"column":85}},{"start":{"line":57,"column":83},"end":{"line":57,"column":85}}]},"10":{"loc":{"start":{"line":64,"column":13},"end":{"line":64,"column":64}},"type":"cond-expr","locations":[{"start":{"line":64,"column":20},"end":{"line":64,"column":52}},{"start":{"line":64,"column":55},"end":{"line":64,"column":64}}]},"11":{"loc":{"start":{"line":73,"column":37},"end":{"line":73,"column":62}},"type":"binary-expr","locations":[{"start":{"line":73,"column":37},"end":{"line":73,"column":43}},{"start":{"line":73,"column":47},"end":{"line":73,"column":62}}]},"12":{"loc":{"start":{"line":74,"column":10},"end":{"line":74,"column":46}},"type":"cond-expr","locations":[{"start":{"line":74,"column":30},"end":{"line":74,"column":39}},{"start":{"line":74,"column":42},"end":{"line":74,"column":46}}]}},"s":{"0":6,"1":6,"2":5,"3":5,"4":89,"5":48,"6":0,"7":48,"8":48,"9":48,"10":24,"11":24,"12":48,"13":24,"14":24,"15":24,"16":0,"17":0,"18":6,"19":24,"20":48,"21":24},"f":{"0":5,"1":89,"2":48,"3":24,"4":0,"5":0,"6":24,"7":48},"b":{"0":[5],"1":[72,17],"2":[89,89],"3":[0],"4":[72,60],"5":[0],"6":[0,0],"7":[0,0],"8":[0,0],"9":[0,0],"10":[0,0],"11":[48,48],"12":[0,24]}}
,"C:\\git\\GitHub\\crossmodel\\extensions\\crossmodel-lang\\src\\language-server\\cross-model-package-manager.ts": {"path":"C:\\git\\GitHub\\crossmodel\\extensions\\crossmodel-lang\\src\\language-server\\cross-model-package-manager.ts","statementMap":{"0":{"start":{"line":5,"column":0},"end":{"line":5,"column":67}},"1":{"start":{"line":9,"column":0},"end":{"line":9,"column":52}},"2":{"start":{"line":11,"column":0},"end":{"line":11,"column":40}},"3":{"start":{"line":14,"column":13},"end":{"line":14,"column":44}},"4":{"start":{"line":17,"column":13},"end":{"line":17,"column":51}},"5":{"start":{"line":20,"column":3},"end":{"line":20,"column":52}},"6":{"start":{"line":19,"column":0},"end":{"line":19,"column":16}},"7":{"start":{"line":24,"column":3},"end":{"line":24,"column":63}},"8":{"start":{"line":23,"column":0},"end":{"line":23,"column":16}},"9":{"start":{"line":35,"column":3},"end":{"line":35,"column":73}},"10":{"start":{"line":34,"column":0},"end":{"line":34,"column":16}},"11":{"start":{"line":48,"column":16},"end":{"line":48,"column":105}},"12":{"start":{"line":50,"column":3},"end":{"line":50,"column":57}},"13":{"start":{"line":45,"column":0},"end":{"line":45,"column":16}},"14":{"start":{"line":54,"column":3},"end":{"line":54,"column":43}},"15":{"start":{"line":53,"column":0},"end":{"line":53,"column":16}},"16":{"start":{"line":73,"column":89},"end":{"line":73,"column":120}},"17":{"start":{"line":63,"column":15},"end":{"line":63,"column":23}},"18":{"start":{"line":65,"column":15},"end":{"line":65,"column":40}},"19":{"start":{"line":67,"column":15},"end":{"line":67,"column":32}},"20":{"start":{"line":69,"column":15},"end":{"line":69,"column":20}},"21":{"start":{"line":71,"column":15},"end":{"line":71,"column":31}},"22":{"start":{"line":73,"column":15},"end":{"line":73,"column":30}},"23":{"start":{"line":75,"column":15},"end":{"line":75,"column":27}},"24":{"start":{"line":60,"column":0},"end":{"line":60,"column":13}},"25":{"start":{"line":89,"column":16},"end":{"line":89,"column":48}},"26":{"start":{"line":90,"column":16},"end":{"line":90,"column":37}},"27":{"start":{"line":91,"column":16},"end":{"line":91,"column":32}},"28":{"start":{"line":92,"column":16},"end":{"line":92,"column":35}},"29":{"start":{"line":93,"column":16},"end":{"line":93,"column":34}},"30":{"start":{"line":94,"column":16},"end":{"line":94,"column":25}},"31":{"start":{"line":85,"column":13},"end":{"line":85,"column":59}},"32":{"start":{"line":86,"column":13},"end":{"line":86,"column":63}},"33":{"start":{"line":96,"column":6},"end":{"line":96,"column":96}},"34":{"start":{"line":96,"column":58},"end":{"line":96,"column":94}},"35":{"start":{"line":97,"column":6},"end":{"line":97,"column":113}},"36":{"start":{"line":97,"column":79},"end":{"line":97,"column":111}},"37":{"start":{"line":105,"column":47},"end":{"line":105,"column":49}},"38":{"start":{"line":106,"column":6},"end":{"line":108,"column":null}},"39":{"start":{"line":107,"column":9},"end":{"line":107,"column":78}},"40":{"start":{"line":109,"column":6},"end":{"line":109,"column":41}},"41":{"start":{"line":113,"column":22},"end":{"line":113,"column":77}},"42":{"start":{"line":114,"column":6},"end":{"line":123,"column":8}},"43":{"start":{"line":116,"column":12},"end":{"line":121,"column":null}},"44":{"start":{"line":117,"column":15},"end":{"line":117,"column":56}},"45":{"start":{"line":118,"column":19},"end":{"line":121,"column":null}},"46":{"start":{"line":119,"column":28},"end":{"line":119,"column":75}},"47":{"start":{"line":120,"column":15},"end":{"line":120,"column":51}},"48":{"start":{"line":127,"column":6},"end":{"line":127,"column":69}},"49":{"start":{"line":131,"column":6},"end":{"line":131,"column":74}},"50":{"start":{"line":136,"column":26},"end":{"line":136,"column":70}},"51":{"start":{"line":137,"column":6},"end":{"line":137,"column":61}},"52":{"start":{"line":141,"column":6},"end":{"line":143,"column":null}},"53":{"start":{"line":142,"column":9},"end":{"line":142,"column":16}},"54":{"start":{"line":146,"column":26},"end":{"line":146,"column":63}},"55":{"start":{"line":147,"column":6},"end":{"line":149,"column":null}},"56":{"start":{"line":148,"column":9},"end":{"line":148,"column":28}},"57":{"start":{"line":153,"column":27},"end":{"line":155,"column":93}},"58":{"start":{"line":154,"column":25},"end":{"line":154,"column":61}},"59":{"start":{"line":155,"column":32},"end":{"line":155,"column":92}},"60":{"start":{"line":157,"column":6},"end":{"line":157,"column":29}},"61":{"start":{"line":162,"column":6},"end":{"line":162,"column":120}},"62":{"start":{"line":166,"column":6},"end":{"line":166,"column":80}},"63":{"start":{"line":166,"column":61},"end":{"line":166,"column":78}},"64":{"start":{"line":171,"column":6},"end":{"line":173,"column":null}},"65":{"start":{"line":172,"column":9},"end":{"line":172,"column":19}},"66":{"start":{"line":174,"column":6},"end":{"line":174,"column":34}},"67":{"start":{"line":175,"column":22},"end":{"line":175,"column":58}},"68":{"start":{"line":176,"column":6},"end":{"line":176,"column":138}},"69":{"start":{"line":176,"column":67},"end":{"line":176,"column":136}},"70":{"start":{"line":177,"column":6},"end":{"line":177,"column":21}},"71":{"start":{"line":185,"column":41},"end":{"line":185,"column":43}},"72":{"start":{"line":186,"column":30},"end":{"line":186,"column":62}},"73":{"start":{"line":187,"column":6},"end":{"line":189,"column":null}},"74":{"start":{"line":188,"column":9},"end":{"line":188,"column":70}},"75":{"start":{"line":190,"column":30},"end":{"line":190,"column":62}},"76":{"start":{"line":191,"column":6},"end":{"line":193,"column":null}},"77":{"start":{"line":192,"column":9},"end":{"line":192,"column":70}},"78":{"start":{"line":195,"column":6},"end":{"line":208,"column":null}},"79":{"start":{"line":197,"column":9},"end":{"line":200,"column":61}},"80":{"start":{"line":199,"column":28},"end":{"line":199,"column":99}},"81":{"start":{"line":199,"column":62},"end":{"line":199,"column":98}},"82":{"start":{"line":200,"column":29},"end":{"line":200,"column":59}},"83":{"start":{"line":202,"column":9},"end":{"line":207,"column":15}},"84":{"start":{"line":203,"column":27},"end":{"line":203,"column":86}},"85":{"start":{"line":205,"column":15},"end":{"line":205,"column":65}},"86":{"start":{"line":206,"column":15},"end":{"line":206,"column":37}},"87":{"start":{"line":212,"column":26},"end":{"line":212,"column":59}},"88":{"start":{"line":213,"column":6},"end":{"line":229,"column":null}},"89":{"start":{"line":214,"column":9},"end":{"line":214,"column":72}},"90":{"start":{"line":217,"column":26},"end":{"line":217,"column":115}},"91":{"start":{"line":217,"column":76},"end":{"line":217,"column":114}},"92":{"start":{"line":218,"column":9},"end":{"line":220,"column":null}},"93":{"start":{"line":219,"column":12},"end":{"line":219,"column":62}},"94":{"start":{"line":223,"column":24},"end":{"line":223,"column":113}},"95":{"start":{"line":223,"column":74},"end":{"line":223,"column":112}},"96":{"start":{"line":224,"column":9},"end":{"line":226,"column":null}},"97":{"start":{"line":225,"column":12},"end":{"line":225,"column":83}},"98":{"start":{"line":227,"column":9},"end":{"line":227,"column":59}},"99":{"start":{"line":228,"column":9},"end":{"line":228,"column":33}},"100":{"start":{"line":230,"column":6},"end":{"line":230,"column":16}},"101":{"start":{"line":234,"column":26},"end":{"line":234,"column":63}},"102":{"start":{"line":235,"column":6},"end":{"line":239,"column":null}},"103":{"start":{"line":236,"column":9},"end":{"line":236,"column":50}},"104":{"start":{"line":237,"column":9},"end":{"line":237,"column":62}},"105":{"start":{"line":238,"column":9},"end":{"line":238,"column":33}},"106":{"start":{"line":240,"column":6},"end":{"line":240,"column":16}},"107":{"start":{"line":243,"column":37},"end":{"line":243,"column":null}},"108":{"start":{"line":244,"column":29},"end":{"line":244,"column":74}},"109":{"start":{"line":245,"column":6},"end":{"line":247,"column":null}},"110":{"start":{"line":246,"column":9},"end":{"line":246,"column":19}},"111":{"start":{"line":249,"column":23},"end":{"line":249,"column":25}},"112":{"start":{"line":250,"column":34},"end":{"line":250,"column":71}},"113":{"start":{"line":251,"column":27},"end":{"line":251,"column":87}},"114":{"start":{"line":252,"column":6},"end":{"line":254,"column":null}},"115":{"start":{"line":253,"column":9},"end":{"line":253,"column":51}},"116":{"start":{"line":255,"column":6},"end":{"line":255,"column":61}},"117":{"start":{"line":256,"column":6},"end":{"line":256,"column":22}},"118":{"start":{"line":261,"column":6},"end":{"line":263,"column":null}},"119":{"start":{"line":262,"column":10},"end":{"line":262,"column":77}},"120":{"start":{"line":84,"column":0},"end":{"line":84,"column":13}},"121":{"start":{"line":268,"column":27},"end":{"line":268,"column":29}},"122":{"start":{"line":269,"column":3},"end":{"line":275,"column":6}},"123":{"start":{"line":270,"column":6},"end":{"line":274,"column":null}},"124":{"start":{"line":271,"column":9},"end":{"line":271,"column":47}},"125":{"start":{"line":272,"column":13},"end":{"line":274,"column":null}},"126":{"start":{"line":273,"column":9},"end":{"line":273,"column":29}},"127":{"start":{"line":276,"column":3},"end":{"line":276,"column":19}},"128":{"start":{"line":280,"column":3},"end":{"line":282,"column":null}},"129":{"start":{"line":281,"column":6},"end":{"line":281,"column":13}},"130":{"start":{"line":283,"column":3},"end":{"line":287,"column":null}},"131":{"start":{"line":284,"column":6},"end":{"line":284,"column":45}},"132":{"start":{"line":286,"column":6},"end":{"line":286,"column":23}}},"fnMap":{"0":{"name":"isPackageUri","decl":{"start":{"line":19,"column":16},"end":{"line":19,"column":28}},"loc":{"start":{"line":19,"column":37},"end":{"line":21,"column":1}}},"1":{"name":"isPackageLockUri","decl":{"start":{"line":23,"column":16},"end":{"line":23,"column":32}},"loc":{"start":{"line":23,"column":41},"end":{"line":25,"column":1}}},"2":{"name":"createPackageId","decl":{"start":{"line":34,"column":16},"end":{"line":34,"column":31}},"loc":{"start":{"line":34,"column":64},"end":{"line":36,"column":1}}},"3":{"name":"createPackageReferenceName","decl":{"start":{"line":45,"column":16},"end":{"line":45,"column":42}},"loc":{"start":{"line":45,"column":68},"end":{"line":51,"column":1}}},"4":{"name":"isUnknownPackage","decl":{"start":{"line":53,"column":16},"end":{"line":53,"column":32}},"loc":{"start":{"line":53,"column":50},"end":{"line":55,"column":1}}},"5":{"name":"(anonymous_5)","decl":{"start":{"line":61,"column":3},"end":{"line":61,"column":null}},"loc":{"start":{"line":75,"column":47},"end":{"line":76,"column":7}}},"6":{"name":"(anonymous_6)","decl":{"start":{"line":73,"column":82},"end":{"line":73,"column":85}},"loc":{"start":{"line":73,"column":89},"end":{"line":73,"column":120}}},"7":{"name":"(anonymous_7)","decl":{"start":{"line":88,"column":3},"end":{"line":88,"column":null}},"loc":{"start":{"line":94,"column":51},"end":{"line":98,"column":4}}},"8":{"name":"(anonymous_8)","decl":{"start":{"line":96,"column":36},"end":{"line":96,"column":37}},"loc":{"start":{"line":96,"column":58},"end":{"line":96,"column":94}}},"9":{"name":"(anonymous_9)","decl":{"start":{"line":97,"column":62},"end":{"line":97,"column":63}},"loc":{"start":{"line":97,"column":79},"end":{"line":97,"column":111}}},"10":{"name":"(anonymous_10)","decl":{"start":{"line":104,"column":3},"end":{"line":104,"column":8}},"loc":{"start":{"line":104,"column":46},"end":{"line":110,"column":4}}},"11":{"name":"(anonymous_11)","decl":{"start":{"line":112,"column":13},"end":{"line":112,"column":18}},"loc":{"start":{"line":112,"column":53},"end":{"line":124,"column":4}}},"12":{"name":"(anonymous_12)","decl":{"start":{"line":115,"column":21},"end":{"line":115,"column":26}},"loc":{"start":{"line":115,"column":35},"end":{"line":122,"column":10}}},"13":{"name":"(anonymous_13)","decl":{"start":{"line":126,"column":3},"end":{"line":126,"column":20}},"loc":{"start":{"line":126,"column":30},"end":{"line":128,"column":4}}},"14":{"name":"(anonymous_14)","decl":{"start":{"line":130,"column":3},"end":{"line":130,"column":25}},"loc":{"start":{"line":130,"column":46},"end":{"line":132,"column":4}}},"15":{"name":"(anonymous_15)","decl":{"start":{"line":134,"column":3},"end":{"line":134,"column":27}},"loc":{"start":{"line":134,"column":48},"end":{"line":138,"column":4}}},"16":{"name":"(anonymous_16)","decl":{"start":{"line":140,"column":3},"end":{"line":140,"column":22}},"loc":{"start":{"line":140,"column":32},"end":{"line":158,"column":4}}},"17":{"name":"(anonymous_17)","decl":{"start":{"line":154,"column":17},"end":{"line":154,"column":21}},"loc":{"start":{"line":154,"column":25},"end":{"line":154,"column":61}}},"18":{"name":"(anonymous_18)","decl":{"start":{"line":155,"column":15},"end":{"line":155,"column":16}},"loc":{"start":{"line":155,"column":32},"end":{"line":155,"column":92}}},"19":{"name":"(anonymous_19)","decl":{"start":{"line":160,"column":3},"end":{"line":160,"column":12}},"loc":{"start":{"line":160,"column":61},"end":{"line":163,"column":4}}},"20":{"name":"(anonymous_20)","decl":{"start":{"line":165,"column":13},"end":{"line":165,"column":31}},"loc":{"start":{"line":165,"column":49},"end":{"line":167,"column":4}}},"21":{"name":"(anonymous_21)","decl":{"start":{"line":166,"column":53},"end":{"line":166,"column":57}},"loc":{"start":{"line":166,"column":61},"end":{"line":166,"column":78}}},"22":{"name":"(anonymous_22)","decl":{"start":{"line":169,"column":13},"end":{"line":169,"column":33}},"loc":{"start":{"line":169,"column":102},"end":{"line":178,"column":4}}},"23":{"name":"(anonymous_23)","decl":{"start":{"line":176,"column":53},"end":{"line":176,"column":63}},"loc":{"start":{"line":176,"column":67},"end":{"line":176,"column":136}}},"24":{"name":"(anonymous_24)","decl":{"start":{"line":180,"column":13},"end":{"line":180,"column":26}},"loc":{"start":{"line":180,"column":57},"end":{"line":209,"column":4}}},"25":{"name":"(anonymous_25)","decl":{"start":{"line":199,"column":20},"end":{"line":199,"column":24}},"loc":{"start":{"line":199,"column":28},"end":{"line":199,"column":99}}},"26":{"name":"(anonymous_26)","decl":{"start":{"line":199,"column":50},"end":{"line":199,"column":58}},"loc":{"start":{"line":199,"column":62},"end":{"line":199,"column":98}}},"27":{"name":"(anonymous_27)","decl":{"start":{"line":200,"column":21},"end":{"line":200,"column":25}},"loc":{"start":{"line":200,"column":29},"end":{"line":200,"column":59}}},"28":{"name":"(anonymous_28)","decl":{"start":{"line":203,"column":20},"end":{"line":203,"column":23}},"loc":{"start":{"line":203,"column":27},"end":{"line":203,"column":86}}},"29":{"name":"(anonymous_29)","decl":{"start":{"line":204,"column":21},"end":{"line":204,"column":24}},"loc":{"start":{"line":204,"column":27},"end":{"line":207,"column":13}}},"30":{"name":"(anonymous_30)","decl":{"start":{"line":211,"column":13},"end":{"line":211,"column":23}},"loc":{"start":{"line":211,"column":58},"end":{"line":231,"column":4}}},"31":{"name":"(anonymous_31)","decl":{"start":{"line":217,"column":68},"end":{"line":217,"column":72}},"loc":{"start":{"line":217,"column":76},"end":{"line":217,"column":114}}},"32":{"name":"(anonymous_32)","decl":{"start":{"line":223,"column":66},"end":{"line":223,"column":70}},"loc":{"start":{"line":223,"column":74},"end":{"line":223,"column":112}}},"33":{"name":"(anonymous_33)","decl":{"start":{"line":233,"column":13},"end":{"line":233,"column":26}},"loc":{"start":{"line":233,"column":35},"end":{"line":241,"column":4}}},"34":{"name":"(anonymous_34)","decl":{"start":{"line":243,"column":13},"end":{"line":243,"column":26}},"loc":{"start":{"line":243,"column":110},"end":{"line":257,"column":4}}},"35":{"name":"(anonymous_35)","decl":{"start":{"line":259,"column":13},"end":{"line":259,"column":27}},"loc":{"start":{"line":259,"column":85},"end":{"line":264,"column":4}}},"36":{"name":"getAndRemovePackageUris","decl":{"start":{"line":267,"column":9},"end":{"line":267,"column":32}},"loc":{"start":{"line":267,"column":44},"end":{"line":277,"column":1}}},"37":{"name":"(anonymous_37)","decl":{"start":{"line":269,"column":16},"end":{"line":269,"column":17}},"loc":{"start":{"line":269,"column":29},"end":{"line":275,"column":4}}},"38":{"name":"parsePackageJson","decl":{"start":{"line":279,"column":9},"end":{"line":279,"column":25}},"loc":{"start":{"line":279,"column":39},"end":{"line":288,"column":1}}}},"branchMap":{"0":{"loc":{"start":{"line":34,"column":47},"end":{"line":34,"column":64}},"type":"default-arg","locations":[{"start":{"line":34,"column":57},"end":{"line":34,"column":64}}]},"1":{"loc":{"start":{"line":35,"column":10},"end":{"line":35,"column":72}},"type":"cond-expr","locations":[{"start":{"line":35,"column":31},"end":{"line":35,"column":49}},{"start":{"line":35,"column":52},"end":{"line":35,"column":72}}]},"2":{"loc":{"start":{"line":48,"column":16},"end":{"line":48,"column":105}},"type":"binary-expr","locations":[{"start":{"line":48,"column":17},"end":{"line":48,"column":62}},{"start":{"line":48,"column":66},"end":{"line":48,"column":83}},{"start":{"line":48,"column":87},"end":{"line":48,"column":105}}]},"3":{"loc":{"start":{"line":48,"column":17},"end":{"line":48,"column":62}},"type":"cond-expr","locations":[{"start":{"line":48,"column":28},"end":{"line":48,"column":31}},{"start":{"line":48,"column":17},"end":{"line":48,"column":62}}]},"4":{"loc":{"start":{"line":48,"column":17},"end":{"line":48,"column":31}},"type":"binary-expr","locations":[{"start":{"line":48,"column":17},"end":{"line":48,"column":31}},{"start":{"line":48,"column":17},"end":{"line":48,"column":31}}]},"5":{"loc":{"start":{"line":48,"column":66},"end":{"line":48,"column":83}},"type":"cond-expr","locations":[{"start":{"line":48,"column":77},"end":{"line":48,"column":79}},{"start":{"line":48,"column":66},"end":{"line":48,"column":83}}]},"6":{"loc":{"start":{"line":48,"column":66},"end":{"line":48,"column":79}},"type":"binary-expr","locations":[{"start":{"line":48,"column":66},"end":{"line":48,"column":79}},{"start":{"line":48,"column":66},"end":{"line":48,"column":79}}]},"7":{"loc":{"start":{"line":67,"column":15},"end":{"line":67,"column":53}},"type":"default-arg","locations":[{"start":{"line":67,"column":32},"end":{"line":67,"column":53}}]},"8":{"loc":{"start":{"line":69,"column":15},"end":{"line":69,"column":76}},"type":"default-arg","locations":[{"start":{"line":69,"column":20},"end":{"line":69,"column":76}}]},"9":{"loc":{"start":{"line":69,"column":36},"end":{"line":69,"column":53}},"type":"cond-expr","locations":[{"start":{"line":69,"column":47},"end":{"line":69,"column":49}},{"start":{"line":69,"column":36},"end":{"line":69,"column":53}}]},"10":{"loc":{"start":{"line":69,"column":36},"end":{"line":69,"column":49}},"type":"binary-expr","locations":[{"start":{"line":69,"column":36},"end":{"line":69,"column":49}},{"start":{"line":69,"column":36},"end":{"line":69,"column":49}}]},"11":{"loc":{"start":{"line":69,"column":55},"end":{"line":69,"column":75}},"type":"cond-expr","locations":[{"start":{"line":69,"column":66},"end":{"line":69,"column":68}},{"start":{"line":69,"column":55},"end":{"line":69,"column":75}}]},"12":{"loc":{"start":{"line":69,"column":55},"end":{"line":69,"column":68}},"type":"binary-expr","locations":[{"start":{"line":69,"column":55},"end":{"line":69,"column":68}},{"start":{"line":69,"column":55},"end":{"line":69,"column":68}}]},"13":{"loc":{"start":{"line":71,"column":15},"end":{"line":71,"column":70}},"type":"default-arg","locations":[{"start":{"line":71,"column":31},"end":{"line":71,"column":70}}]},"14":{"loc":{"start":{"line":73,"column":15},"end":{"line":73,"column":121}},"type":"default-arg","locations":[{"start":{"line":73,"column":30},"end":{"line":73,"column":121}}]},"15":{"loc":{"start":{"line":73,"column":45},"end":{"line":73,"column":76}},"type":"binary-expr","locations":[{"start":{"line":73,"column":45},"end":{"line":73,"column":70}},{"start":{"line":73,"column":74},"end":{"line":73,"column":76}}]},"16":{"loc":{"start":{"line":73,"column":45},"end":{"line":73,"column":70}},"type":"cond-expr","locations":[{"start":{"line":73,"column":56},"end":{"line":73,"column":58}},{"start":{"line":73,"column":45},"end":{"line":73,"column":70}}]},"17":{"loc":{"start":{"line":73,"column":45},"end":{"line":73,"column":58}},"type":"binary-expr","locations":[{"start":{"line":73,"column":45},"end":{"line":73,"column":58}},{"start":{"line":73,"column":45},"end":{"line":73,"column":58}}]},"18":{"loc":{"start":{"line":75,"column":15},"end":{"line":75,"column":47}},"type":"default-arg","locations":[{"start":{"line":75,"column":27},"end":{"line":75,"column":47}}]},"19":{"loc":{"start":{"line":90,"column":16},"end":{"line":90,"column":72}},"type":"default-arg","locations":[{"start":{"line":90,"column":37},"end":{"line":90,"column":72}}]},"20":{"loc":{"start":{"line":91,"column":16},"end":{"line":91,"column":62}},"type":"default-arg","locations":[{"start":{"line":91,"column":32},"end":{"line":91,"column":62}}]},"21":{"loc":{"start":{"line":92,"column":16},"end":{"line":92,"column":68}},"type":"default-arg","locations":[{"start":{"line":92,"column":35},"end":{"line":92,"column":68}}]},"22":{"loc":{"start":{"line":93,"column":16},"end":{"line":93,"column":66}},"type":"default-arg","locations":[{"start":{"line":93,"column":34},"end":{"line":93,"column":66}}]},"23":{"loc":{"start":{"line":94,"column":16},"end":{"line":94,"column":51}},"type":"default-arg","locations":[{"start":{"line":94,"column":25},"end":{"line":94,"column":51}}]},"24":{"loc":{"start":{"line":116,"column":12},"end":{"line":121,"column":null}},"type":"if","locations":[{"start":{"line":116,"column":12},"end":{"line":121,"column":null}},{"start":{"line":118,"column":19},"end":{"line":121,"column":null}}]},"25":{"loc":{"start":{"line":118,"column":19},"end":{"line":121,"column":null}},"type":"if","locations":[{"start":{"line":118,"column":19},"end":{"line":121,"column":null}}]},"26":{"loc":{"start":{"line":118,"column":23},"end":{"line":118,"column":62}},"type":"binary-expr","locations":[{"start":{"line":118,"column":23},"end":{"line":118,"column":35}},{"start":{"line":118,"column":39},"end":{"line":118,"column":62}}]},"27":{"loc":{"start":{"line":127,"column":13},"end":{"line":127,"column":68}},"type":"binary-expr","locations":[{"start":{"line":127,"column":13},"end":{"line":127,"column":46}},{"start":{"line":127,"column":50},"end":{"line":127,"column":68}}]},"28":{"loc":{"start":{"line":127,"column":13},"end":{"line":127,"column":46}},"type":"cond-expr","locations":[{"start":{"line":127,"column":42},"end":{"line":127,"column":44}},{"start":{"line":127,"column":42},"end":{"line":127,"column":46}}]},"29":{"loc":{"start":{"line":127,"column":13},"end":{"line":127,"column":44}},"type":"binary-expr","locations":[{"start":{"line":127,"column":13},"end":{"line":127,"column":44}},{"start":{"line":127,"column":42},"end":{"line":127,"column":44}}]},"30":{"loc":{"start":{"line":131,"column":13},"end":{"line":131,"column":73}},"type":"binary-expr","locations":[{"start":{"line":131,"column":13},"end":{"line":131,"column":51}},{"start":{"line":131,"column":55},"end":{"line":131,"column":73}}]},"31":{"loc":{"start":{"line":131,"column":13},"end":{"line":131,"column":51}},"type":"cond-expr","locations":[{"start":{"line":131,"column":47},"end":{"line":131,"column":49}},{"start":{"line":131,"column":47},"end":{"line":131,"column":51}}]},"32":{"loc":{"start":{"line":131,"column":13},"end":{"line":131,"column":49}},"type":"binary-expr","locations":[{"start":{"line":131,"column":13},"end":{"line":131,"column":49}},{"start":{"line":131,"column":47},"end":{"line":131,"column":49}}]},"33":{"loc":{"start":{"line":137,"column":38},"end":{"line":137,"column":59}},"type":"cond-expr","locations":[{"start":{"line":137,"column":38},"end":{"line":137,"column":48}},{"start":{"line":137,"column":52},"end":{"line":137,"column":59}}]},"34":{"loc":{"start":{"line":137,"column":38},"end":{"line":137,"column":52}},"type":"binary-expr","locations":[{"start":{"line":137,"column":38},"end":{"line":137,"column":52}},{"start":{"line":137,"column":38},"end":{"line":137,"column":52}}]},"35":{"loc":{"start":{"line":141,"column":6},"end":{"line":143,"column":null}},"type":"if","locations":[{"start":{"line":141,"column":6},"end":{"line":143,"column":null}}]},"36":{"loc":{"start":{"line":147,"column":6},"end":{"line":149,"column":null}},"type":"if","locations":[{"start":{"line":147,"column":6},"end":{"line":149,"column":null}}]},"37":{"loc":{"start":{"line":162,"column":13},"end":{"line":162,"column":119}},"type":"binary-expr","locations":[{"start":{"line":162,"column":13},"end":{"line":162,"column":47}},{"start":{"line":162,"column":51},"end":{"line":162,"column":119}}]},"38":{"loc":{"start":{"line":169,"column":57},"end":{"line":169,"column":78}},"type":"default-arg","locations":[{"start":{"line":169,"column":73},"end":{"line":169,"column":78}}]},"39":{"loc":{"start":{"line":169,"column":80},"end":{"line":169,"column":102}},"type":"default-arg","locations":[{"start":{"line":169,"column":100},"end":{"line":169,"column":102}}]},"40":{"loc":{"start":{"line":171,"column":6},"end":{"line":173,"column":null}},"type":"if","locations":[{"start":{"line":171,"column":6},"end":{"line":173,"column":null}}]},"41":{"loc":{"start":{"line":175,"column":22},"end":{"line":175,"column":58}},"type":"cond-expr","locations":[{"start":{"line":175,"column":38},"end":{"line":175,"column":53}},{"start":{"line":175,"column":56},"end":{"line":175,"column":58}}]},"42":{"loc":{"start":{"line":195,"column":6},"end":{"line":208,"column":null}},"type":"if","locations":[{"start":{"line":195,"column":6},"end":{"line":208,"column":null}}]},"43":{"loc":{"start":{"line":213,"column":6},"end":{"line":229,"column":null}},"type":"if","locations":[{"start":{"line":213,"column":6},"end":{"line":229,"column":null}}]},"44":{"loc":{"start":{"line":218,"column":9},"end":{"line":220,"column":null}},"type":"if","locations":[{"start":{"line":218,"column":9},"end":{"line":220,"column":null}}]},"45":{"loc":{"start":{"line":224,"column":9},"end":{"line":226,"column":null}},"type":"if","locations":[{"start":{"line":224,"column":9},"end":{"line":226,"column":null}}]},"46":{"loc":{"start":{"line":235,"column":6},"end":{"line":239,"column":null}},"type":"if","locations":[{"start":{"line":235,"column":6},"end":{"line":239,"column":null}}]},"47":{"loc":{"start":{"line":235,"column":10},"end":{"line":235,"column":50}},"type":"binary-expr","locations":[{"start":{"line":235,"column":10},"end":{"line":235,"column":21}},{"start":{"line":235,"column":25},"end":{"line":235,"column":50}}]},"48":{"loc":{"start":{"line":235,"column":26},"end":{"line":235,"column":48}},"type":"cond-expr","locations":[{"start":{"line":235,"column":37},"end":{"line":235,"column":39}},{"start":{"line":235,"column":26},"end":{"line":235,"column":48}}]},"49":{"loc":{"start":{"line":235,"column":26},"end":{"line":235,"column":39}},"type":"binary-expr","locations":[{"start":{"line":235,"column":26},"end":{"line":235,"column":39}},{"start":{"line":235,"column":26},"end":{"line":235,"column":39}}]},"50":{"loc":{"start":{"line":243,"column":37},"end":{"line":243,"column":null}},"type":"if","locations":[{"start":{"line":243,"column":37},"end":{"line":243,"column":null}}]},"51":{"loc":{"start":{"line":243,"column":37},"end":{"line":243,"column":110}},"type":"cond-expr","locations":[{"start":{"line":243,"column":99},"end":{"line":243,"column":101}},{"start":{"line":243,"column":99},"end":{"line":243,"column":110}}]},"52":{"loc":{"start":{"line":243,"column":37},"end":{"line":243,"column":101}},"type":"binary-expr","locations":[{"start":{"line":243,"column":37},"end":{"line":243,"column":101}},{"start":{"line":243,"column":99},"end":{"line":243,"column":101}}]},"53":{"loc":{"start":{"line":244,"column":46},"end":{"line":244,"column":73}},"type":"binary-expr","locations":[{"start":{"line":244,"column":46},"end":{"line":244,"column":50}},{"start":{"line":244,"column":54},"end":{"line":244,"column":73}}]},"54":{"loc":{"start":{"line":245,"column":6},"end":{"line":247,"column":null}},"type":"if","locations":[{"start":{"line":245,"column":6},"end":{"line":247,"column":null}}]},"55":{"loc":{"start":{"line":252,"column":6},"end":{"line":254,"column":null}},"type":"if","locations":[{"start":{"line":252,"column":6},"end":{"line":254,"column":null}}]},"56":{"loc":{"start":{"line":252,"column":10},"end":{"line":252,"column":73}},"type":"binary-expr","locations":[{"start":{"line":252,"column":10},"end":{"line":252,"column":29}},{"start":{"line":252,"column":33},"end":{"line":252,"column":73}}]},"57":{"loc":{"start":{"line":252,"column":33},"end":{"line":252,"column":56}},"type":"cond-expr","locations":[{"start":{"line":252,"column":52},"end":{"line":252,"column":54}},{"start":{"line":252,"column":33},"end":{"line":252,"column":56}}]},"58":{"loc":{"start":{"line":252,"column":33},"end":{"line":252,"column":54}},"type":"binary-expr","locations":[{"start":{"line":252,"column":33},"end":{"line":252,"column":54}},{"start":{"line":252,"column":33},"end":{"line":252,"column":54}}]},"59":{"loc":{"start":{"line":262,"column":38},"end":{"line":262,"column":76}},"type":"cond-expr","locations":[{"start":{"line":262,"column":71},"end":{"line":262,"column":73}},{"start":{"line":262,"column":71},"end":{"line":262,"column":76}}]},"60":{"loc":{"start":{"line":262,"column":38},"end":{"line":262,"column":73}},"type":"binary-expr","locations":[{"start":{"line":262,"column":38},"end":{"line":262,"column":73}},{"start":{"line":262,"column":71},"end":{"line":262,"column":73}}]},"61":{"loc":{"start":{"line":270,"column":6},"end":{"line":274,"column":null}},"type":"if","locations":[{"start":{"line":270,"column":6},"end":{"line":274,"column":null}},{"start":{"line":272,"column":13},"end":{"line":274,"column":null}}]},"62":{"loc":{"start":{"line":272,"column":13},"end":{"line":274,"column":null}},"type":"if","locations":[{"start":{"line":272,"column":13},"end":{"line":274,"column":null}}]},"63":{"loc":{"start":{"line":280,"column":3},"end":{"line":282,"column":null}},"type":"if","locations":[{"start":{"line":280,"column":3},"end":{"line":282,"column":null}}]}},"s":{"0":6,"1":6,"2":6,"3":6,"4":6,"5":0,"6":6,"7":0,"8":6,"9":0,"10":6,"11":0,"12":0,"13":6,"14":0,"15":6,"16":0,"17":0,"18":0,"19":0,"20":0,"21":0,"22":0,"23":0,"24":6,"25":5,"26":5,"27":5,"28":5,"29":5,"30":5,"31":5,"32":5,"33":5,"34":0,"35":5,"36":0,"37":0,"38":0,"39":0,"40":0,"41":0,"42":0,"43":0,"44":0,"45":0,"46":0,"47":0,"48":8,"49":0,"50":24,"51":24,"52":32,"53":0,"54":32,"55":32,"56":0,"57":32,"58":0,"59":0,"60":32,"61":0,"62":0,"63":0,"64":0,"65":0,"66":0,"67":0,"68":0,"69":0,"70":0,"71":0,"72":0,"73":0,"74":0,"75":0,"76":0,"77":0,"78":0,"79":0,"80":0,"81":0,"82":0,"83":0,"84":0,"85":0,"86":0,"87":0,"88":0,"89":0,"90":0,"91":0,"92":0,"93":0,"94":0,"95":0,"96":0,"97":0,"98":0,"99":0,"100":0,"101":0,"102":0,"103":0,"104":0,"105":0,"106":0,"107":0,"108":0,"109":0,"110":0,"111":0,"112":0,"113":0,"114":0,"115":0,"116":0,"117":0,"118":0,"119":0,"120":6,"121":0,"122":0,"123":0,"124":0,"125":0,"126":0,"127":0,"128":0,"129":0,"130":0,"131":0,"132":0},"f":{"0":0,"1":0,"2":0,"3":0,"4":0,"5":0,"6":0,"7":5,"8":0,"9":0,"10":0,"11":0,"12":0,"13":8,"14":0,"15":24,"16":32,"17":0,"18":0,"19":0,"20":0,"21":0,"22":0,"23":0,"24":0,"25":0,"26":0,"27":0,"28":0,"29":0,"30":0,"31":0,"32":0,"33":0,"34":0,"35":0,"36":0,"37":0,"38":0},"b":{"0":[0],"1":[0,0],"2":[0,0,0],"3":[0,0],"4":[0,0],"5":[0,0],"6":[0,0],"7":[0],"8":[0],"9":[0,0],"10":[0,0],"11":[0,0],"12":[0,0],"13":[0],"14":[0],"15":[0,0],"16":[0,0],"17":[0,0],"18":[0],"19":[5],"20":[5],"21":[5],"22":[5],"23":[5],"24":[0,0],"25":[0],"26":[0,0],"27":[8,8],"28":[8,0],"29":[8,8],"30":[0,0],"31":[0,0],"32":[0,0],"33":[0,24],"34":[24,24],"35":[0],"36":[0],"37":[0,0],"38":[0],"39":[0],"40":[0],"41":[0,0],"42":[0],"43":[0],"44":[0],"45":[0],"46":[0],"47":[0,0],"48":[0,0],"49":[0,0],"50":[0],"51":[0,0],"52":[0,0],"53":[0,0],"54":[0],"55":[0],"56":[0,0],"57":[0,0],"58":[0,0],"59":[0,0],"60":[0,0],"61":[0,0],"62":[0],"63":[0]}}
,"C:\\git\\GitHub\\crossmodel\\extensions\\crossmodel-lang\\src\\language-server\\cross-model-scope-provider.ts": {"path":"C:\\git\\GitHub\\crossmodel\\extensions\\crossmodel-lang\\src\\language-server\\cross-model-scope-provider.ts","statementMap":{"0":{"start":{"line":4,"column":0},"end":{"line":4,"column":115}},"1":{"start":{"line":6,"column":0},"end":{"line":6,"column":99}},"2":{"start":{"line":14,"column":6},"end":{"line":14,"column":22}},"3":{"start":{"line":13,"column":25},"end":{"line":13,"column":53}},"4":{"start":{"line":13,"column":65},"end":{"line":13,"column":82}},"5":{"start":{"line":24,"column":6},"end":{"line":26,"column":74}},"6":{"start":{"line":31,"column":26},"end":{"line":31,"column":70}},"7":{"start":{"line":34,"column":21},"end":{"line":34,"column":51}},"8":{"start":{"line":35,"column":28},"end":{"line":35,"column":77}},"9":{"start":{"line":38,"column":30},"end":{"line":45,"column":null}},"10":{"start":{"line":43,"column":18},"end":{"line":44,"column":94}},"11":{"start":{"line":50,"column":27},"end":{"line":52,"column":null}},"12":{"start":{"line":51,"column":60},"end":{"line":51,"column":108}},"13":{"start":{"line":55,"column":6},"end":{"line":55,"column":26}},"14":{"start":{"line":12,"column":0},"end":{"line":12,"column":13}},"15":{"start":{"line":59,"column":0},"end":{"line":59,"column":13}}},"fnMap":{"0":{"name":"(anonymous_0)","decl":{"start":{"line":13,"column":3},"end":{"line":13,"column":25}},"loc":{"start":{"line":13,"column":122},"end":{"line":15,"column":4}}},"1":{"name":"(anonymous_1)","decl":{"start":{"line":23,"column":13},"end":{"line":23,"column":25}},"loc":{"start":{"line":23,"column":57},"end":{"line":27,"column":4}}},"2":{"name":"(anonymous_2)","decl":{"start":{"line":29,"column":22},"end":{"line":29,"column":36}},"loc":{"start":{"line":29,"column":82},"end":{"line":56,"column":4}}},"3":{"name":"(anonymous_3)","decl":{"start":{"line":42,"column":15},"end":{"line":42,"column":26}},"loc":{"start":{"line":43,"column":18},"end":{"line":44,"column":94}}},"4":{"name":"(anonymous_4)","decl":{"start":{"line":51,"column":45},"end":{"line":51,"column":56}},"loc":{"start":{"line":51,"column":60},"end":{"line":51,"column":108}}}},"branchMap":{"0":{"loc":{"start":{"line":13,"column":65},"end":{"line":13,"column":122}},"type":"default-arg","locations":[{"start":{"line":13,"column":82},"end":{"line":13,"column":122}}]},"1":{"loc":{"start":{"line":24,"column":13},"end":{"line":26,"column":73}},"type":"cond-expr","locations":[{"start":{"line":25,"column":11},"end":{"line":25,"column":32}},{"start":{"line":26,"column":11},"end":{"line":26,"column":73}}]},"2":{"loc":{"start":{"line":43,"column":18},"end":{"line":44,"column":94}},"type":"binary-expr","locations":[{"start":{"line":43,"column":18},"end":{"line":43,"column":74}},{"start":{"line":44,"column":18},"end":{"line":44,"column":94}}]}},"s":{"0":6,"1":6,"2":4,"3":4,"4":4,"5":0,"6":8,"7":8,"8":8,"9":8,"10":0,"11":8,"12":0,"13":8,"14":6,"15":6},"f":{"0":4,"1":0,"2":8,"3":0,"4":0},"b":{"0":[4],"1":[0,0],"2":[0,0]}}
,"C:\\git\\GitHub\\crossmodel\\extensions\\crossmodel-lang\\src\\language-server\\cross-model-scope.ts": {"path":"C:\\git\\GitHub\\crossmodel\\extensions\\crossmodel-lang\\src\\language-server\\cross-model-scope.ts","statementMap":{"0":{"start":{"line":5,"column":0},"end":{"line":5,"column":134}},"1":{"start":{"line":6,"column":0},"end":{"line":6,"column":51}},"2":{"start":{"line":9,"column":0},"end":{"line":9,"column":120}},"3":{"start":{"line":10,"column":0},"end":{"line":10,"column":51}},"4":{"start":{"line":17,"column":13},"end":{"line":17,"column":30}},"5":{"start":{"line":18,"column":13},"end":{"line":18,"column":25}},"6":{"start":{"line":19,"column":13},"end":{"line":19,"column":41}},"7":{"start":{"line":20,"column":13},"end":{"line":20,"column":20}},"8":{"start":{"line":21,"column":13},"end":{"line":21,"column":27}},"9":{"start":{"line":22,"column":13},"end":{"line":22,"column":32}},"10":{"start":{"line":23,"column":13},"end":{"line":23,"column":20}},"11":{"start":{"line":24,"column":13},"end":{"line":24,"column":27}},"12":{"start":{"line":25,"column":13},"end":{"line":25,"column":20}},"13":{"start":{"line":15,"column":0},"end":{"line":15,"column":13}},"14":{"start":{"line":34,"column":6},"end":{"line":34,"column":41}},"15":{"start":{"line":32,"column":0},"end":{"line":32,"column":13}},"16":{"start":{"line":43,"column":6},"end":{"line":43,"column":41}},"17":{"start":{"line":41,"column":0},"end":{"line":41,"column":13}},"18":{"start":{"line":48,"column":3},"end":{"line":48,"column":133}},"19":{"start":{"line":47,"column":0},"end":{"line":47,"column":16}},"20":{"start":{"line":62,"column":6},"end":{"line":62,"column":22}},"21":{"start":{"line":63,"column":6},"end":{"line":63,"column":68}},"22":{"start":{"line":64,"column":6},"end":{"line":64,"column":69}},"23":{"start":{"line":74,"column":22},"end":{"line":74,"column":48}},"24":{"start":{"line":75,"column":6},"end":{"line":78,"column":null}},"25":{"start":{"line":77,"column":9},"end":{"line":77,"column":19}},"26":{"start":{"line":79,"column":6},"end":{"line":79,"column":86}},"27":{"start":{"line":83,"column":26},"end":{"line":83,"column":80}},"28":{"start":{"line":84,"column":24},"end":{"line":84,"column":61}},"29":{"start":{"line":85,"column":26},"end":{"line":85,"column":81}},"30":{"start":{"line":86,"column":35},"end":{"line":86,"column":93}},"31":{"start":{"line":93,"column":6},"end":{"line":96,"column":null}},"32":{"start":{"line":94,"column":9},"end":{"line":94,"column":97}},"33":{"start":{"line":95,"column":9},"end":{"line":95,"column":107}},"34":{"start":{"line":97,"column":32},"end":{"line":97,"column":72}},"35":{"start":{"line":98,"column":6},"end":{"line":100,"column":null}},"36":{"start":{"line":99,"column":9},"end":{"line":99,"column":101}},"37":{"start":{"line":104,"column":24},"end":{"line":104,"column":39}},"38":{"start":{"line":105,"column":6},"end":{"line":110,"column":null}},"39":{"start":{"line":106,"column":22},"end":{"line":106,"column":58}},"40":{"start":{"line":107,"column":9},"end":{"line":109,"column":null}},"41":{"start":{"line":108,"column":12},"end":{"line":108,"column":93}},"42":{"start":{"line":57,"column":0},"end":{"line":57,"column":13}}},"fnMap":{"0":{"name":"(anonymous_0)","decl":{"start":{"line":16,"column":3},"end":{"line":16,"column":null}},"loc":{"start":{"line":25,"column":33},"end":{"line":26,"column":7}}},"1":{"name":"(anonymous_1)","decl":{"start":{"line":33,"column":3},"end":{"line":33,"column":15}},"loc":{"start":{"line":33,"column":78},"end":{"line":35,"column":4}}},"2":{"name":"(anonymous_2)","decl":{"start":{"line":42,"column":3},"end":{"line":42,"column":15}},"loc":{"start":{"line":42,"column":78},"end":{"line":44,"column":4}}},"3":{"name":"isExternalDescriptionForLocalPackage","decl":{"start":{"line":47,"column":16},"end":{"line":47,"column":52}},"loc":{"start":{"line":47,"column":104},"end":{"line":49,"column":1}}},"4":{"name":"(anonymous_4)","decl":{"start":{"line":61,"column":3},"end":{"line":61,"column":15}},"loc":{"start":{"line":61,"column":43},"end":{"line":65,"column":4}}},"5":{"name":"(anonymous_5)","decl":{"start":{"line":68,"column":12},"end":{"line":68,"column":17}},"loc":{"start":{"line":72,"column":61},"end":{"line":80,"column":4}}},"6":{"name":"(anonymous_6)","decl":{"start":{"line":82,"column":22},"end":{"line":82,"column":32}},"loc":{"start":{"line":82,"column":113},"end":{"line":101,"column":4}}},"7":{"name":"(anonymous_7)","decl":{"start":{"line":103,"column":22},"end":{"line":103,"column":33}},"loc":{"start":{"line":103,"column":101},"end":{"line":111,"column":4}}}},"branchMap":{"0":{"loc":{"start":{"line":20,"column":13},"end":{"line":20,"column":33}},"type":"default-arg","locations":[{"start":{"line":20,"column":20},"end":{"line":20,"column":33}}]},"1":{"loc":{"start":{"line":21,"column":13},"end":{"line":21,"column":47}},"type":"default-arg","locations":[{"start":{"line":21,"column":27},"end":{"line":21,"column":47}}]},"2":{"loc":{"start":{"line":22,"column":13},"end":{"line":22,"column":57}},"type":"default-arg","locations":[{"start":{"line":22,"column":32},"end":{"line":22,"column":57}}]},"3":{"loc":{"start":{"line":23,"column":13},"end":{"line":23,"column":33}},"type":"default-arg","locations":[{"start":{"line":23,"column":20},"end":{"line":23,"column":33}}]},"4":{"loc":{"start":{"line":24,"column":13},"end":{"line":24,"column":47}},"type":"default-arg","locations":[{"start":{"line":24,"column":27},"end":{"line":24,"column":47}}]},"5":{"loc":{"start":{"line":25,"column":13},"end":{"line":25,"column":33}},"type":"default-arg","locations":[{"start":{"line":25,"column":20},"end":{"line":25,"column":33}}]},"6":{"loc":{"start":{"line":48,"column":10},"end":{"line":48,"column":132}},"type":"binary-expr","locations":[{"start":{"line":48,"column":10},"end":{"line":48,"column":33}},{"start":{"line":48,"column":37},"end":{"line":48,"column":93}},{"start":{"line":48,"column":97},"end":{"line":48,"column":132}}]},"7":{"loc":{"start":{"line":71,"column":6},"end":{"line":71,"column":72}},"type":"default-arg","locations":[{"start":{"line":71,"column":55},"end":{"line":71,"column":72}}]},"8":{"loc":{"start":{"line":72,"column":6},"end":{"line":72,"column":61}},"type":"default-arg","locations":[{"start":{"line":72,"column":39},"end":{"line":72,"column":61}}]},"9":{"loc":{"start":{"line":75,"column":6},"end":{"line":78,"column":null}},"type":"if","locations":[{"start":{"line":75,"column":6},"end":{"line":78,"column":null}}]},"10":{"loc":{"start":{"line":75,"column":10},"end":{"line":75,"column":54}},"type":"binary-expr","locations":[{"start":{"line":75,"column":10},"end":{"line":75,"column":35}},{"start":{"line":75,"column":39},"end":{"line":75,"column":54}}]},"11":{"loc":{"start":{"line":84,"column":24},"end":{"line":84,"column":61}},"type":"cond-expr","locations":[{"start":{"line":84,"column":39},"end":{"line":84,"column":43}},{"start":{"line":84,"column":43},"end":{"line":84,"column":61}}]},"12":{"loc":{"start":{"line":84,"column":24},"end":{"line":84,"column":43}},"type":"binary-expr","locations":[{"start":{"line":84,"column":24},"end":{"line":84,"column":43}},{"start":{"line":84,"column":39},"end":{"line":84,"column":43}}]},"13":{"loc":{"start":{"line":84,"column":24},"end":{"line":84,"column":39}},"type":"cond-expr","locations":[{"start":{"line":84,"column":35},"end":{"line":84,"column":37}},{"start":{"line":84,"column":24},"end":{"line":84,"column":39}}]},"14":{"loc":{"start":{"line":84,"column":24},"end":{"line":84,"column":37}},"type":"binary-expr","locations":[{"start":{"line":84,"column":24},"end":{"line":84,"column":37}},{"start":{"line":84,"column":24},"end":{"line":84,"column":37}}]},"15":{"loc":{"start":{"line":85,"column":26},"end":{"line":85,"column":81}},"type":"cond-expr","locations":[{"start":{"line":85,"column":52},"end":{"line":85,"column":56}},{"start":{"line":85,"column":56},"end":{"line":85,"column":81}}]},"16":{"loc":{"start":{"line":85,"column":26},"end":{"line":85,"column":56}},"type":"binary-expr","locations":[{"start":{"line":85,"column":26},"end":{"line":85,"column":56}},{"start":{"line":85,"column":52},"end":{"line":85,"column":56}}]},"17":{"loc":{"start":{"line":85,"column":26},"end":{"line":85,"column":52}},"type":"cond-expr","locations":[{"start":{"line":85,"column":37},"end":{"line":85,"column":39}},{"start":{"line":85,"column":26},"end":{"line":85,"column":52}}]},"18":{"loc":{"start":{"line":85,"column":26},"end":{"line":85,"column":39}},"type":"binary-expr","locations":[{"start":{"line":85,"column":26},"end":{"line":85,"column":39}},{"start":{"line":85,"column":26},"end":{"line":85,"column":39}}]},"19":{"loc":{"start":{"line":93,"column":6},"end":{"line":96,"column":null}},"type":"if","locations":[{"start":{"line":93,"column":6},"end":{"line":96,"column":null}}]},"20":{"loc":{"start":{"line":98,"column":6},"end":{"line":100,"column":null}},"type":"if","locations":[{"start":{"line":98,"column":6},"end":{"line":100,"column":null}}]},"21":{"loc":{"start":{"line":98,"column":10},"end":{"line":98,"column":42}},"type":"binary-expr","locations":[{"start":{"line":98,"column":10},"end":{"line":98,"column":27}},{"start":{"line":98,"column":31},"end":{"line":98,"column":42}}]},"22":{"loc":{"start":{"line":105,"column":6},"end":{"line":110,"column":null}},"type":"if","locations":[{"start":{"line":105,"column":6},"end":{"line":110,"column":null}}]},"23":{"loc":{"start":{"line":107,"column":9},"end":{"line":109,"column":null}},"type":"if","locations":[{"start":{"line":107,"column":9},"end":{"line":109,"column":null}}]}},"s":{"0":6,"1":6,"2":6,"3":6,"4":42,"5":42,"6":42,"7":42,"8":42,"9":42,"10":42,"11":42,"12":42,"13":6,"14":18,"15":6,"16":24,"17":6,"18":0,"19":6,"20":4,"21":4,"22":4,"23":16,"24":16,"25":10,"26":6,"27":24,"28":24,"29":24,"30":24,"31":24,"32":24,"33":24,"34":24,"35":24,"36":18,"37":41,"38":41,"39":41,"40":41,"41":36,"42":6},"f":{"0":42,"1":18,"2":24,"3":0,"4":4,"5":16,"6":24,"7":41},"b":{"0":[42],"1":[42],"2":[42],"3":[42],"4":[42],"5":[42],"6":[0,0,0],"7":[16],"8":[0],"9":[10],"10":[16,16],"11":[0,24],"12":[24,24],"13":[24,0],"14":[24,24],"15":[0,24],"16":[24,24],"17":[24,0],"18":[24,24],"19":[24],"20":[18],"21":[24,18],"22":[41],"23":[36]}}
,"C:\\git\\GitHub\\crossmodel\\extensions\\crossmodel-lang\\src\\language-server\\cross-model-serializer.ts": {"path":"C:\\git\\GitHub\\crossmodel\\extensions\\crossmodel-lang\\src\\language-server\\cross-model-serializer.ts","statementMap":{"0":{"start":{"line":5,"column":0},"end":{"line":5,"column":38}},"1":{"start":{"line":10,"column":23},"end":{"line":30,"column":2}},"2":{"start":{"line":47,"column":26},"end":{"line":47,"column":54}},"3":{"start":{"line":47,"column":66},"end":{"line":47,"column":84}},"4":{"start":{"line":50,"column":80},"end":{"line":50,"column":111}},"5":{"start":{"line":51,"column":8},"end":{"line":51,"column":97}},"6":{"start":{"line":55,"column":8},"end":{"line":61,"column":null}},"7":{"start":{"line":56,"column":12},"end":{"line":56,"column":64}},"8":{"start":{"line":57,"column":15},"end":{"line":61,"column":null}},"9":{"start":{"line":58,"column":12},"end":{"line":58,"column":114}},"10":{"start":{"line":60,"column":12},"end":{"line":60,"column":41}},"11":{"start":{"line":65,"column":28},"end":{"line":65,"column":90}},"12":{"start":{"line":67,"column":37},"end":{"line":89,"column":47}},"13":{"start":{"line":68,"column":35},"end":{"line":68,"column":101}},"14":{"start":{"line":70,"column":16},"end":{"line":72,"column":null}},"15":{"start":{"line":71,"column":20},"end":{"line":71,"column":27}},"16":{"start":{"line":74,"column":40},"end":{"line":74,"column":84}},"17":{"start":{"line":77,"column":16},"end":{"line":81,"column":null}},"18":{"start":{"line":78,"column":20},"end":{"line":78,"column":33}},"19":{"start":{"line":79,"column":23},"end":{"line":81,"column":null}},"20":{"start":{"line":80,"column":20},"end":{"line":80,"column":31}},"21":{"start":{"line":83,"column":16},"end":{"line":87,"column":null}},"22":{"start":{"line":84,"column":20},"end":{"line":84,"column":105}},"23":{"start":{"line":86,"column":20},"end":{"line":86,"column":70}},"24":{"start":{"line":89,"column":28},"end":{"line":89,"column":46}},"25":{"start":{"line":91,"column":8},"end":{"line":91,"column":76}},"26":{"start":{"line":95,"column":32},"end":{"line":98,"column":52}},"27":{"start":{"line":96,"column":25},"end":{"line":96,"column":68}},"28":{"start":{"line":97,"column":25},"end":{"line":97,"column":125}},"29":{"start":{"line":99,"column":8},"end":{"line":99,"column":31}},"30":{"start":{"line":103,"column":8},"end":{"line":105,"column":null}},"31":{"start":{"line":104,"column":12},"end":{"line":104,"column":35}},"32":{"start":{"line":107,"column":31},"end":{"line":107,"column":115}},"33":{"start":{"line":108,"column":8},"end":{"line":108,"column":30}},"34":{"start":{"line":119,"column":8},"end":{"line":121,"column":92}},"35":{"start":{"line":120,"column":38},"end":{"line":120,"column":58}},"36":{"start":{"line":121,"column":44},"end":{"line":121,"column":85}},"37":{"start":{"line":125,"column":8},"end":{"line":131,"column":null}},"38":{"start":{"line":126,"column":12},"end":{"line":126,"column":60}},"39":{"start":{"line":126,"column":37},"end":{"line":126,"column":58}},"40":{"start":{"line":127,"column":15},"end":{"line":131,"column":null}},"41":{"start":{"line":128,"column":12},"end":{"line":128,"column":52}},"42":{"start":{"line":130,"column":12},"end":{"line":130,"column":45}},"43":{"start":{"line":135,"column":8},"end":{"line":135,"column":62}},"44":{"start":{"line":139,"column":8},"end":{"line":141,"column":null}},"45":{"start":{"line":140,"column":12},"end":{"line":140,"column":34}},"46":{"start":{"line":142,"column":8},"end":{"line":142,"column":21}},"47":{"start":{"line":37,"column":0},"end":{"line":37,"column":13}},"48":{"start":{"line":39,"column":20},"end":{"line":39,"column":40}},"49":{"start":{"line":41,"column":20},"end":{"line":41,"column":43}},"50":{"start":{"line":43,"column":20},"end":{"line":43,"column":50}},"51":{"start":{"line":45,"column":20},"end":{"line":45,"column":49}}},"fnMap":{"0":{"name":"(anonymous_0)","decl":{"start":{"line":47,"column":4},"end":{"line":47,"column":26}},"loc":{"start":{"line":47,"column":125},"end":{"line":47,"column":129}}},"1":{"name":"(anonymous_1)","decl":{"start":{"line":49,"column":4},"end":{"line":49,"column":13}},"loc":{"start":{"line":49,"column":34},"end":{"line":52,"column":5}}},"2":{"name":"(anonymous_2)","decl":{"start":{"line":54,"column":12},"end":{"line":54,"column":26}},"loc":{"start":{"line":54,"column":63},"end":{"line":62,"column":5}}},"3":{"name":"(anonymous_3)","decl":{"start":{"line":64,"column":12},"end":{"line":64,"column":27}},"loc":{"start":{"line":64,"column":78},"end":{"line":92,"column":5}}},"4":{"name":"(anonymous_4)","decl":{"start":{"line":68,"column":18},"end":{"line":68,"column":19}},"loc":{"start":{"line":68,"column":35},"end":{"line":68,"column":101}}},"5":{"name":"(anonymous_5)","decl":{"start":{"line":69,"column":17},"end":{"line":69,"column":18}},"loc":{"start":{"line":69,"column":34},"end":{"line":88,"column":13}}},"6":{"name":"(anonymous_6)","decl":{"start":{"line":89,"column":20},"end":{"line":89,"column":24}},"loc":{"start":{"line":89,"column":28},"end":{"line":89,"column":46}}},"7":{"name":"(anonymous_7)","decl":{"start":{"line":94,"column":12},"end":{"line":94,"colu
[...]
":17}},"loc":{"start":{"line":79,"column":26},"end":{"line":81,"column":5}}},"10":{"name":"(anonymous_10)","decl":{"start":{"line":83,"column":4},"end":{"line":83,"column":18}},"loc":{"start":{"line":83,"column":30},"end":{"line":85,"column":5}}},"11":{"name":"(anonymous_11)","decl":{"start":{"line":87,"column":4},"end":{"line":87,"column":18}},"loc":{"start":{"line":87,"column":37},"end":{"line":89,"column":5}}},"12":{"name":"(anonymous_12)","decl":{"start":{"line":91,"column":20},"end":{"line":91,"column":26}},"loc":{"start":{"line":91,"column":42},"end":{"line":127,"column":5}}},"13":{"name":"(anonymous_13)","decl":{"start":{"line":95,"column":45},"end":{"line":95,"column":46}},"loc":{"start":{"line":95,"column":82},"end":{"line":97,"column":13}}},"14":{"name":"(anonymous_14)","decl":{"start":{"line":100,"column":47},"end":{"line":100,"column":48}},"loc":{"start":{"line":100,"column":86},"end":{"line":102,"column":13}}},"15":{"name":"(anonymous_15)","decl":{"start":{"line":105,"column":46},"end":{"line":105,"column":47}},"loc":{"start":{"line":105,"column":84},"end":{"line":107,"column":13}}},"16":{"name":"(anonymous_16)","decl":{"start":{"line":110,"column":46},"end":{"line":110,"column":47}},"loc":{"start":{"line":110,"column":84},"end":{"line":112,"column":13}}},"17":{"name":"(anonymous_17)","decl":{"start":{"line":115,"column":55},"end":{"line":115,"column":56}},"loc":{"start":{"line":116,"column":16},"end":{"line":116,"column":70}}},"18":{"name":"(anonymous_18)","decl":{"start":{"line":120,"column":45},"end":{"line":120,"column":46}},"loc":{"start":{"line":120,"column":82},"end":{"line":122,"column":13}}},"19":{"name":"(anonymous_19)","decl":{"start":{"line":124,"column":33},"end":{"line":124,"column":36}},"loc":{"start":{"line":124,"column":38},"end":{"line":126,"column":9}}},"20":{"name":"(anonymous_20)","decl":{"start":{"line":125,"column":32},"end":{"line":125,"column":42}},"loc":{"start":{"line":125,"column":46},"end":{"line":125,"column":66}}},"21":{"name":"(anonymous_21)","decl":{"start":{"line":129,"column":11},"end":{"line":129,"column":38}},"loc":{"start":{"line":129,"column":104},"end":{"line":156,"column":5}}},"22":{"name":"(anonymous_22)","decl":{"start":{"line":158,"column":11},"end":{"line":158,"column":37}},"loc":{"start":{"line":158,"column":102},"end":{"line":175,"column":5}}},"23":{"name":"(anonymous_23)","decl":{"start":{"line":177,"column":11},"end":{"line":177,"column":37}},"loc":{"start":{"line":177,"column":71},"end":{"line":182,"column":5}}},"24":{"name":"(anonymous_24)","decl":{"start":{"line":184,"column":11},"end":{"line":184,"column":46}},"loc":{"start":{"line":186,"column":32},"end":{"line":194,"column":5}}},"25":{"name":"(anonymous_25)","decl":{"start":{"line":196,"column":11},"end":{"line":196,"column":36}},"loc":{"start":{"line":196,"column":100},"end":{"line":202,"column":5}}},"26":{"name":"(anonymous_26)","decl":{"start":{"line":204,"column":11},"end":{"line":204,"column":36}},"loc":{"start":{"line":204,"column":100},"end":{"line":228,"column":5}}},"27":{"name":"(anonymous_27)","decl":{"start":{"line":230,"column":4},"end":{"line":230,"column":19}},"loc":{"start":{"line":230,"column":48},"end":{"line":232,"column":5}}},"28":{"name":"(anonymous_28)","decl":{"start":{"line":234,"column":4},"end":{"line":234,"column":10}},"loc":{"start":{"line":234,"column":22},"end":{"line":236,"column":5}}},"29":{"name":"(anonymous_29)","decl":{"start":{"line":238,"column":4},"end":{"line":238,"column":18}},"loc":{"start":{"line":238,"column":46},"end":{"line":240,"column":5}}},"30":{"name":"(anonymous_30)","decl":{"start":{"line":242,"column":4},"end":{"line":242,"column":26}},"loc":{"start":{"line":242,"column":38},"end":{"line":244,"column":5}}},"31":{"name":"(anonymous_31)","decl":{"start":{"line":246,"column":14},"end":{"line":246,"column":17}},"loc":{"start":{"line":246,"column":46},"end":{"line":249,"column":5}}}},"branchMap":{"0":{"loc":{"start":{"line":129,"column":75},"end":{"line":129,"column":104}},"type":"default-arg","locations":[{"start":{"line":129,"column":86},"end":{"line":129,"column":104}}]},"1":{"loc":{"start":{"line":132,"column":8},"end":{"line":134,"column":null}},"type":"if","locations":[{"start":{"line":132,"column":8},"end":{"line":134,"column":null}}]},"2":{"loc":{"start":{"line":138,"column":8},"end":{"line":140,"column":null}},"type":"if","locations":[{"start":{"line":138,"column":8},"end":{"line":140,"column":null}}]},"3":{"loc":{"start":{"line":138,"column":12},"end":{"line":138,"column":53}},"type":"binary-expr","locations":[{"start":{"line":138,"column":12},"end":{"line":138,"column":28}},{"start":{"line":138,"column":32},"end":{"line":138,"column":53}}]},"4":{"loc":{"start":{"line":143,"column":8},"end":{"line":155,"column":null}},"type":"if","locations":[{"start":{"line":143,"column":8},"end":{"line":155,"column":null}}]},"5":{"loc":{"start":{"line":144,"column":12},"end":{"line":147,"column":null}},"type":"if","locations":[{"start":{"line":144,"column":12},"end":{"line":147,"column":null}}]},"6":{"loc":{"start":{"line":150,"column":34},"end":{"line":150,"column":72}},"type":"binary-expr","locations":[{"start":{"line":150,"column":34},"end":{"line":150,"column":66}},{"start":{"line":150,"column":70},"end":{"line":150,"column":72}}]},"7":{"loc":{"start":{"line":158,"column":73},"end":{"line":158,"column":102}},"type":"default-arg","locations":[{"start":{"line":158,"column":84},"end":{"line":158,"column":102}}]},"8":{"loc":{"start":{"line":159,"column":8},"end":{"line":161,"column":null}},"type":"if","locations":[{"start":{"line":159,"column":8},"end":{"line":161,"column":null}}]},"9":{"loc":{"start":{"line":162,"column":8},"end":{"line":162,"column":76}},"type":"cond-expr","locations":[{"start":{"line":162,"column":58},"end":{"line":162,"column":60}},{"start":{"line":162,"column":58},"end":{"line":162,"column":76}}]},"10":{"loc":{"start":{"line":162,"column":8},"end":{"line":162,"column":60}},"type":"binary-expr","locations":[{"start":{"line":162,"column":8},"end":{"line":162,"column":60}},{"start":{"line":162,"column":58},"end":{"line":162,"column":60}}]},"11":{"loc":{"start":{"line":164,"column":8},"end":{"line":174,"column":null}},"type":"if","locations":[{"start":{"line":164,"column":8},"end":{"line":174,"column":null}}]},"12":{"loc":{"start":{"line":168,"column":12},"end":{"line":173,"column":null}},"type":"if","locations":[{"start":{"line":168,"column":12},"end":{"line":173,"column":null}}]},"13":{"loc":{"start":{"line":168,"column":17},"end":{"line":168,"column":73}},"type":"cond-expr","locations":[{"start":{"line":168,"column":67},"end":{"line":168,"column":69}},{"start":{"line":168,"column":67},"end":{"line":168,"column":73}}]},"14":{"loc":{"start":{"line":168,"column":17},"end":{"line":168,"column":69}},"type":"binary-expr","locations":[{"start":{"line":168,"column":17},"end":{"line":168,"column":69}},{"start":{"line":168,"column":67},"end":{"line":168,"column":69}}]},"15":{"loc":{"start":{"line":179,"column":8},"end":{"line":181,"column":null}},"type":"if","locations":[{"start":{"line":179,"column":8},"end":{"line":181,"column":null}}]},"16":{"loc":{"start":{"line":189,"column":8},"end":{"line":193,"column":null}},"type":"if","locations":[{"start":{"line":189,"column":8},"end":{"line":193,"column":null}},{"start":{"line":191,"column":15},"end":{"line":193,"column":null}}]},"17":{"loc":{"start":{"line":189,"column":12},"end":{"line":189,"column":68}},"type":"binary-expr","locations":[{"start":{"line":189,"column":12},"end":{"line":189,"column":40}},{"start":{"line":189,"column":44},"end":{"line":189,"column":68}}]},"18":{"loc":{"start":{"line":196,"column":71},"end":{"line":196,"column":100}},"type":"default-arg","locations":[{"start":{"line":196,"column":82},"end":{"line":196,"column":100}}]},"19":{"loc":{"start":{"line":198,"column":8},"end":{"line":201,"column":null}},"type":"if","locations":[{"start":{"line":198,"column":8},"end":{"line":201,"column":null}}]},"20":{"loc":{"start":{"line":204,"column":71},"end":{"line":204,"column":100}},"type":"default-arg","locations":[{"start":{"line":204,"column":82},"end":{"line":204,"column":100}}]},"21":{"loc":{"start":{"line":205,"column":8},"end":{"line":207,"column":null}},"type":"if","locations":[{"start":{"line":205,"column":8},"end":{"line":207,"column":null}}]},"22":{"loc":{"start":{"line":210,"column":24},"end":{"line":210,"column":71}},"type":"binary-expr","locations":[{"start":{"line":210,"column":24},"end":{"line":210,"column":58}},{"start":{"line":210,"column":62},"end":{"line":210,"column":71}}]},"23":{"loc":{"start":{"line":213,"column":8},"end":{"line":227,"column":null}},"type":"if","locations":[{"start":{"line":213,"column":8},"end":{"line":227,"column":null}},{"start":{"line":222,"column":15},"end":{"line":227,"column":null}}]},"24":{"loc":{"start":{"line":231,"column":15},"end":{"line":231,"column":55}},"type":"cond-expr","locations":[{"start":{"line":231,"column":44},"end":{"line":231,"column":47}},{"start":{"line":231,"column":44},"end":{"line":231,"column":55}}]},"25":{"loc":{"start":{"line":231,"column":15},"end":{"line":231,"column":47}},"type":"binary-expr","locations":[{"start":{"line":231,"column":15},"end":{"line":231,"column":47}},{"start":{"line":231,"column":44},"end":{"line":231,"column":47}}]},"26":{"loc":{"start":{"line":239,"column":17},"end":{"line":239,"column":61}},"type":"cond-expr","locations":[{"start":{"line":239,"column":48},"end":{"line":239,"column":50}},{"start":{"line":239,"column":48},"end":{"line":239,"column":61}}]},"27":{"loc":{"start":{"line":239,"column":17},"end":{"line":239,"column":50}},"type":"binary-expr","locations":[{"start":{"line":239,"column":17},"end":{"line":239,"column":50}},{"start":{"line":239,"column":48},"end":{"line":239,"column":50}}]}},"s":{"0":6,"1":6,"2":6,"3":6,"4":5,"5":5,"6":5,"7":5,"8":5,"9":0,"10":0,"11":0,"12":0,"13":0,"14":0,"15":0,"16":0,"17":0,"18":0,"19":0,"20":0,"21":0,"22":0,"23":0,"24":0,"25":0,"26":0,"27":0,"28":0,"29":0,"30":0,"31":0,"32":0,"33":0,"34":0,"35":0,"36":0,"37":0,"38":0,"39":0,"40":0,"41":0,"42":0,"43":0,"44":0,"45":0,"46":0,"47":0,"48":0,"49":0,"50":0,"51":0,"52":0,"53":0,"54":0,"55":0,"56":0,"57":0,"58":0,"59":0,"60":0,"61":0,"62":0,"63":0,"64":0,"65":0,"66":0,"67":0,"68":0,"69":0,"70":0,"71":0,"72":0,"73":0,"74":0,"75":0,"76":0,"77":0,"78":0,"79":0,"80":0,"81":0,"82":0,"83":0,"84":0,"85":0,"86":0,"87":0,"88":0,"89":0,"90":0,"91":0,"92":0,"93":0,"94":0,"95":0,"96":0,"97":0,"98":0,"99":0,"100":0,"101":0,"102":6},"f":{"0":5,"1":0,"2":0,"3":0,"4":0,"5":0,"6":0,"7":0,"8":0,"9":0,"10":0,"11":0,"12":0,"13":0,"14":0,"15":0,"16":0,"17":0,"18":0,"19":0,"20":0,"21":0,"22":0,"23":0,"24":0,"25":0,"26":0,"27":0,"28":0,"29":0,"30":0,"31":0},"b":{"0":[0],"1":[0],"2":[0],"3":[0,0],"4":[0],"5":[0],"6":[0,0],"7":[0],"8":[0],"9":[0,0],"10":[0,0],"11":[0],"12":[0],"13":[0,0],"14":[0,0],"15":[0],"16":[0,0],"17":[0,0],"18":[0],"19":[0],"20":[0],"21":[0],"22":[0,0],"23":[0,0],"24":[0,0],"25":[0,0],"26":[0,0],"27":[0,0]}}
,"C:\\git\\GitHub\\crossmodel\\extensions\\crossmodel-lang\\test\\language-server\\test-utils\\utils.ts": {"path":"C:\\git\\GitHub\\crossmodel\\extensions\\crossmodel-lang\\test\\language-server\\test-utils\\utils.ts","statementMap":{"0":{"start":{"line":5,"column":0},"end":{"line":5,"column":33}},"1":{"start":{"line":8,"column":21},"end":{"line":8,"column":58}},"2":{"start":{"line":9,"column":4},"end":{"line":11,"column":null}},"3":{"start":{"line":10,"column":8},"end":{"line":10,"column":52}},"4":{"start":{"line":12,"column":4},"end":{"line":12,"column":20}},"5":{"start":{"line":7,"column":0},"end":{"line":7,"column":7}},"6":{"start":{"line":16,"column":21},"end":{"line":16,"column":46}},"7":{"start":{"line":17,"column":28},"end":{"line":17,"column":69}},"8":{"start":{"line":18,"column":4},"end":{"line":25,"column":6}},"9":{"start":{"line":19,"column":29},"end":{"line":19,"column":75}},"10":{"start":{"line":20,"column":20},"end":{"line":20,"column":85}},"11":{"start":{"line":21,"column":25},"end":{"line":21,"column":99}},"12":{"start":{"line":22,"column":8},"end":{"line":22,"column":73}},"13":{"start":{"line":23,"column":8},"end":{"line":23,"column":48}},"14":{"start":{"line":24,"column":8},"end":{"line":24,"column":24}},"15":{"start":{"line":15,"column":0},"end":{"line":15,"column":16}}},"fnMap":{"0":{"name":"parseDocument","decl":{"start":{"line":7,"column":22},"end":{"line":7,"column":35}},"loc":{"start":{"line":7,"column":105},"end":{"line":13,"column":1}}},"1":{"name":"parseHelper","decl":{"start":{"line":15,"column":16},"end":{"line":15,"column":27}},"loc":{"start":{"line":15,"column":82},"end":{"line":26,"column":1}}},"2":{"name":"(anonymous_2)","decl":{"start":{"line":18,"column":11},"end":{"line":18,"column":16}},"loc":{"start":{"line":18,"column":25},"end":{"line":25,"column":5}}}},"branchMap":{"0":{"loc":{"start":{"line":9,"column":4},"end":{"line":11,"column":null}},"type":"if","locations":[{"start":{"line":9,"column":4},"end":{"line":11,"column":null}}]}},"s":{"0":4,"1":16,"2":16,"3":0,"4":16,"5":4,"6":16,"7":16,"8":16,"9":16,"10":16,"11":16,"12":16,"13":16,"14":16,"15":4},"f":{"0":16,"1":16,"2":16},"b":{"0":[0]}}
,"C:\\git\\GitHub\\crossmodel\\extensions\\crossmodel-lang\\test\\language-server\\test-utils\\test-documents\\diagram\\diagram1.ts": {"path":"C:\\git\\GitHub\\crossmodel\\extensions\\crossmodel-lang\\test\\language-server\\test-utils\\test-documents\\diagram\\diagram1.ts","statementMap":{"0":{"start":{"line":4,"column":13},"end":{"line":5,"column":26}}},"fnMap":{},"branchMap":{},"s":{"0":1},"f":{},"b":{}}
,"C:\\git\\GitHub\\crossmodel\\extensions\\crossmodel-lang\\test\\language-server\\test-utils\\test-documents\\diagram\\diagram2.ts": {"path":"C:\\git\\GitHub\\crossmodel\\extensions\\crossmodel-lang\\test\\language-server\\test-utils\\test-documents\\diagram\\diagram2.ts","statementMap":{"0":{"start":{"line":4,"column":13},"end":{"line":12,"column":20}}},"fnMap":{},"branchMap":{},"s":{"0":1},"f":{},"b":{}}
,"C:\\git\\GitHub\\crossmodel\\extensions\\crossmodel-lang\\test\\language-server\\test-utils\\test-documents\\diagram\\diagram3.ts": {"path":"C:\\git\\GitHub\\crossmodel\\extensions\\crossmodel-lang\\test\\language-server\\test-utils\\test-documents\\diagram\\diagram3.ts","statementMap":{"0":{"start":{"line":4,"column":13},"end":{"line":8,"column":40}}},"fnMap":{},"branchMap":{},"s":{"0":1},"f":{},"b":{}}
,"C:\\git\\GitHub\\crossmodel\\extensions\\crossmodel-lang\\test\\language-server\\test-utils\\test-documents\\diagram\\diagram4.ts": {"path":"C:\\git\\GitHub\\crossmodel\\extensions\\crossmodel-lang\\test\\language-server\\test-utils\\test-documents\\diagram\\diagram4.ts","statementMap":{"0":{"start":{"line":4,"column":13},"end":{"line":5,"column":22}}},"fnMap":{},"branchMap":{},"s":{"0":1},"f":{},"b":{}}
,"C:\\git\\GitHub\\crossmodel\\extensions\\crossmodel-lang\\test\\language-server\\test-utils\\test-documents\\diagram\\diagram5.ts": {"path":"C:\\git\\GitHub\\crossmodel\\extensions\\crossmodel-lang\\test\\language-server\\test-utils\\test-documents\\diagram\\diagram5.ts","statementMap":{"0":{"start":{"line":4,"column":13},"end":{"line":17,"column":22}}},"fnMap":{},"branchMap":{},"s":{"0":1},"f":{},"b":{}}
,"C:\\git\\GitHub\\crossmodel\\extensions\\crossmodel-lang\\test\\language-server\\test-utils\\test-documents\\diagram\\diagram6.ts": {"path":"C:\\git\\GitHub\\crossmodel\\extensions\\crossmodel-lang\\test\\language-server\\test-utils\\test-documents\\diagram\\diagram6.ts","statementMap":{"0":{"start":{"line":4,"column":13},"end":{"line":17,"column":65}}},"fnMap":{},"branchMap":{},"s":{"0":1},"f":{},"b":{}}
,"C:\\git\\GitHub\\crossmodel\\extensions\\crossmodel-lang\\test\\language-server\\test-utils\\test-documents\\diagram\\index.ts": {"path":"C:\\git\\GitHub\\crossmodel\\extensions\\crossmodel-lang\\test\\language-server\\test-utils\\test-documents\\diagram\\index.ts","statementMap":{"0":{"start":{"line":4,"column":0},"end":{"line":4,"column":27}},"1":{"start":{"line":5,"column":0},"end":{"line":5,"column":27}},"2":{"start":{"line":6,"column":0},"end":{"line":6,"column":27}},"3":{"start":{"line":7,"column":0},"end":{"line":7,"column":27}},"4":{"start":{"line":8,"column":0},"end":{"line":8,"column":27}},"5":{"start":{"line":9,"column":0},"end":{"line":9,"column":27}}},"fnMap":{},"branchMap":{},"s":{"0":1,"1":1,"2":1,"3":1,"4":1,"5":1},"f":{},"b":{}}
,"C:\\git\\GitHub\\crossmodel\\extensions\\crossmodel-lang\\test\\language-server\\test-utils\\test-documents\\entity\\entity1.ts": {"path":"C:\\git\\GitHub\\crossmodel\\extensions\\crossmodel-lang\\test\\language-server\\test-utils\\test-documents\\entity\\entity1.ts","statementMap":{"0":{"start":{"line":4,"column":13},"end":{"line":7,"column":70}}},"fnMap":{},"branchMap":{},"s":{"0":1},"f":{},"b":{}}
,"C:\\git\\GitHub\\crossmodel\\extensions\\crossmodel-lang\\test\\language-server\\test-utils\\test-documents\\entity\\entity2.ts": {"path":"C:\\git\\GitHub\\crossmodel\\extensions\\crossmodel-lang\\test\\language-server\\test-utils\\test-documents\\entity\\entity2.ts","statementMap":{"0":{"start":{"line":4,"column":13},"end":{"line":26,"column":31}}},"fnMap":{},"branchMap":{},"s":{"0":1},"f":{},"b":{}}
,"C:\\git\\GitHub\\crossmodel\\extensions\\crossmodel-lang\\test\\language-server\\test-utils\\test-documents\\entity\\entity3.ts": {"path":"C:\\git\\GitHub\\crossmodel\\extensions\\crossmodel-lang\\test\\language-server\\test-utils\\test-documents\\entity\\entity3.ts","statementMap":{"0":{"start":{"line":4,"column":13},"end":{"line":26,"column":27}}},"fnMap":{},"branchMap":{},"s":{"0":1},"f":{},"b":{}}
,"C:\\git\\GitHub\\crossmodel\\extensions\\crossmodel-lang\\test\\language-server\\test-utils\\test-documents\\entity\\entity4.ts": {"path":"C:\\git\\GitHub\\crossmodel\\extensions\\crossmodel-lang\\test\\language-server\\test-utils\\test-documents\\entity\\entity4.ts","statementMap":{"0":{"start":{"line":4,"column":13},"end":{"line":26,"column":70}}},"fnMap":{},"branchMap":{},"s":{"0":1},"f":{},"b":{}}
,"C:\\git\\GitHub\\crossmodel\\extensions\\crossmodel-lang\\test\\language-server\\test-utils\\test-documents\\entity\\index.ts": {"path":"C:\\git\\GitHub\\crossmodel\\extensions\\crossmodel-lang\\test\\language-server\\test-utils\\test-documents\\entity\\index.ts","statementMap":{"0":{"start":{"line":4,"column":0},"end":{"line":4,"column":26}},"1":{"start":{"line":5,"column":0},"end":{"line":5,"column":26}},"2":{"start":{"line":6,"column":0},"end":{"line":6,"column":26}},"3":{"start":{"line":7,"column":0},"end":{"line":7,"column":26}}},"fnMap":{},"branchMap":{},"s":{"0":1,"1":1,"2":1,"3":1},"f":{},"b":{}}
,"C:\\git\\GitHub\\crossmodel\\extensions\\crossmodel-lang\\test\\language-server\\test-utils\\test-documents\\relationship\\index.ts": {"path":"C:\\git\\GitHub\\crossmodel\\extensions\\crossmodel-lang\\test\\language-server\\test-utils\\test-documents\\relationship\\index.ts","statementMap":{"0":{"start":{"line":4,"column":0},"end":{"line":4,"column":32}},"1":{"start":{"line":5,"column":0},"end":{"line":5,"column":32}}},"fnMap":{},"branchMap":{},"s":{"0":1,"1":1},"f":{},"b":{}}
,"C:\\git\\GitHub\\crossmodel\\extensions\\crossmodel-lang\\test\\language-server\\test-utils\\test-documents\\relationship\\relationship1.ts": {"path":"C:\\git\\GitHub\\crossmodel\\extensions\\crossmodel-lang\\test\\language-server\\test-utils\\test-documents\\relationship\\relationship1.ts","statementMap":{"0":{"start":{"line":4,"column":13},"end":{"line":10,"column":68}}},"fnMap":{},"branchMap":{},"s":{"0":1},"f":{},"b":{}}
,"C:\\git\\GitHub\\crossmodel\\extensions\\crossmodel-lang\\test\\language-server\\test-utils\\test-documents\\relationship\\relationship2.ts": {"path":"C:\\git\\GitHub\\crossmodel\\extensions\\crossmodel-lang\\test\\language-server\\test-utils\\test-documents\\relationship\\relationship2.ts","statementMap":{"0":{"start":{"line":4,"column":13},"end":{"line":8,"column":17}}},"fnMap":{},"branchMap":{},"s":{"0":1},"f":{},"b":{}}
}
