TN:
SF:src\language-server\cross-model-client-logger.ts
FN:11,(anonymous_0)
FN:18,(anonymous_1)
FN:29,(anonymous_2)
FN:40,(anonymous_3)
FN:51,(anonymous_4)
FNF:5
FNH:1
FNDA:5,(anonymous_0)
FNDA:0,(anonymous_1)
FNDA:0,(anonymous_2)
FNDA:0,(anonymous_3)
FNDA:0,(anonymous_4)
DA:10,6
DA:11,5
DA:19,0
DA:20,0
DA:30,0
DA:31,0
DA:41,0
DA:42,0
DA:52,0
DA:53,0
LF:10
LH:2
BRDA:19,0,0,0
BRDA:20,1,0,0
BRDA:20,1,1,0
BRDA:20,2,0,0
BRDA:20,2,1,0
BRDA:30,3,0,0
BRDA:31,4,0,0
BRDA:31,4,1,0
BRDA:31,5,0,0
BRDA:31,5,1,0
BRDA:41,6,0,0
BRDA:42,7,0,0
BRDA:42,7,1,0
BRDA:42,8,0,0
BRDA:42,8,1,0
BRDA:52,9,0,0
BRDA:53,10,0,0
BRDA:53,10,1,0
BRDA:53,11,0,0
BRDA:53,11,1,0
BRF:20
BRH:0
end_of_record
TN:
SF:src\language-server\cross-model-completion-provider.ts
FN:15,(anonymous_0)
FN:19,(anonymous_1)
FN:32,(anonymous_2)
FNF:3
FNH:0
FNDA:0,(anonymous_0)
FNDA:0,(anonymous_1)
FNDA:0,(anonymous_2)
DA:4,6
DA:7,6
DA:12,6
DA:15,0
DA:16,0
DA:24,0
DA:25,0
DA:26,0
DA:28,0
DA:35,0
LF:10
LH:3
BRDA:15,0,0,0
BRDA:35,1,0,0
BRDA:35,1,1,0
BRF:3
BRH:0
end_of_record
TN:
SF:src\language-server\cross-model-document-builder.ts
FN:16,(anonymous_0)
FN:18,(anonymous_1)
FN:21,(anonymous_2)
FN:23,(anonymous_3)
FN:24,(anonymous_4)
FN:29,(anonymous_5)
FN:31,(anonymous_6)
FN:37,(anonymous_7)
FN:41,(anonymous_8)
FN:49,(anonymous_9)
FN:50,(anonymous_10)
FNF:11
FNH:2
FNDA:5,(anonymous_0)
FNDA:5,(anonymous_1)
FNDA:0,(anonymous_2)
FNDA:0,(anonymous_3)
FNDA:0,(anonymous_4)
FNDA:0,(anonymous_5)
FNDA:0,(anonymous_6)
FNDA:0,(anonymous_7)
FNDA:0,(anonymous_8)
FNDA:0,(anonymous_9)
FNDA:0,(anonymous_10)
DA:4,6
DA:6,6
DA:7,6
DA:8,6
DA:13,6
DA:14,5
DA:17,5
DA:18,5
DA:22,0
DA:23,0
DA:24,0
DA:30,0
DA:31,0
DA:33,0
DA:38,0
DA:42,0
DA:43,0
DA:44,0
DA:47,0
DA:48,0
DA:49,0
DA:50,0
DA:52,0
LF:23
LH:8
BRDA:38,0,0,0
BRDA:38,0,1,0
BRDA:43,1,0,0
BRDA:52,2,0,0
BRDA:52,2,1,0
BRF:5
BRH:0
end_of_record
TN:
SF:src\language-server\cross-model-formatter.ts
FN:7,(anonymous_0)
FNF:1
FNH:0
FNDA:0,(anonymous_0)
DA:4,6
DA:6,6
DA:8,0
LF:3
LH:2
BRF:0
BRH:0
end_of_record
TN:
SF:src\language-server\cross-model-langium-documents.ts
FN:10,(anonymous_0)
FNF:1
FNH:0
FNDA:0,(anonymous_0)
DA:4,6
DA:6,6
DA:7,6
DA:9,6
DA:12,0
DA:13,0
LF:6
LH:4
BRDA:12,0,0,0
BRDA:12,0,1,0
BRDA:13,1,0,0
BRDA:13,1,1,0
BRF:4
BRH:0
end_of_record
TN:
SF:src\language-server\cross-model-language-server.ts
FN:8,(anonymous_0)
FNF:1
FNH:0
FNDA:0,(anonymous_0)
DA:4,6
DA:5,6
DA:7,6
DA:9,0
DA:10,0
DA:11,0
LF:6
LH:3
BRF:0
BRH:0
end_of_record
TN:
SF:src\language-server\cross-model-module.ts
FN:54,(anonymous_0)
FN:58,(anonymous_1)
FN:93,(anonymous_2)
FN:95,(anonymous_3)
FN:96,(anonymous_4)
FN:97,(anonymous_5)
FN:98,(anonymous_6)
FN:99,(anonymous_7)
FN:100,(anonymous_8)
FN:103,(anonymous_9)
FN:106,(anonymous_10)
FN:109,(anonymous_11)
FN:149,createCrossModelModule
FN:154,(anonymous_13)
FN:155,(anonymous_14)
FN:156,(anonymous_15)
FN:159,(anonymous_16)
FN:162,(anonymous_17)
FN:163,(anonymous_18)
FN:166,(anonymous_19)
FN:169,(anonymous_20)
FN:170,(anonymous_21)
FN:172,(anonymous_22)
FN:191,createCrossModelServices
FNF:24
FNH:17
FNDA:6,(anonymous_0)
FNDA:80,(anonymous_1)
FNDA:6,(anonymous_2)
FNDA:0,(anonymous_3)
FNDA:5,(anonymous_4)
FNDA:5,(anonymous_5)
FNDA:5,(anonymous_6)
FNDA:0,(anonymous_7)
FNDA:5,(anonymous_8)
FNDA:5,(anonymous_9)
FNDA:0,(anonymous_10)
FNDA:0,(anonymous_11)
FNDA:6,createCrossModelModule
FNDA:4,(anonymous_13)
FNDA:4,(anonymous_14)
FNDA:5,(anonymous_15)
FNDA:6,(anonymous_16)
FNDA:0,(anonymous_17)
FNDA:0,(anonymous_18)
FNDA:0,(anonymous_19)
FNDA:5,(anonymous_20)
FNDA:4,(anonymous_21)
FNDA:6,(anonymous_22)
FNDA:6,createCrossModelServices
DA:4,6
DA:19,6
DA:22,6
DA:23,6
DA:24,6
DA:26,6
DA:27,6
DA:28,6
DA:29,6
DA:30,6
DA:31,6
DA:32,6
DA:33,6
DA:34,6
DA:35,6
DA:36,6
DA:37,6
DA:38,6
DA:39,6
DA:40,6
DA:41,6
DA:53,6
DA:55,6
DA:59,80
DA:84,6
DA:89,6
DA:93,6
DA:95,0
DA:96,5
DA:97,5
DA:98,5
DA:99,0
DA:100,5
DA:103,5
DA:106,0
DA:109,0
DA:142,6
DA:149,6
DA:152,6
DA:154,4
DA:155,4
DA:156,5
DA:159,6
DA:162,0
DA:163,0
DA:166,0
DA:169,5
DA:170,4
DA:172,6
DA:191,6
DA:195,6
DA:196,6
DA:197,6
DA:198,6
DA:199,6
LF:55
LH:48
BRF:0
BRH:0
end_of_record
TN:
SF:src\language-server\cross-model-naming.ts
FN:16,(anonymous_0)
FN:24,(anonymous_1)
FN:35,(anonymous_2)
FN:55,(anonymous_3)
FN:63,(anonymous_4)
FN:67,(anonymous_5)
FN:72,concat
FN:73,(anonymous_7)
FNF:8
FNH:6
FNDA:5,(anonymous_0)
FNDA:89,(anonymous_1)
FNDA:48,(anonymous_2)
FNDA:24,(anonymous_3)
FNDA:0,(anonymous_4)
FNDA:0,(anonymous_5)
FNDA:24,concat
FNDA:48,(anonymous_7)
DA:5,6
DA:7,6
DA:15,6
DA:16,5
DA:25,89
DA:36,48
DA:37,0
DA:39,48
DA:40,48
DA:41,48
DA:42,24
DA:43,24
DA:45,48
DA:57,24
DA:59,24
DA:60,24
DA:64,0
DA:68,0
DA:73,48
DA:74,24
LF:20
LH:17
BRDA:16,0,0,5
BRDA:25,1,0,72
BRDA:25,1,1,17
BRDA:25,2,0,89
BRDA:25,2,1,89
BRDA:36,3,0,0
BRDA:41,4,0,72
BRDA:41,4,1,60
BRDA:57,5,0,0
BRDA:57,6,0,0
BRDA:57,6,1,0
BRDA:57,7,0,0
BRDA:57,7,1,0
BRDA:57,8,0,0
BRDA:57,8,1,0
BRDA:57,9,0,0
BRDA:57,9,1,0
BRDA:64,10,0,0
BRDA:64,10,1,0
BRDA:73,11,0,48
BRDA:73,11,1,48
BRDA:74,12,0,0
BRDA:74,12,1,24
BRF:23
BRH:10
end_of_record
TN:
SF:src\language-server\cross-model-package-manager.ts
FN:19,isPackageUri
FN:23,isPackageLockUri
FN:34,createPackageId
FN:45,createPackageReferenceName
FN:53,isUnknownPackage
FN:61,(anonymous_5)
FN:73,(anonymous_6)
FN:88,(anonymous_7)
FN:96,(anonymous_8)
FN:97,(anonymous_9)
FN:104,(anonymous_10)
FN:112,(anonymous_11)
FN:115,(anonymous_12)
FN:126,(anonymous_13)
FN:130,(anonymous_14)
FN:134,(anonymous_15)
FN:140,(anonymous_16)
FN:154,(anonymous_17)
FN:155,(anonymous_18)
FN:160,(anonymous_19)
FN:165,(anonymous_20)
FN:166,(anonymous_21)
FN:169,(anonymous_22)
FN:176,(anonymous_23)
FN:180,(anonymous_24)
FN:199,(anonymous_25)
FN:199,(anonymous_26)
FN:200,(anonymous_27)
FN:203,(anonymous_28)
FN:204,(anonymous_29)
FN:211,(anonymous_30)
FN:217,(anonymous_31)
FN:223,(anonymous_32)
FN:233,(anonymous_33)
FN:243,(anonymous_34)
FN:259,(anonymous_35)
FN:267,getAndRemovePackageUris
FN:269,(anonymous_37)
FN:279,parsePackageJson
FNF:39
FNH:4
FNDA:0,isPackageUri
FNDA:0,isPackageLockUri
FNDA:0,createPackageId
FNDA:0,createPackageReferenceName
FNDA:0,isUnknownPackage
FNDA:0,(anonymous_5)
FNDA:0,(anonymous_6)
FNDA:5,(anonymous_7)
FNDA:0,(anonymous_8)
FNDA:0,(anonymous_9)
FNDA:0,(anonymous_10)
FNDA:0,(anonymous_11)
FNDA:0,(anonymous_12)
FNDA:8,(anonymous_13)
FNDA:0,(anonymous_14)
FNDA:24,(anonymous_15)
FNDA:32,(anonymous_16)
FNDA:0,(anonymous_17)
FNDA:0,(anonymous_18)
FNDA:0,(anonymous_19)
FNDA:0,(anonymous_20)
FNDA:0,(anonymous_21)
FNDA:0,(anonymous_22)
FNDA:0,(anonymous_23)
FNDA:0,(anonymous_24)
FNDA:0,(anonymous_25)
FNDA:0,(anonymous_26)
FNDA:0,(anonymous_27)
FNDA:0,(anonymous_28)
FNDA:0,(anonymous_29)
FNDA:0,(anonymous_30)
FNDA:0,(anonymous_31)
FNDA:0,(anonymous_32)
FNDA:0,(anonymous_33)
FNDA:0,(anonymous_34)
FNDA:0,(anonymous_35)
FNDA:0,getAndRemovePackageUris
FNDA:0,(anonymous_37)
FNDA:0,parsePackageJson
DA:5,6
DA:9,6
DA:11,6
DA:14,6
DA:17,6
DA:19,6
DA:20,0
DA:23,6
DA:24,0
DA:34,6
DA:35,0
DA:45,6
DA:48,0
DA:50,0
DA:53,6
DA:54,0
DA:60,6
DA:63,0
DA:65,0
DA:67,0
DA:69,0
DA:71,0
DA:73,0
DA:75,0
DA:84,6
DA:85,5
DA:86,5
DA:89,5
DA:90,5
DA:91,5
DA:92,5
DA:93,5
DA:94,5
DA:96,5
DA:97,5
DA:105,0
DA:106,0
DA:107,0
DA:109,0
DA:113,0
DA:114,0
DA:116,0
DA:117,0
DA:118,0
DA:119,0
DA:120,0
DA:127,8
DA:131,0
DA:136,24
DA:137,24
DA:141,32
DA:142,0
DA:146,32
DA:147,32
DA:148,0
DA:153,32
DA:154,0
DA:155,0
DA:157,32
DA:162,0
DA:166,0
DA:171,0
DA:172,0
DA:174,0
DA:175,0
DA:176,0
DA:177,0
DA:185,0
DA:186,0
DA:187,0
DA:188,0
DA:190,0
DA:191,0
DA:192,0
DA:195,0
DA:197,0
DA:199,0
DA:200,0
DA:202,0
DA:203,0
DA:205,0
DA:206,0
DA:212,0
DA:213,0
DA:214,0
DA:217,0
DA:218,0
DA:219,0
DA:223,0
DA:224,0
DA:225,0
DA:227,0
DA:228,0
DA:230,0
DA:234,0
DA:235,0
DA:236,0
DA:237,0
DA:238,0
DA:240,0
DA:243,0
DA:244,0
DA:245,0
DA:246,0
DA:249,0
DA:250,0
DA:251,0
DA:252,0
DA:253,0
DA:255,0
DA:256,0
DA:261,0
DA:262,0
DA:268,0
DA:269,0
DA:270,0
DA:271,0
DA:272,0
DA:273,0
DA:276,0
DA:280,0
DA:281,0
DA:283,0
DA:284,0
DA:286,0
LF:125
LH:30
BRDA:34,0,0,0
BRDA:35,1,0,0
BRDA:35,1,1,0
BRDA:48,2,0,0
BRDA:48,2,1,0
BRDA:48,2,2,0
BRDA:48,3,0,0
BRDA:48,3,1,0
BRDA:48,4,0,0
BRDA:48,4,1,0
BRDA:48,5,0,0
BRDA:48,5,1,0
BRDA:48,6,0,0
BRDA:48,6,1,0
BRDA:67,7,0,0
BRDA:69,8,0,0
BRDA:69,9,0,0
BRDA:69,9,1,0
BRDA:69,10,0,0
BRDA:69,10,1,0
BRDA:69,11,0,0
BRDA:69,11,1,0
BRDA:69,12,0,0
BRDA:69,12,1,0
BRDA:71,13,0,0
BRDA:73,14,0,0
BRDA:73,15,0,0
BRDA:73,15,1,0
BRDA:73,16,0,0
BRDA:73,16,1,0
BRDA:73,17,0,0
BRDA:73,17,1,0
BRDA:75,18,0,0
BRDA:90,19,0,5
BRDA:91,20,0,5
BRDA:92,21,0,5
BRDA:93,22,0,5
BRDA:94,23,0,5
BRDA:116,24,0,0
BRDA:116,24,1,0
BRDA:118,25,0,0
BRDA:118,26,0,0
BRDA:118,26,1,0
BRDA:127,27,0,8
BRDA:127,27,1,8
BRDA:127,28,0,8
BRDA:127,28,1,0
BRDA:127,29,0,8
BRDA:127,29,1,8
BRDA:131,30,0,0
BRDA:131,30,1,0
BRDA:131,31,0,0
BRDA:131,31,1,0
BRDA:131,32,0,0
BRDA:131,32,1,0
BRDA:137,33,0,0
BRDA:137,33,1,24
BRDA:137,34,0,24
BRDA:137,34,1,24
BRDA:141,35,0,0
BRDA:147,36,0,0
BRDA:162,37,0,0
BRDA:162,37,1,0
BRDA:169,38,0,0
BRDA:169,39,0,0
BRDA:171,40,0,0
BRDA:175,41,0,0
BRDA:175,41,1,0
BRDA:195,42,0,0
BRDA:213,43,0,0
BRDA:218,44,0,0
BRDA:224,45,0,0
BRDA:235,46,0,0
BRDA:235,47,0,0
BRDA:235,47,1,0
BRDA:235,48,0,0
BRDA:235,48,1,0
BRDA:235,49,0,0
BRDA:235,49,1,0
BRDA:243,50,0,0
BRDA:243,51,0,0
BRDA:243,51,1,0
BRDA:243,52,0,0
BRDA:243,52,1,0
BRDA:244,53,0,0
BRDA:244,53,1,0
BRDA:245,54,0,0
BRDA:252,55,0,0
BRDA:252,56,0,0
BRDA:252,56,1,0
BRDA:252,57,0,0
BRDA:252,57,1,0
BRDA:252,58,0,0
BRDA:252,58,1,0
BRDA:262,59,0,0
BRDA:262,59,1,0
BRDA:262,60,0,0
BRDA:262,60,1,0
BRDA:270,61,0,0
BRDA:270,61,1,0
BRDA:272,62,0,0
BRDA:280,63,0,0
BRF:102
BRH:13
end_of_record
TN:
SF:src\language-server\cross-model-scope-provider.ts
FN:13,(anonymous_0)
FN:23,(anonymous_1)
FN:29,(anonymous_2)
FN:42,(anonymous_3)
FN:51,(anonymous_4)
FNF:5
FNH:2
FNDA:4,(anonymous_0)
FNDA:0,(anonymous_1)
FNDA:8,(anonymous_2)
FNDA:0,(anonymous_3)
FNDA:0,(anonymous_4)
DA:4,6
DA:6,6
DA:12,6
DA:13,4
DA:14,4
DA:24,0
DA:31,8
DA:34,8
DA:35,8
DA:38,8
DA:43,0
DA:50,8
DA:51,0
DA:55,8
DA:59,6
LF:15
LH:12
BRDA:13,0,0,4
BRDA:24,1,0,0
BRDA:24,1,1,0
BRDA:43,2,0,0
BRDA:43,2,1,0
BRF:5
BRH:1
end_of_record
TN:
SF:src\language-server\cross-model-scope.ts
FN:16,(anonymous_0)
FN:33,(anonymous_1)
FN:42,(anonymous_2)
FN:47,isExternalDescriptionForLocalPackage
FN:61,(anonymous_4)
FN:68,(anonymous_5)
FN:82,(anonymous_6)
FN:103,(anonymous_7)
FNF:8
FNH:7
FNDA:42,(anonymous_0)
FNDA:18,(anonymous_1)
FNDA:24,(anonymous_2)
FNDA:0,isExternalDescriptionForLocalPackage
FNDA:4,(anonymous_4)
FNDA:16,(anonymous_5)
FNDA:24,(anonymous_6)
FNDA:41,(anonymous_7)
DA:5,6
DA:6,6
DA:9,6
DA:10,6
DA:15,6
DA:17,42
DA:18,42
DA:19,42
DA:20,42
DA:21,42
DA:22,42
DA:23,42
DA:24,42
DA:25,42
DA:32,6
DA:34,18
DA:41,6
DA:43,24
DA:47,6
DA:48,0
DA:57,6
DA:62,4
DA:63,4
DA:64,4
DA:74,16
DA:75,16
DA:77,10
DA:79,6
DA:83,24
DA:84,24
DA:85,24
DA:86,24
DA:93,24
DA:94,24
DA:95,24
DA:97,24
DA:98,24
DA:99,18
DA:104,41
DA:105,41
DA:106,41
DA:107,41
DA:108,36
LF:43
LH:42
BRDA:20,0,0,42
BRDA:21,1,0,42
BRDA:22,2,0,42
BRDA:23,3,0,42
BRDA:24,4,0,42
BRDA:25,5,0,42
BRDA:48,6,0,0
BRDA:48,6,1,0
BRDA:48,6,2,0
BRDA:71,7,0,16
BRDA:72,8,0,0
BRDA:75,9,0,10
BRDA:75,10,0,16
BRDA:75,10,1,16
BRDA:84,11,0,0
BRDA:84,11,1,24
BRDA:84,12,0,24
BRDA:84,12,1,24
BRDA:84,13,0,24
BRDA:84,13,1,0
BRDA:84,14,0,24
BRDA:84,14,1,24
BRDA:85,15,0,0
BRDA:85,15,1,24
BRDA:85,16,0,24
BRDA:85,16,1,24
BRDA:85,17,0,24
BRDA:85,17,1,0
BRDA:85,18,0,24
BRDA:85,18,1,24
BRDA:93,19,0,24
BRDA:98,20,0,18
BRDA:98,21,0,24
BRDA:98,21,1,18
BRDA:105,22,0,41
BRDA:107,23,0,36
BRF:36
BRH:28
end_of_record
TN:
SF:src\language-server\cross-model-serializer.ts
FN:47,(anonymous_0)
FN:49,(anonymous_1)
FN:54,(anonymous_2)
FN:64,(anonymous_3)
FN:68,(anonymous_4)
FN:69,(anonymous_5)
FN:89,(anonymous_6)
FN:94,(anonymous_7)
FN:96,(anonymous_8)
FN:97,(anonymous_9)
FN:102,(anonymous_10)
FN:118,(anonymous_11)
FN:120,(anonymous_12)
FN:121,(anonymous_13)
FN:124,(anonymous_14)
FN:126,(anonymous_15)
FN:134,(anonymous_16)
FN:138,(anonymous_17)
FNF:18
FNH:18
FNDA:1,(anonymous_0)
FNDA:5,(anonymous_1)
FNDA:63,(anonymous_2)
FNDA:17,(anonymous_3)
FNDA:67,(anonymous_4)
FNDA:52,(anonymous_5)
FNDA:52,(anonymous_6)
FNDA:4,(anonymous_7)
FNDA:7,(anonymous_8)
FNDA:7,(anonymous_9)
FNDA:7,(anonymous_10)
FNDA:17,(anonymous_11)
FNDA:81,(anonymous_12)
FNDA:52,(anonymous_13)
FNDA:59,(anonymous_14)
FNDA:7,(anonymous_15)
FNDA:54,(anonymous_16)
FNDA:42,(anonymous_17)
DA:5,6
DA:10,6
DA:37,6
DA:39,6
DA:41,6
DA:43,6
DA:45,6
DA:47,1
DA:50,5
DA:51,5
DA:55,63
DA:56,4
DA:57,59
DA:58,17
DA:60,42
DA:65,17
DA:67,17
DA:68,67
DA:70,52
DA:71,1
DA:74,51
DA:77,51
DA:78,7
DA:79,44
DA:80,12
DA:83,51
DA:84,9
DA:86,42
DA:89,52
DA:91,17
DA:95,4
DA:96,7
DA:97,7
DA:99,4
DA:103,7
DA:104,0
DA:107,7
DA:108,7
DA:119,17
DA:120,81
DA:121,52
DA:125,59
DA:126,7
DA:127,54
DA:128,12
DA:130,42
DA:135,54
DA:139,42
DA:140,5
DA:142,37
LF:50
LH:49
BRDA:47,0,0,1
BRDA:55,1,0,4
BRDA:55,1,1,59
BRDA:57,2,0,17
BRDA:57,2,1,42
BRDA:57,3,0,59
BRDA:57,3,1,17
BRDA:70,4,0,1
BRDA:70,5,0,52
BRDA:70,5,1,5
BRDA:77,6,0,7
BRDA:77,6,1,44
BRDA:79,7,0,12
BRDA:83,8,0,9
BRDA:83,8,1,42
BRDA:103,9,0,0
BRDA:103,10,0,7
BRDA:103,10,1,7
BRDA:125,11,0,5
BRDA:125,11,1,54
BRDA:127,12,0,12
BRDA:127,12,1,42
BRDA:135,13,0,54
BRDA:135,13,1,17
BRDA:139,14,0,5
BRF:25
BRH:24
end_of_record
TN:
SF:src\language-server\cross-model-validator.ts
FN:11,registerValidationChecks
FN:29,(anonymous_1)
FN:35,(anonymous_2)
FN:41,(anonymous_3)
FN:47,(anonymous_4)
FN:53,(anonymous_5)
FNF:6
FNH:1
FNDA:6,registerValidationChecks
FNDA:0,(anonymous_1)
FNDA:0,(anonymous_2)
FNDA:0,(anonymous_3)
FNDA:0,(anonymous_4)
FNDA:0,(anonymous_5)
DA:11,6
DA:12,6
DA:13,6
DA:15,6
DA:22,6
DA:28,6
DA:30,0
DA:31,0
DA:36,0
DA:37,0
DA:42,0
DA:43,0
DA:48,0
DA:49,0
DA:54,0
DA:55,0
DA:57,0
DA:58,0
LF:18
LH:6
BRDA:30,0,0,0
BRDA:36,1,0,0
BRDA:42,2,0,0
BRDA:48,3,0,0
BRDA:54,4,0,0
BRDA:54,5,0,0
BRDA:54,5,1,0
BRDA:54,6,0,0
BRDA:54,6,1,0
BRDA:54,7,0,0
BRDA:54,7,1,0
BRDA:54,8,0,0
BRDA:54,8,1,0
BRDA:54,9,0,0
BRDA:54,9,1,0
BRDA:54,10,0,0
BRDA:54,10,1,0
BRDA:54,11,0,0
BRDA:54,11,1,0
BRDA:54,12,0,0
BRDA:54,12,1,0
BRDA:54,13,0,0
BRDA:54,13,1,0
BRDA:54,14,0,0
BRDA:54,14,1,0
BRDA:54,15,0,0
BRDA:54,15,1,0
BRDA:54,16,0,0
BRDA:54,16,1,0
BRDA:54,17,0,0
BRDA:54,17,1,0
BRDA:54,18,0,0
BRDA:54,18,1,0
BRDA:54,19,0,0
BRDA:54,19,1,0
BRDA:54,20,0,0
BRDA:54,20,1,0
BRDA:57,21,0,0
BRDA:57,22,0,0
BRDA:57,22,1,0
BRDA:57,23,0,0
BRDA:57,23,1,0
BRDA:57,24,0,0
BRDA:57,24,1,0
BRDA:57,25,0,0
BRDA:57,25,1,0
BRDA:57,26,0,0
BRDA:57,26,1,0
BRDA:57,27,0,0
BRDA:57,27,1,0
BRDA:57,28,0,0
BRDA:57,28,1,0
BRDA:57,29,0,0
BRDA:57,29,1,0
BRDA:57,30,0,0
BRDA:57,30,1,0
BRDA:57,31,0,0
BRDA:57,31,1,0
BRDA:57,32,0,0
BRDA:57,32,1,0
BRDA:57,33,0,0
BRDA:57,33,1,0
BRDA:57,34,0,0
BRDA:57,34,1,0
BRDA:57,35,0,0
BRDA:57,35,1,0
BRDA:57,36,0,0
BRDA:57,36,1,0
BRDA:57,37,0,0
BRDA:57,37,1,0
BRF:70
BRH:0
end_of_record
TN:
SF:src\language-server\cross-model-workspace-manager.ts
FN:18,(anonymous_0)
FN:20,(anonymous_1)
FN:23,(anonymous_2)
FN:27,(anonymous_3)
FN:31,(anonymous_4)
FN:35,(anonymous_5)
FN:37,(anonymous_6)
FN:49,(anonymous_7)
FN:50,(anonymous_8)
FN:60,(anonymous_9)
FN:68,(anonymous_10)
FNF:11
FNH:0
FNDA:0,(anonymous_0)
FNDA:0,(anonymous_1)
FNDA:0,(anonymous_2)
FNDA:0,(anonymous_3)
FNDA:0,(anonymous_4)
FNDA:0,(anonymous_5)
FNDA:0,(anonymous_6)
FNDA:0,(anonymous_7)
FNDA:0,(anonymous_8)
FNDA:0,(anonymous_9)
FNDA:0,(anonymous_10)
DA:4,6
DA:5,6
DA:6,6
DA:15,6
DA:16,0
DA:18,0
DA:19,0
DA:20,0
DA:21,0
DA:22,0
DA:23,0
DA:28,0
DA:35,0
DA:36,0
DA:37,0
DA:38,0
DA:39,0
DA:40,0
DA:46,0
DA:47,0
DA:49,0
DA:50,0
DA:54,0
DA:57,0
DA:65,0
DA:70,0
DA:71,0
DA:72,0
DA:74,0
DA:76,0
DA:77,0
DA:78,0
DA:79,0
DA:81,0
LF:34
LH:4
BRDA:18,0,0,0
BRDA:23,1,0,0
BRDA:23,1,1,0
BRDA:31,2,0,0
BRDA:39,3,0,0
BRDA:71,4,0,0
BRDA:74,5,0,0
BRDA:74,5,1,0
BRDA:77,6,0,0
BRF:9
BRH:0
end_of_record
TN:
SF:src\language-server\generated\ast.ts
FN:22,isQualifiedName
FN:35,isCrossModelRoot
FN:50,isDiagramEdge
FN:69,isDiagramNode
FN:84,isEntity
FN:99,isEntityAttribute
FN:116,isRelationship
FN:132,isSystemDiagram
FN:148,(anonymous_8)
FN:152,(anonymous_9)
FN:160,(anonymous_10)
FN:181,(anonymous_11)
FNF:12
FNH:5
FNDA:0,isQualifiedName
FNDA:16,isCrossModelRoot
FNDA:0,isDiagramEdge
FNDA:0,isDiagramNode
FNDA:0,isEntity
FNDA:0,isEntityAttribute
FNDA:0,isRelationship
FNDA:0,isSystemDiagram
FNDA:30,(anonymous_8)
FNDA:180,(anonymous_9)
FNDA:16,(anonymous_10)
FNDA:174,(anonymous_11)
DA:8,6
DA:10,6
DA:22,6
DA:23,0
DA:33,6
DA:35,6
DA:36,16
DA:48,6
DA:50,6
DA:51,0
DA:67,6
DA:69,6
DA:70,0
DA:82,6
DA:84,6
DA:85,0
DA:97,6
DA:99,6
DA:100,0
DA:114,6
DA:116,6
DA:117,0
DA:130,6
DA:132,6
DA:133,0
DA:146,6
DA:149,30
DA:153,180
DA:155,180
DA:161,16
DA:162,16
DA:164,6
DA:168,0
DA:173,10
DA:176,0
DA:182,174
DA:184,20
DA:192,37
DA:201,117
DA:210,6
LF:40
LH:31
BRDA:153,0,0,180
BRDA:162,1,0,6
BRDA:162,1,1,0
BRDA:162,1,2,0
BRDA:162,1,3,6
BRDA:162,1,4,8
BRDA:162,1,5,10
BRDA:162,1,6,0
BRDA:182,2,0,20
BRDA:182,2,1,37
BRDA:182,2,2,117
BRF:11
BRH:8
end_of_record
TN:
SF:src\language-server\generated\grammar.ts
FN:10,(anonymous_0)
FNF:1
FNH:1
FNDA:6,(anonymous_0)
DA:7,7
DA:10,7
LF:2
LH:2
BRDA:10,0,0,0
BRDA:10,0,1,6
BRDA:10,1,0,6
BRDA:10,1,1,6
BRF:4
BRH:3
end_of_record
TN:
SF:src\language-server\generated\module.ts
FN:17,(anonymous_0)
FN:21,(anonymous_1)
FN:22,(anonymous_2)
FNF:3
FNH:3
FNDA:6,(anonymous_0)
FNDA:5,(anonymous_1)
FNDA:6,(anonymous_2)
DA:7,6
DA:8,6
DA:10,6
DA:16,6
DA:17,6
DA:20,6
DA:21,5
DA:22,6
LF:8
LH:8
BRF:0
BRH:0
end_of_record
TN:
SF:src\language-server\lexer\cross-model-indent-stack.ts
FN:11,(anonymous_1)
FN:21,(anonymous_2)
FN:29,(anonymous_3)
FN:36,(anonymous_4)
FN:44,(anonymous_5)
FN:52,(anonymous_6)
FN:61,(anonymous_7)
FN:76,(anonymous_8)
FNF:8
FNH:8
FNDA:9,(anonymous_1)
FNDA:8,(anonymous_2)
FNDA:74,(anonymous_3)
FNDA:59,(anonymous_4)
FNDA:64,(anonymous_5)
FNDA:14,(anonymous_6)
FNDA:614,(anonymous_7)
FNDA:14,(anonymous_8)
DA:4,9
DA:5,9
DA:15,9
DA:22,8
DA:30,74
DA:37,59
DA:45,64
DA:53,14
DA:62,614
DA:64,614
DA:65,1
DA:68,613
DA:77,14
DA:81,9
LF:14
LH:14
BRDA:64,0,0,1
BRF:1
BRH:1
end_of_record
TN:
SF:src\language-server\lexer\cross-model-indentation-tokens.ts
FN:57,matchIndentBase
FNF:1
FNH:1
FNDA:1796,matchIndentBase
DA:6,8
DA:7,8
DA:8,8
DA:9,8
DA:11,8
DA:18,8
DA:26,8
DA:32,8
DA:39,8
DA:58,1796
DA:59,1796
DA:60,1796
DA:61,1796
DA:62,1796
DA:65,1796
DA:66,1796
DA:70,1796
DA:75,1796
DA:76,598
DA:77,598
DA:79,598
DA:80,598
DA:81,598
DA:84,598
DA:85,320
DA:88,320
DA:89,320
DA:90,320
DA:91,320
DA:92,70
DA:97,278
DA:101,598
DA:102,56
DA:103,56
DA:106,542
DA:107,12
DA:110,12
DA:111,0
DA:114,12
DA:121,12
DA:122,12
DA:123,2
DA:124,2
DA:128,12
DA:129,10
DA:131,12
DA:134,530
DA:138,1198
LF:48
LH:47
BRDA:61,0,0,1796
BRDA:61,0,1,308
BRDA:65,1,0,378
BRDA:65,1,1,1418
BRDA:65,2,0,1796
BRDA:65,2,1,1796
BRDA:66,3,0,0
BRDA:66,3,1,1796
BRDA:70,4,0,1796
BRDA:70,4,1,308
BRDA:70,4,2,1792
BRDA:70,4,3,1488
BRDA:70,4,4,1414
BRDA:70,4,5,1414
BRDA:75,5,0,598
BRDA:75,5,1,1198
BRDA:75,6,0,1796
BRDA:75,6,1,1492
BRDA:84,7,0,320
BRDA:84,7,1,278
BRDA:91,8,0,70
BRDA:101,9,0,56
BRDA:101,9,1,542
BRDA:101,10,0,598
BRDA:101,10,1,112
BRDA:106,11,0,12
BRDA:106,11,1,530
BRDA:106,12,0,542
BRDA:106,12,1,12
BRDA:110,13,0,0
BRDA:121,14,0,10
BRDA:121,14,1,2
BRDA:128,15,0,10
BRF:33
BRH:31
end_of_record
TN:
SF:src\language-server\lexer\cross-model-lexer-error.ts
FN:5,(anonymous_0)
FN:11,(anonymous_1)
FNF:2
FNH:1
FNDA:0,(anonymous_0)
FNDA:1,(anonymous_1)
DA:4,9
DA:6,0
DA:10,9
DA:12,1
LF:4
LH:3
BRF:0
BRH:0
end_of_record
TN:
SF:src\language-server\lexer\cross-model-lexer.ts
FN:21,(anonymous_0)
FN:71,(anonymous_1)
FNF:2
FNH:2
FNDA:22,(anonymous_0)
FNDA:22,(anonymous_1)
DA:5,6
DA:6,6
DA:7,6
DA:8,6
DA:9,6
DA:14,6
DA:22,22
DA:26,22
DA:27,22
DA:29,0
DA:35,0
DA:36,0
DA:44,0
DA:52,0
DA:55,0
DA:60,22
DA:62,22
DA:73,22
DA:74,22
DA:77,22
DA:80,26
DA:81,26
DA:82,26
DA:83,26
DA:84,26
DA:85,26
DA:86,26
DA:87,26
LF:28
LH:22
BRDA:35,0,0,0
BRDA:35,0,1,0
BRDA:80,1,0,26
BRDA:80,1,1,0
BRDA:81,2,0,26
BRDA:81,2,1,0
BRDA:82,3,0,26
BRDA:82,3,1,0
BRDA:83,4,0,26
BRDA:83,4,1,0
BRDA:84,5,0,26
BRDA:84,5,1,0
BRDA:84,6,0,0
BRDA:84,6,1,26
BRDA:84,7,0,26
BRDA:84,7,1,26
BRDA:85,8,0,26
BRDA:85,8,1,0
BRDA:85,9,0,0
BRDA:85,9,1,26
BRDA:85,10,0,26
BRDA:85,10,1,26
BRF:22
BRH:12
end_of_record
TN:
SF:src\language-server\lexer\cross-model-token-generator.ts
FN:26,(anonymous_0)
FN:67,(anonymous_1)
FNF:2
FNH:2
FNDA:10,(anonymous_0)
FNDA:66,(anonymous_1)
DA:5,7
DA:8,7
DA:14,7
DA:27,10
DA:29,10
DA:30,10
DA:31,10
DA:32,10
DA:33,10
DA:35,10
DA:36,286
DA:37,9
DA:38,277
DA:39,9
DA:40,268
DA:41,9
DA:42,259
DA:43,9
DA:45,250
DA:49,10
DA:50,1
DA:53,9
DA:54,9
DA:56,9
DA:70,66
DA:71,9
DA:72,57
DA:73,9
DA:74,48
DA:75,9
DA:76,39
DA:77,9
DA:79,30
DA:82,66
LF:34
LH:34
BRDA:36,0,0,9
BRDA:36,0,1,277
BRDA:38,1,0,9
BRDA:38,1,1,268
BRDA:40,2,0,9
BRDA:40,2,1,259
BRDA:42,3,0,9
BRDA:42,3,1,250
BRDA:49,4,0,1
BRDA:49,5,0,10
BRDA:49,5,1,9
BRDA:49,5,2,9
BRDA:49,5,3,9
BRDA:70,6,0,9
BRDA:70,6,1,57
BRDA:72,7,0,9
BRDA:72,7,1,48
BRDA:74,8,0,9
BRDA:74,8,1,39
BRDA:76,9,0,9
BRDA:76,9,1,30
BRF:21
BRH:21
end_of_record
TN:
SF:src\language-server\util\name-util.ts
FN:7,findAvailableNodeName
FN:10,(anonymous_1)
FNF:2
FNH:2
FNDA:4,findAvailableNodeName
FNDA:17,(anonymous_1)
DA:7,1
DA:8,4
DA:9,4
DA:10,17
DA:11,6
DA:13,4
LF:6
LH:6
BRF:0
BRH:0
end_of_record
TN:
SF:src\language-server\util\uri-util.ts
FN:10,(anonymous_6)
FN:16,isChildOf
FN:29,matchSameFolder
FN:35,(anonymous_9)
FN:45,findNewUri
FN:67,exists
FN:77,toRealURI
FN:87,toRealURIorUndefined
FN:101,isDirectory
FN:115,isFile
FN:126,flatten
FN:130,(anonymous_17)
FN:139,readFile
FNF:13
FNH:1
FNDA:6,(anonymous_6)
FNDA:0,isChildOf
FNDA:0,matchSameFolder
FNDA:0,(anonymous_9)
FNDA:0,findNewUri
FNDA:0,exists
FNDA:0,toRealURI
FNDA:0,toRealURIorUndefined
FNDA:0,isDirectory
FNDA:0,isFile
FNDA:0,flatten
FNDA:0,(anonymous_17)
FNDA:0,readFile
DA:4,6
DA:5,6
DA:6,6
DA:8,6
DA:10,6
DA:16,6
DA:17,0
DA:18,0
DA:29,6
DA:30,0
DA:31,0
DA:33,0
DA:34,0
DA:35,0
DA:45,6
DA:46,0
DA:47,0
DA:49,0
DA:50,0
DA:51,0
DA:52,0
DA:53,0
DA:54,0
DA:55,0
DA:56,0
DA:58,0
DA:67,6
DA:68,0
DA:77,6
DA:78,0
DA:87,6
DA:88,0
DA:89,0
DA:91,0
DA:101,6
DA:102,0
DA:103,0
DA:105,0
DA:115,6
DA:116,0
DA:126,6
DA:127,0
DA:128,0
DA:130,0
DA:139,6
DA:140,0
LF:46
LH:15
BRDA:8,0,0,6
BRDA:8,0,1,0
BRDA:18,1,0,0
BRDA:18,1,1,0
BRDA:18,1,2,0
BRDA:30,2,0,0
BRDA:35,3,0,0
BRDA:35,3,1,0
BRDA:35,4,0,0
BRDA:35,4,1,0
BRDA:35,5,0,0
BRDA:35,5,1,0
BRDA:35,6,0,0
BRDA:35,6,1,0
BRDA:46,7,0,0
BRDA:127,8,0,0
BRDA:130,9,0,0
BRDA:130,9,1,0
BRDA:10,10,0,6
BRDA:10,10,1,6
BRF:20
BRH:3
end_of_record
TN:
SF:src\model-server\model-service.ts
FN:17,(anonymous_0)
FN:24,(anonymous_1)
FN:54,(anonymous_2)
FN:58,(anonymous_3)
FN:67,(anonymous_4)
FN:86,(anonymous_5)
FN:102,(anonymous_6)
FN:118,(anonymous_7)
FN:122,(anonymous_8)
FN:132,(anonymous_9)
FN:148,(anonymous_10)
FNF:11
FNH:0
FNDA:0,(anonymous_0)
FNDA:0,(anonymous_1)
FNDA:0,(anonymous_2)
FNDA:0,(anonymous_3)
FNDA:0,(anonymous_4)
FNDA:0,(anonymous_5)
FNDA:0,(anonymous_6)
FNDA:0,(anonymous_7)
FNDA:0,(anonymous_8)
FNDA:0,(anonymous_9)
FNDA:0,(anonymous_10)
DA:6,6
DA:7,6
DA:8,6
DA:10,6
DA:16,6
DA:18,0
DA:19,0
DA:20,0
DA:21,0
DA:24,0
DA:25,0
DA:26,0
DA:27,0
DA:28,0
DA:30,0
DA:31,0
DA:34,0
DA:55,0
DA:59,0
DA:68,0
DA:87,0
DA:88,0
DA:89,0
DA:90,0
DA:103,0
DA:104,0
DA:105,0
DA:106,0
DA:107,0
DA:109,0
DA:110,0
DA:111,0
DA:112,0
DA:114,0
DA:115,0
DA:119,0
DA:123,0
DA:134,0
DA:135,0
DA:138,0
DA:139,0
DA:149,0
DA:150,0
LF:43
LH:5
BRDA:19,0,0,0
BRDA:20,1,0,0
BRDA:21,2,0,0
BRDA:27,3,0,0
BRDA:31,4,0,0
BRDA:34,5,0,0
BRDA:34,5,1,0
BRDA:34,6,0,0
BRDA:34,6,1,0
BRDA:89,7,0,0
BRDA:89,7,1,0
BRDA:89,8,0,0
BRDA:89,8,1,0
BRDA:90,9,0,0
BRDA:90,9,1,0
BRDA:106,10,0,0
BRDA:110,11,0,0
BRDA:110,11,1,0
BRDA:111,12,0,0
BRDA:134,13,0,0
BRDA:138,14,0,0
BRDA:138,14,1,0
BRF:22
BRH:0
end_of_record
TN:
SF:src\model-server\open-text-document-manager.ts
FN:35,(anonymous_6)
FN:41,(anonymous_7)
FN:44,(anonymous_8)
FN:55,(anonymous_9)
FN:56,(anonymous_10)
FN:70,(anonymous_11)
FN:71,(anonymous_12)
FN:72,(anonymous_13)
FN:84,(anonymous_14)
FN:91,(anonymous_15)
FN:92,(anonymous_16)
FN:96,(anonymous_17)
FN:104,(anonymous_18)
FN:108,(anonymous_19)
FN:121,(anonymous_20)
FN:127,(anonymous_21)
FN:131,(anonymous_22)
FN:135,(anonymous_23)
FN:139,(anonymous_24)
FN:148,(anonymous_25)
FNF:20
FNH:0
FNDA:0,(anonymous_6)
FNDA:0,(anonymous_7)
FNDA:0,(anonymous_8)
FNDA:0,(anonymous_9)
FNDA:0,(anonymous_10)
FNDA:0,(anonymous_11)
FNDA:0,(anonymous_12)
FNDA:0,(anonymous_13)
FNDA:0,(anonymous_14)
FNDA:0,(anonymous_15)
FNDA:0,(anonymous_16)
FNDA:0,(anonymous_17)
FNDA:0,(anonymous_18)
FNDA:0,(anonymous_19)
FNDA:0,(anonymous_20)
FNDA:0,(anonymous_21)
FNDA:0,(anonymous_22)
FNDA:0,(anonymous_23)
FNDA:0,(anonymous_24)
FNDA:0,(anonymous_25)
DA:6,6
DA:7,6
DA:17,6
DA:19,6
DA:20,6
DA:29,6
DA:36,0
DA:37,0
DA:38,0
DA:39,0
DA:41,0
DA:42,0
DA:44,0
DA:56,0
DA:57,0
DA:60,0
DA:61,0
DA:62,0
DA:63,0
DA:66,0
DA:71,0
DA:72,0
DA:73,0
DA:74,0
DA:75,0
DA:85,0
DA:86,0
DA:87,0
DA:89,0
DA:91,0
DA:92,0
DA:98,0
DA:101,0
DA:105,0
DA:109,0
DA:110,0
DA:112,0
DA:122,0
DA:123,0
DA:124,0
DA:128,0
DA:132,0
DA:136,0
DA:143,0
DA:144,0
DA:145,0
DA:149,0
LF:47
LH:6
BRDA:60,0,0,0
BRDA:60,1,0,0
BRDA:60,1,1,0
BRDA:60,1,2,0
BRDA:73,2,0,0
BRDA:86,3,0,0
BRDA:90,4,0,0
BRDA:90,4,1,0
BRDA:98,5,0,0
BRDA:98,5,1,0
BRDA:109,6,0,0
BRDA:128,7,0,0
BRDA:128,7,1,0
BRDA:141,8,0,0
BRF:14
BRH:0
end_of_record
TN:
SF:src\model-server\openable-text-documents.ts
FN:43,(anonymous_0)
FN:47,(anonymous_1)
FN:51,(anonymous_2)
FN:55,(anonymous_3)
FN:59,(anonymous_4)
FN:63,(anonymous_5)
FN:67,(anonymous_6)
FN:71,(anonymous_7)
FN:75,(anonymous_8)
FN:79,(anonymous_9)
FN:83,(anonymous_10)
FN:87,(anonymous_11)
FN:91,(anonymous_12)
FN:95,(anonymous_13)
FN:100,(anonymous_14)
FN:105,(anonymous_15)
FN:110,(anonymous_16)
FN:115,(anonymous_17)
FN:120,(anonymous_18)
FN:124,(anonymous_19)
FN:125,(anonymous_20)
FN:129,(anonymous_21)
FN:158,(anonymous_22)
FN:177,(anonymous_23)
FN:184,(anonymous_24)
FN:196,(anonymous_25)
FN:204,(anonymous_26)
FN:230,(anonymous_27)
FN:234,(anonymous_28)
FN:238,(anonymous_29)
FN:242,(anonymous_30)
FN:246,(anonymous_31)
FNF:32
FNH:1
FNDA:5,(anonymous_0)
FNDA:0,(anonymous_1)
FNDA:0,(anonymous_2)
FNDA:0,(anonymous_3)
FNDA:0,(anonymous_4)
FNDA:0,(anonymous_5)
FNDA:0,(anonymous_6)
FNDA:0,(anonymous_7)
FNDA:0,(anonymous_8)
FNDA:0,(anonymous_9)
FNDA:0,(anonymous_10)
FNDA:0,(anonymous_11)
FNDA:0,(anonymous_12)
FNDA:0,(anonymous_13)
FNDA:0,(anonymous_14)
FNDA:0,(anonymous_15)
FNDA:0,(anonymous_16)
FNDA:0,(anonymous_17)
FNDA:0,(anonymous_18)
FNDA:0,(anonymous_19)
FNDA:0,(anonymous_20)
FNDA:0,(anonymous_21)
FNDA:0,(anonymous_22)
FNDA:0,(anonymous_23)
FNDA:0,(anonymous_24)
FNDA:0,(anonymous_25)
FNDA:0,(anonymous_26)
FNDA:0,(anonymous_27)
FNDA:0,(anonymous_28)
FNDA:0,(anonymous_29)
FNDA:0,(anonymous_30)
FNDA:0,(anonymous_31)
DA:6,6
DA:7,6
DA:27,6
DA:30,6
DA:39,6
DA:40,5
DA:41,5
DA:43,5
DA:44,5
DA:48,0
DA:52,0
DA:56,0
DA:60,0
DA:64,0
DA:68,0
DA:72,0
DA:76,0
DA:80,0
DA:84,0
DA:88,0
DA:92,0
DA:93,0
DA:94,0
DA:96,0
DA:99,0
DA:101,0
DA:104,0
DA:106,0
DA:109,0
DA:111,0
DA:114,0
DA:116,0
DA:119,0
DA:121,0
DA:124,0
DA:125,0
DA:130,0
DA:131,0
DA:132,0
DA:133,0
DA:136,0
DA:138,0
DA:139,0
DA:142,0
DA:143,0
DA:144,0
DA:145,0
DA:146,0
DA:148,0
DA:149,0
DA:150,0
DA:151,0
DA:152,0
DA:153,0
DA:154,0
DA:159,0
DA:160,0
DA:162,0
DA:163,0
DA:164,0
DA:165,0
DA:166,0
DA:168,0
DA:170,0
DA:171,0
DA:172,0
DA:178,0
DA:179,0
DA:180,0
DA:188,0
DA:189,0
DA:190,0
DA:192,0
DA:197,0
DA:198,0
DA:199,0
DA:200,0
DA:205,0
DA:206,0
DA:208,0
DA:209,0
DA:210,0
DA:211,0
DA:212,0
DA:213,0
DA:215,0
DA:216,0
DA:217,0
DA:218,0
DA:219,0
DA:220,0
DA:221,0
DA:224,0
DA:225,0
DA:226,0
DA:231,0
DA:235,0
DA:239,0
DA:243,0
DA:247,0
DA:248,0
LF:101
LH:9
BRDA:129,0,0,0
BRDA:132,1,0,0
BRDA:138,2,0,0
BRDA:138,3,0,0
BRDA:138,3,1,0
BRDA:143,4,0,0
BRDA:144,5,0,0
BRDA:150,6,0,0
BRDA:150,6,1,0
BRDA:158,7,0,0
BRDA:159,8,0,0
BRDA:162,9,0,0
BRDA:162,9,1,0
BRDA:162,10,0,0
BRDA:162,10,1,0
BRDA:164,11,0,0
BRDA:168,12,0,0
BRDA:168,13,0,0
BRDA:168,13,1,0
BRDA:168,14,0,0
BRDA:168,14,1,0
BRDA:179,15,0,0
BRDA:189,16,0,0
BRDA:189,16,1,0
BRDA:189,17,0,0
BRDA:189,17,1,0
BRDA:196,18,0,0
BRDA:198,19,0,0
BRDA:204,20,0,0
BRDA:205,21,0,0
BRDA:210,22,0,0
BRDA:210,22,1,0
BRDA:213,23,0,0
BRDA:213,23,1,0
BRDA:231,24,0,0
BRDA:231,24,1,0
BRDA:231,25,0,0
BRDA:231,25,1,0
BRDA:239,26,0,0
BRDA:239,26,1,0
BRDA:239,27,0,0
BRDA:239,27,1,0
BRF:42
BRH:0
end_of_record
TN:
SF:test\language-server\test-utils\utils.ts
FN:7,parseDocument
FN:15,parseHelper
FN:18,(anonymous_2)
FNF:3
FNH:3
FNDA:16,parseDocument
FNDA:16,parseHelper
FNDA:16,(anonymous_2)
DA:5,4
DA:7,4
DA:8,16
DA:9,16
DA:10,0
DA:12,16
DA:15,4
DA:16,16
DA:17,16
DA:18,16
DA:19,16
DA:20,16
DA:21,16
DA:22,16
DA:23,16
DA:24,16
LF:16
LH:15
BRDA:9,0,0,0
BRF:1
BRH:0
end_of_record
TN:
SF:test\language-server\test-utils\test-documents\diagram\diagram1.ts
FNF:0
FNH:0
DA:4,1
LF:1
LH:1
BRF:0
BRH:0
end_of_record
TN:
SF:test\language-server\test-utils\test-documents\diagram\diagram2.ts
FNF:0
FNH:0
DA:4,1
LF:1
LH:1
BRF:0
BRH:0
end_of_record
TN:
SF:test\language-server\test-utils\test-documents\diagram\diagram3.ts
FNF:0
FNH:0
DA:4,1
LF:1
LH:1
BRF:0
BRH:0
end_of_record
TN:
SF:test\language-server\test-utils\test-documents\diagram\diagram4.ts
FNF:0
FNH:0
DA:4,1
LF:1
LH:1
BRF:0
BRH:0
end_of_record
TN:
SF:test\language-server\test-utils\test-documents\diagram\diagram5.ts
FNF:0
FNH:0
DA:4,1
LF:1
LH:1
BRF:0
BRH:0
end_of_record
TN:
SF:test\language-server\test-utils\test-documents\diagram\diagram6.ts
FNF:0
FNH:0
DA:4,1
LF:1
LH:1
BRF:0
BRH:0
end_of_record
TN:
SF:test\language-server\test-utils\test-documents\diagram\index.ts
FNF:0
FNH:0
DA:4,1
DA:5,1
DA:6,1
DA:7,1
DA:8,1
DA:9,1
LF:6
LH:6
BRF:0
BRH:0
end_of_record
TN:
SF:test\language-server\test-utils\test-documents\entity\entity1.ts
FNF:0
FNH:0
DA:4,1
LF:1
LH:1
BRF:0
BRH:0
end_of_record
TN:
SF:test\language-server\test-utils\test-documents\entity\entity2.ts
FNF:0
FNH:0
DA:4,1
LF:1
LH:1
BRF:0
BRH:0
end_of_record
TN:
SF:test\language-server\test-utils\test-documents\entity\entity3.ts
FNF:0
FNH:0
DA:4,1
LF:1
LH:1
BRF:0
BRH:0
end_of_record
TN:
SF:test\language-server\test-utils\test-documents\entity\entity4.ts
FNF:0
FNH:0
DA:4,1
LF:1
LH:1
BRF:0
BRH:0
end_of_record
TN:
SF:test\language-server\test-utils\test-documents\entity\index.ts
FNF:0
FNH:0
DA:4,1
DA:5,1
DA:6,1
DA:7,1
LF:4
LH:4
BRF:0
BRH:0
end_of_record
TN:
SF:test\language-server\test-utils\test-documents\relationship\index.ts
FNF:0
FNH:0
DA:4,1
DA:5,1
LF:2
LH:2
BRF:0
BRH:0
end_of_record
TN:
SF:test\language-server\test-utils\test-documents\relationship\relationship1.ts
FNF:0
FNH:0
DA:4,1
LF:1
LH:1
BRF:0
BRH:0
end_of_record
TN:
SF:test\language-server\test-utils\test-documents\relationship\relationship2.ts
FNF:0
FNH:0
DA:4,1
LF:1
LH:1
BRF:0
BRH:0
end_of_record
